8c50334 2026-04-17 16:56:12 +0200 Alejandro ARCHIVO DEMO ACTUALIZADO
92ab24c 2026-04-17 16:54:46 +0200 Alejandro AÑADIDA CARPETA DATA Y FICHERO SEQUENCE.xml
f0495da 2026-04-17 16:39:33 +0200 Alejandro OTRA ACTUALIZACION  A ORDER.PY
d0e86bb 2026-04-17 16:32:11 +0200 Alejandro ORDER.PY ACTUALIZADO
2faf1d9 2026-04-17 16:26:36 +0200 Alejandro LIMPIEZA DE FICHEROS INCOMPLETOS
e932ef4 2026-04-17 16:25:13 +0200 Alejandro MANIFEST ACTUALIZADO
2270e37 2026-04-17 16:23:23 +0200 Alejandro AÑADIDA VISTA MENU
585d93b 2026-04-17 16:20:13 +0200 Alejandro LIMPIEZA DE FICHEROS Y ACTUALIZACION DE MANIFEST
e1c6b2b 2026-04-17 15:25:31 +0200 Alejandro PERMISOS ACTUALIZADOS
7710b74 2026-04-17 14:32:48 +0200 Alejandro DEVELOP - VARIAS VISTAS ACTUALIZADAS
13fc948 2026-04-17 14:01:56 +0200 Alejandro VISTAS INDIVIDUALIZADAS
4956d62 2026-04-17 13:33:21 +0200 Alejandro MAS PERMISOS AGREGADOS
75e7847 2026-04-17 13:30:52 +0200 Alejandro PERMISOS AGREGADOS
0b218ae 2026-04-16 02:50:18 +0200 Alejandro LIMPIEZA DE CODIGO COMENTADO
c153d27 2026-04-16 02:01:36 +0200 Alejandro MAS COMENTARIOS ELIMINADOS
c7e86f5 2026-04-16 01:57:34 +0200 Alejandro RESTAURACION DE MODULO - COMENTARIOS ELIMINADOS
4695885 2026-04-16 01:40:01 +0200 Alejandro CORRECCIONES VARIAS APLICADAS
d67282a 2026-04-16 01:29:03 +0200 Alejandro CLASES CORREGIDAD
43ffb6f 2026-04-13 04:18:29 +0200 Alejandro MODULO FINALIZADO
1f0f83d 2026-04-13 04:05:51 +0200 Alejandro MODULO FINALIZADO
c173567 2026-04-13 04:00:06 +0200 Alejandro CORRECCION PEDIDOS 3
68f19e1 2026-04-13 03:57:17 +0200 Alejandro CORRECCION PEDIDOS 2
ef4a422 2026-04-13 03:51:58 +0200 Alejandro CORRECCION PEDIDOS
f7dc528 2026-04-13 03:30:14 +0200 Alejandro CORRECCION BUSQUEDA DE MODULO
5fffd63 2026-04-13 03:28:43 +0200 Alejandro CORRECCION DE ERRORES 2
12ee572 2026-04-13 03:27:03 +0200 Alejandro CORECCION DE ERRORES 1
ea32b09 2026-04-13 03:23:38 +0200 Alejandro PREPARANDO EL MODULO
54ce712 2026-04-13 03:20:55 +0200 Alejandro MONTADO EL MODULO FINAL PARA TERMINAR
da3466e 2026-04-13 02:59:51 +0200 Alejandro Actualizaciones en ACJ Comida - mejoras y fixes
6380a59 2026-03-11 11:04:17 +0100 javnitram Initial commit
