fce6348 2026-01-26 11:51:04 +0100 Alejandro PANADERIA - Varios ajustes actualizados (hecho en casa)
0a83a3b 2026-01-26 11:45:18 +0100 Alejandro PANADERIA - manifest editado
36ebe53 2026-01-26 10:03:44 +0100 Alejandro Cabrera PANADERIA - Estructura ACTUALIZADA
2cd8088 2026-01-26 09:28:36 +0100 Alejandro Cabrera PANADERIA - vista acciones pulida
6b75422 2026-01-26 09:24:31 +0100 Alejandro Cabrera PANADERIA - Modelos actualizados
81893d6 2026-01-26 09:03:52 +0100 Alejandro Cabrera PANADERIA - pulimiento de vistas hecho
a5f905a 2026-01-26 09:00:35 +0100 Alejandro Cabrera PANADERIA - Vista menu actualizada
c75798e 2026-01-26 08:57:27 +0100 Alejandro Cabrera PANADERIA - Vista acciones actualizada
d066d25 2026-01-26 08:55:32 +0100 Alejandro Cabrera PANADERIA - Vista proveedores actualizada
6129068 2026-01-26 08:51:47 +0100 Alejandro Cabrera PANADERIA - Vista productos actualizada
e109b4b 2026-01-26 08:49:52 +0100 Alejandro Cabrera PANADERIA - Vista pedidos actualizada
d8c3799 2026-01-26 08:48:31 +0100 Alejandro Cabrera PANADERIA - Vista inventario_ingredientes actualizado
9e99c41 2026-01-26 08:47:10 +0100 Alejandro Cabrera PANADERIA - Vista Detalle_Pedido actualizada
da9b937 2026-01-26 08:45:05 +0100 Alejandro Cabrera PANADERIA - Vista Clientes actualizado
5f3e18d 2026-01-20 13:07:06 +0100 Alejandro Cabrera PANADERIA - ajuste de manifest
64c5d3e 2026-01-20 12:27:13 +0100 Alejandro Cabrera PANADERIA - pulido del manifest
454cb40 2026-01-20 11:44:22 +0100 Alejandro Cabrera PANADERIA - informe website (manifest)
0c4e6ff 2026-01-19 13:44:59 +0100 Alejandro Cabrera PANADERIA - intento de agregar menus
8411b4e 2026-01-19 13:21:32 +0100 Alejandro Cabrera PANADERIA - manifest actualizado
ef4c308 2026-01-19 13:16:31 +0100 Alejandro Cabrera PANADERIA - vista menu añadida (manifest)
8abc13e 2026-01-19 13:10:34 +0100 Alejandro Cabrera PANADERIA - actualizacion en acciones y menus
4c0fbbd 2026-01-19 13:04:09 +0100 Alejandro Cabrera PANADERIA - actualizacion menus
b5e98ab 2026-01-19 13:00:46 +0100 Alejandro Cabrera PANADERIA - acciones creadas
a4653e9 2026-01-19 12:50:18 +0100 Alejandro Cabrera PANADERIA - menus creados
6a078dd 2026-01-19 12:41:28 +0100 Alejandro Cabrera PANADERIA - actualizacion modelo productos
afaecf9 2026-01-19 12:23:59 +0100 Alejandro Cabrera PANADERIA - testeo pagina web
06a63ad 2026-01-19 12:23:01 +0100 Alejandro Cabrera PANADERIA - ya se puede activar el modulo
f098181 2026-01-19 12:17:06 +0100 Alejandro Cabrera PANADERIA - Intento de correcion vista clientes
705ab96 2026-01-19 12:15:04 +0100 Alejandro Cabrera PANADERIA - actualizacion vista clientes
2d1d9d8 2026-01-19 12:09:05 +0100 Alejandro Cabrera PANADERIA - ACTUALIZACION
182020a 2026-01-19 12:04:19 +0100 Alejandro Cabrera PANADERIA - actualizacion modelos (_name)
4cd8651 2026-01-19 12:01:17 +0100 Alejandro Cabrera PANADERIA - actualizacion manifest (vistas)
2ea03f2 2026-01-19 11:59:19 +0100 Alejandro Cabrera PANADERIA - actualizacion 3 permisos
6d5a32e 2026-01-19 11:56:31 +0100 Alejandro Cabrera PANADERIA - permisos actualizados
072d7cd 2026-01-19 11:51:01 +0100 Alejandro Cabrera PANADERIA - actualizacion 2 __init__.py
c59e3ab 2026-01-19 11:49:47 +0100 Alejandro Cabrera PANADERIA - actualizacion imports __init__.py
0a5f0a1 2026-01-19 11:47:03 +0100 Alejandro Cabrera PANADERIA - actualizacion vistas
3414f55 2026-01-19 11:08:55 +0100 Alejandro Cabrera PANADERIA - vista inventario_ingredientes creado
f625a42 2026-01-19 11:06:07 +0100 Alejandro Cabrera PANADERIA - vista proveedores creado
98b1d33 2026-01-19 11:03:09 +0100 Alejandro Cabrera PANADERIA - vista detalle_pedido creado
02b4010 2026-01-19 11:00:44 +0100 Alejandro Cabrera PANADERIA - vista pedidos creado
71d1f98 2026-01-19 10:57:56 +0100 Alejandro Cabrera PANADERIA - vista clientes creado
e6bd2fc 2026-01-19 10:50:54 +0100 Alejandro Cabrera PANADERIA - actualizacion de modelo productos y creacion de la vista productos
a667c27 2026-01-19 10:40:36 +0100 Alejandro Cabrera INTENTOS INSTALACION MODULO
066543e 2026-01-19 10:39:01 +0100 Alejandro Cabrera PANADERIA - modelo inventario_ingredientes creado
5bd46bf 2026-01-19 10:34:05 +0100 Alejandro Cabrera PANADERIA - modelo detalle_pedido creado
3199c76 2026-01-19 10:29:20 +0100 Alejandro Cabrera PANADERIA - modelo pedidos creado
8868e8e 2026-01-19 10:19:32 +0100 Alejandro Cabrera PANADERIA - modelo proveedores creado
3ba5b59 2026-01-19 10:13:58 +0100 Alejandro Cabrera PANADERIA - modelo clientes creado
9006003 2026-01-19 10:09:20 +0100 Alejandro Cabrera PANADERIA - Creacion del modelo productos
44b63aa 2026-01-19 09:39:08 +0100 Alejandro Cabrera PANADERIA - Estructura CREADA
350b4dd 2026-01-19 09:02:32 +0100 Alejandro Cabrera cambio libro
e8f563a 2025-12-09 13:05:43 +0100 Alejandro Cabrera MANIFEST DE VISTAS CONFIGURADO
c4fc7c9 2025-12-09 12:58:01 +0100 Alejandro Cabrera INTENTO 2 CORRECCION VISTAS
a892526 2025-12-09 12:52:43 +0100 Alejandro Cabrera PRUEBA SOLUCION VISTAS
076dd40 2025-12-09 12:44:47 +0100 Alejandro Cabrera Vista libro.xml CORREGIDO
cbc7067 2025-12-09 12:39:42 +0100 Alejandro Cabrera Vistas libro.xml y categoria.xml TERMINADOS
5a6774c 2025-12-09 12:31:13 +0100 Alejandro Cabrera Vista libro.xml creado y configurado
d4d8e8f 2025-12-09 12:16:52 +0100 Alejandro Cabrera Perdon, los modelos son categoria y libro. INIT CONFIGURADO
ffce559 2025-12-09 12:02:10 +0100 Alejandro Cabrera modelo default eliminado, mantengo los modelos biblioteca y libros
129f17f 2025-12-02 13:11:15 +0100 Alejandro Cabrera archivos manifest y clases libro y categoria creados
0be4d67 2025-12-02 12:52:04 +0100 Alejandro Cabrera creacion inicial del modulo libreria
3c9e87a 2025-12-02 12:26:36 +0100 Alejandro Cabrera Prueba1
