b8c1382 2026-01-26 22:58:23 +0100 adri016iron Add advance security and constrainst
e2b1a02 2026-01-24 17:08:23 +0100 adri016iron Add Graph and simple search views in the module
b48f1dd 2026-01-22 22:39:32 +0100 adri016iron Correct the views
91c41d6 2026-01-22 12:08:38 +0100 adri016iron Correct the init.py
14cdaa8 2026-01-21 19:25:53 +0100 adri016iron Delete controllers, templates and correct views of clientes and ordenes
a46eac1 2026-01-20 12:56:15 +0100 Adrian Poyatos Insert more data in demo.xml
d4efe05 2026-01-20 12:29:46 +0100 Adrian Poyatos Add traductions in the module
e900e5f 2026-01-20 11:40:35 +0100 Adrian Poyatos Add the kambas views in vehiculo and ordenes
e9c9deb 2026-01-20 10:22:00 +0100 Adrian Poyatos Patches in the odoo.conf
267e73d 2026-01-19 22:41:34 +0100 adri016iron Patches in the odoo.conf
8192f65 2026-01-19 18:07:09 +0100 adri016iron Patches in the xml and the manifest
078546e 2026-01-19 13:14:41 +0100 Adrian Poyatos Insert demo data
9c2acc0 2026-01-19 10:27:05 +0100 Adrian Poyatos Create the menus and the icon of the module
2adaa9f 2026-01-18 21:36:07 +0100 adri016iron Patches in the module to correct errors in the tests and test the module in Odoo
ce97239 2026-01-18 15:57:02 +0100 adri016iron Modify the views errors and errors of the models
02f22e8 2026-01-14 14:02:33 +0100 Adrian Poyatos Modify the relations of the models
d411d6e 2026-01-13 13:16:45 +0100 Adrian Poyatos Readme of the proyect
9008d52 2026-01-13 13:02:51 +0100 Adrian Poyatos Create the views of the models
a045480 2026-01-13 12:16:43 +0100 Adrian Poyatos Rename the proyect and rename the _name of the modules
637d51b 2025-12-17 13:19:26 +0100 Adrian Poyatos Add lineas_trabajo model and update the one2many relationship
bb1846d 2025-12-17 10:07:02 +0100 Adrian Poyatos Modify ordenes model and init.py
171ff3c 2025-12-17 09:40:45 +0100 Adrian Poyatos ================== MODULO TALLER A PARTIR DE ESTE COMMIT =================
8bc69e5 2025-12-15 11:09:24 +0100 Adrian Poyatos Modificacion de las vistas de libreria
3672ef6 2025-12-09 12:50:27 +0100 Adrian Poyatos Creacion de las vistas tree y form
cc34e97 2025-12-09 11:48:10 +0100 Adrian Poyatos Creacion de modulos de libreria
02fc51d 2025-12-02 12:52:41 +0100 Adrian Poyatos Creación del modulo libreria
c62f549 2025-12-02 12:28:19 +0100 Adrian Poyatos Commit inicial, password de usuario administrador.
