b54f098 2026-02-05 20:13:15 +0100 jorgejsa1806 icon.png anadido al modulo
7e80c22 2026-02-04 19:46:46 +0100 jorgejsa1806 Incorporación de acción de ventana para el modelo tipo de sala en tipo_sala_views.xml motivo del fallo del test 6
2a516ac 2026-02-03 20:20:07 +0100 jorgejsa1806 Elimino controllers.py pues no esta en uso
fab603d 2026-02-03 20:19:16 +0100 jorgejsa1806 Elimino codigo XML comentado de templates.xml, el archivo views.xml y elimino controllers.py pues no esta en uso
5636095 2026-02-03 19:37:11 +0100 jorgejsa1806 Cambio de nombres en demo.xml debido al anterior cambio de nombres en views para solucionar fallos
3376c7f 2026-02-03 19:15:20 +0100 jorgejsa1806 Cambio fallo test numero 6 añadida accion de ventana a equipamiento_views
b72a946 2026-02-02 19:23:12 +0100 jorgejsa1806 8070 a 8069 y 5433 a 5432
6bb920f 2026-02-02 19:19:24 +0100 jorgejsa1806 cambios al puerto original debido al fallo de los test de no detectar puertos diferentes a los estipulados
38ead2e 2026-02-01 14:18:26 +0100 jorgejsa1806 cambios requeridos por las últimas correciones en initi y manifest
b0c96b2 2026-02-01 14:16:12 +0100 jorgejsa1806 corrección cambios de nombres de models en los grupos de seguridad
a7c7d13 2026-02-01 14:15:41 +0100 jorgejsa1806 corrección cambios de nombres de models en las views
b26d652 2026-02-01 13:51:29 +0100 jorgejsa1806 cambios en models debido a fallo en los nombres de '_name'
e4c02d5 2026-01-28 20:17:34 +0100 jorgejsa1806 Solución error en Odoo debido a las vistas
9f83690 2026-01-27 19:20:25 +0100 jorgejsa1806 Solución error grupos de seguridad
1df2f94 2026-01-27 19:05:32 +0100 jorgejsa1806 Menu, datos de demo y solución de fallos en models
8e8f869 2026-01-25 20:45:20 +0100 jorgejsa1806 Seguridad básica del módulo
635eb21 2026-01-25 20:39:33 +0100 jorgejsa1806 Vistas tree y form de todos los modelos
85fada0 2026-01-25 20:33:10 +0100 jorgejsa1806 Añade modelos de salas, reservas, tipos y equipamiento
a9b3151 2026-01-25 20:29:20 +0100 jorgejsa1806 Configura manifest del módulo de reservas
2be877b 2026-01-24 20:50:16 +0100 jorgejsa1806 carpetas
4633bfa 2026-01-24 20:35:47 +0100 jorgejsa1806 prueba
