bdf0317 2026-01-23 21:21:28 +0100 Luis Alberto Creación de informe en mascota para descargar su información en pdf
dbfa835 2026-01-23 20:56:10 +0100 Luis Alberto Creación de archivos po en la carpeta i18n para soportar idiomas español e ingles
7aa5e50 2026-01-23 19:53:18 +0100 Luis Alberto Creación de nuevo modelo de propietarios vip que hereda de propietarios
a7cc517 2026-01-23 18:29:32 +0100 Luis Alberto Creación de herencia de vistas con position after y position attributes en la vista de mascota
c627d90 2026-01-23 18:16:22 +0100 Luis Alberto Modificación de datos demo añadiendo relaciones many2many e imagenes a las mascotas demo
f03db42 2026-01-23 17:43:55 +0100 Luis Alberto Creación de seguridad avanzada con grupos de seguridad personalizados (Veterinario y Coordinador)
d042f1b 2026-01-22 19:39:52 +0100 Luis Alberto Agregadas vistas Calendar, Gantt y Search para las citas
78a1172 2026-01-22 19:21:55 +0100 Luis Alberto Creación de búsqueda en servicios por nombre, categoria y precio y permite filtrar por activo/inactivo, rango de precio y agrupar por categoria o estado
a772240 2026-01-22 19:06:24 +0100 Luis Alberto Añadido el campo preview_image en el field con el name imagen
0efe122 2026-01-22 18:54:45 +0100 Luis Alberto Creación de vista Kanban sencilla agrupada por categoria
74e74b7 2026-01-19 20:36:04 +0100 Luis Alberto Eliminación de código comentado innecesario en archivos controllers.py y templates.py
e89ce2a 2026-01-19 20:24:59 +0100 Luis Alberto Creación de datos de demo básicos
ab95336 2026-01-19 20:10:51 +0100 Luis Alberto Creación del icono del módulo
51ca5c5 2026-01-19 19:27:46 +0100 Luis Alberto Actualización de seguridad para diferenciar usuarios con crud parcial y usuarios con crud completo
952ad14 2026-01-19 18:40:17 +0100 Luis Alberto Creación del campo foto en el modelo de mascota y actualización de la vista con el nuevo campo
69dbc60 2026-01-19 17:38:22 +0100 Luis Alberto Creación de archivos view separados para cada modelo en vez de tener un único archivo view
32711ec 2026-01-19 17:21:28 +0100 Luis Alberto Creación de archivo .gitignore para evitar subir archivos de cache de python y creación de vistas form y tree específicas para cada clase
9df0e26 2026-01-19 17:01:08 +0100 Luis Alberto Creación de modulos
20c79c9 2026-01-19 15:57:17 +0100 Luis Alberto Creación del módulo personalizado con el comando scaffold
7bb6973 2026-01-19 14:39:04 +0100 Luis Alberto Creación de la BBDD
