73fb931 Pavloh Recálculo de dias abiertos + fechas en los datos de demo
f21745b Pavloh Reporte de incidencias (PDF)
5ba0324 Pavloh Datos de demostración (borrado lo  comentado de prueba y agregado datos nuevos)
00ce8ea Pavloh Cancelación y campo de la solución de la incidencia
7ed6ce6 Pavloh Acciones (botones) de gestión de estado para las incidencias
4e5623f Pavloh Campo de referencia y secuencia para incidencias (secuencia automatica)
8d7edbf Pavloh Wizard para asignar tecnicos a incidencias
a1854b3 Pavloh Validacion para el cierre de incidencias sin tecnico asignado
f0c7fe4 Pavloh Seguimiento de antiguedad de incidencias (campo computado)
7a12d49 Pavloh Nombre técnico del módulo corregido
f846a37 Pavloh Vistas reorganizadas en archivos separados por modelo
7ae3081 Pavloh Icono placeholder + descripción
42c7e26 Pavloh pycache restante borrado
b43cf2b Pavloh Controllers borrado
f2b8a39 Pavloh .gitignore y .gitattributes
5e16f6b Pavloh Readme + gitignore
7d59628 Pavloh Nombre técnico del módulo y prefijo de identificadores cambiado a mis siglas (PCR)
33fcdf4 Pavloh Chatter y tracking simple
438f4a0 Pavloh Ordenación por defecto de modelos agregada
599b403 Pavloh Vistas creadas (todos los tipos), menús (con submenus) y seguridad cambiada (quito prueba y agrego las nuevas) + instalación en odoo
d1306ac Pavloh Carpeta de prueba renombrada, modelos de datos agregados y manifest del módulo modificado
eb6406e Pavloh odoo scaffold (estructura base) y permisos de set_permissions.sh ajustados para poderse ejecutar)
894e469 Pavloh Primer commit (configuración de BBDD Odoo)
