506e50f Pavloh Wizards movidos a models y vistas para tests
624cc8a Pavloh Convertido el ServicioIA a modelo y agregadas las vistas, acciones, permisos y demo + ajustados algunos datos para los tests
e3d2389 Pavloh Varios arreglos, evitar autosave de prioridad, algunas validaciones y más datos e imágenes demo
82552f5 Pavloh Notificación por correo al técnico con validaciones y avisos + Ajustes cambiados para uso general
cff26b3 Pavloh Validaciones de campos unicos
aa8a9ad Pavloh Licencia agregada (evita warning)
dc40a94 Pavloh Nombres de modelos y referencias renombradas y corregidas para pasar tests
50e2bca Pavloh Icono nuevo para el módulo (y resolución cambiada)
2ae78e2 Pavloh Grupos de seguridad y reglas de registro
f5da905 Pavloh Sugerencia de IA para incidencias (vistas creadas, permisos actualizados, wizards y servicio ia implementado)
73fb931 Pavloh Recálculo de dias abiertos + fechas en los datos de demo
f21745b Pavloh Reporte de incidencias (PDF)
5ba0324 Pavloh Datos de demostración (borrado lo  comentado de prueba y agregado datos nuevos)
00ce8ea Pavloh Cancelación y campo de la solución de la incidencia
7ed6ce6 Pavloh Acciones (botones) de gestión de estado para las incidencias
4e5623f Pavloh Campo de referencia y secuencia para incidencias (secuencia automatica)
8d7edbf Pavloh Wizard para asignar tecnicos a incidencias
a1854b3 Pavloh Validacion para el cierre de incidencias sin tecnico asignado
f0c7fe4 Pavloh Seguimiento de antiguedad de incidencias (campo computado)
7a12d49 Pavloh Nombre técnico del módulo corregido
f846a37 Pavloh Vistas reorganizadas en archivos separados por modelo
7ae3081 Pavloh Icono placeholder + descripción
42c7e26 Pavloh pycache restante borrado
b43cf2b Pavloh Controllers borrado
f2b8a39 Pavloh .gitignore y .gitattributes
5e16f6b Pavloh Readme + gitignore
7d59628 Pavloh Nombre técnico del módulo y prefijo de identificadores cambiado a mis siglas (PCR)
33fcdf4 Pavloh Chatter y tracking simple
438f4a0 Pavloh Ordenación por defecto de modelos agregada
599b403 Pavloh Vistas creadas (todos los tipos), menús (con submenus) y seguridad cambiada (quito prueba y agrego las nuevas) + instalación en odoo
d1306ac Pavloh Carpeta de prueba renombrada, modelos de datos agregados y manifest del módulo modificado
eb6406e Pavloh odoo scaffold (estructura base) y permisos de set_permissions.sh ajustados para poderse ejecutar)
894e469 Pavloh Primer commit (configuración de BBDD Odoo)
