01fbf49 Ataik7 i18n: add translations for library terms
dc60938 Ataik7 Add accessibility features to books, loans and users. Update demo.xml
05a3be0 Ataik7 Add demo data for library module
41ee507 Ataik7 Fix library user access rights and add UI placeholders
fdc1241 Ataik7 Add loan ticket report and customize PDF layout
18340a7 Ataik7 Fix deprecated views and add automated tests
463500c Ataik7 Full module enhancement - API integration, UI/UX & refactoring
853cac1 Ataik7 remove category description and implement new book counter view
79d4a38 Ataik7 Fix user creation, optimize chatter logs and validation logic
4b84b2b Ataik7 Add comprehensive documentation, UI improvements, error handling, and book.css styling
c030ffa Ataik7 Optimize OpenLibraryService, improve logging & error handling
749efce Ataik7 Change search wizard results from tree to kanban; fix column and order display; limit search results to 10
b1b1220 Ataik7 Add book search wizards, update models, views, helpers, and security
a24eba4 Ataik7 Add CRON jobs and improve views
5855977 Ataik7 Updated __init__.py and fixed openlibrary_service import
1a4f087 Ataik7 Move business logic to helpers, update comments, and fix errors
4b4229e Ataik7 Add validators for book, ISBN, loan and user
05a21cb Ataik7 utils changed to validators. Added isbn_validator
57edf42 Ataik7 Fix user.py
c9684b4 Ataik7 Fix syntax errors in models
6eb3cd6 Ataik7 Add private methods and fix syntax issues in OpenLibraryService
7f13657 Ataik7 Add OpenLibraryService for book search and retrieval by title, author, and ISBN
a5c81d1 Ataik7 Update ir.model.access.csv
ff9175f Ataik7 Removed api_integration
3cf52c1 Ataik7 Updated architecture with services, utils, and demo; init and manifest updated
800f701 Ataik7 Update user Kanban avatar to 90x90px
4269090 Ataik7 Add kanban boards to users, categories, and loans and include category description
c16fd9d Ataik7 Fix pgAdmin port configuration
2330e3f Ataik7 Ignore Odoo archive files in .gitignore
5a36e64 Ataik7 Fixed .gitignore
0eb6605 Ataik7 Moved cron.xml to data directory
ec85871 Ataik7 Add .gitignore
8d134a7 Ataik7 Update comments for models (Book, Loan, User, Category)
f13e253 Ataik7 Fix default value for state field to prevent validation error
9a9fcb6 Ataik7 Add Chatter, event logic, constraints, computed fields, graph view and cron job
48ee1aa Ataik7 Add Kanban view with images and computed state field
cdadbca Ataik7 Fixed demo data and manifest to load sample data
b8ff2a4 Ataik7 Fixed issues in menu.xml
f6c0c1a Ataik7 Fixed spacing errors in ir.model.access. csv
8f03d56 Ataik7 Fixed security_groups.xml location by moving it to security folder
6731dae Ataik7 Added custom icon for the library module
1937cce Ataik7 Added security groups and updated access permissions
39d29de Ataik7 Added menu structure, wizard views, and separated initial and demo data
83bf392 Ataik7 Added test data, loan report, and security permissions configuration
115369f Ataik7 Update comments in docker-compose.yml
899f6d7 Ataik7 Add views for Books, Loans, Users, Categories, and API Integration
b71a636 Ataik7 Add support for the 'requests' library in Dockerfile
66fa102 Ataik7 Add initial models and register them
2c2dc4f Ataik7 Register models and wizards
d63538c Ataik7 Update manifest dependencies
1653381 Ataik7 feat(models): clases añadidas Autor, Libro, Estudiante y Prestamo con relaciones y lógica
8be3d3b Ataik7 chore: Añadido .gitkeep para que se vea la estructura completa del módulo
548b198 Ataik7 chore: Creación de la estructura inicial del módulo png_biblioteca
