3de5f56 Roberto Cichón refactor: deleted 'ticket_wizard_line' from 'ticket_wizard' model
422de85 Roberto Cichón refactor: separated 'ticket_wizard' and 'ticket_wizard_line'
8758f74 Roberto Cichón fix: moved wizard model and view from 'wizards' to 'models' and 'views' folders
051d7aa Roberto Cichón fix: added new i18n reference for tickets
f9c2842 Roberto Cichón fix: added dummy action in ticket wizard for test compliance
de2270b Roberto Cichón feat: implemented ticket list on screenings
679c3a5 Roberto Cichón chore: deleted controllers from __init__
1af1614 Roberto Cichón chore: deleted controllers
ac6df7a Roberto Cichón feat: improved module description
b115404 Roberto Cichón feat: implemented demo data
9207674 Roberto Cichón feat: implemented spanish translation
32dd4a8 Roberto Cichón feat: module currency now depends on company currency
c0614fa Roberto Cichón feat: implemented access groups (user and manager)
f485191 Roberto Cichón feat: implemented reporting for screenings (graph and pivot views)
a5d12ed Roberto Cichón feat: implemented quick sale wizard
60b9cf1 Roberto Cichón feat: implemented age rating on movies
9b38490 Roberto Cichón feat: added VOSE option on screenings
24e251c Roberto Cichón feat: implemented states on tickets
5f72bd9 Roberto Cichón feat: implemented ticket report
2f4fdb7 Roberto Cichón refactor: pricing now depends on the screen, not the movie
5f3c022 Roberto Cichón feat: changed name field in screening
505619f Roberto Cichón feat: implemented qr code into tickets
93f8dcc Roberto Cichón feat: implemented logic for screening occupation (%)
e6eea39 Roberto Cichón feat: implemented rows and seats validation on tickets
255ac4f Roberto Cichón feat: Added 'contacts' module as dependency and added 'tickets' section in the contacts
a5890a2 Roberto Cichón feat: implemented 'ticket' tree and form views
9db70ab Roberto Cichón feat: implemented 'screening' tree, form and calendar views
538d0e7 Roberto Cichón feat: implemented 'movie' tree, form and kanban views
4861553 Roberto Cichón feat: implemented 'screen' tree and form views
de30536 Roberto Cichón feat: implemented 'genre' tree and form views, removed 'description' field
e3dcaa4 Roberto Cichón feat: implemented 'category' tree and form views, added basic access rules, removed 'code' field in category and changed module icon
a31993b Roberto Cichón feat: added 'ticket_ids' field to res_partner model
7895a80 Roberto Cichón feat: implemented Ticket model
707d42e Roberto Cichón feat: implemented Screening model
a88b9d1 Roberto Cichón feat: implemented Screen model
0af1587 Roberto Cichón feat: implemented Movie model
942a1c9 Roberto Cichón feat: implemented Category model
430c7e3 Roberto Cichón feat: implemented Genre model
bd65b94 Roberto Cichón feat: module scaffold and basic __manifest__.py
3263ac9 Roberto Cichón  - Start developing rcg_cinema module -
bc04065 Roberto Cichón chore: configured views in manifest
e0b4dad Roberto Cichón feat: added Libro tree and form view
21f8d31 Roberto Cichón feat: added Categoria tree and form view
de79c2b Roberto Cichón chore: removed controllers and updated __init__.py
2ed806f Roberto Cichón feat: created models for Libro and Categoria
f0c874c Roberto Cichón feat: actualizar información del módulo sge_libreria
b3bccaa Roberto Cichón feat: agregar estructura inicial del módulo sge_libreria
8a63cbd Roberto Cichón chore: setup inicial
