44229a5 2026-02-02 09:55:52 +0100 SergioMuros2 feat:constraints have been added
afc87a2 2026-02-02 08:34:39 +0100 SergioMuros2 feat:controler folder have been deleted
8af4532 2026-02-01 22:08:48 +0100 SergioMuros2 feat:Added demo data in demo.xml
abcbbb5 2026-02-01 19:58:09 +0100 SergioMuros2 fix:relations in views have been fixed
df5a461 2026-01-27 19:32:12 +0100 SergioMuros2 feat:relations in views added
dfe2bc7 2026-01-27 13:38:19 +0100 SergioMuros2 feat:relations in views added
528d8a1 2026-01-27 12:02:14 +0100 SergioMuros2 feat:folder of controller deleted
18450e1 2026-01-26 19:34:52 +0100 SergioMuros2 fix:security groups and added ir.model in manifest
23737b4 2026-01-26 09:54:20 +0100 SergioMuros2 fix:image in models
7b7e67a 2026-01-26 09:40:20 +0100 SergioMuros2 feat:images in models and vies and group rules added
09c7afc 2026-01-24 00:43:14 +0100 SergioMuros2 fix:menux have been fixed
85deba8 2026-01-22 17:00:58 +0100 SergioMuros2 feat:menu and actions added
c36dee5 2026-01-22 13:28:36 +0100 SergioMuros2 Merge branch 'main' of https://github.com/SergioMuros2/SGE-odoo-devB-15
704a038 2026-01-22 13:27:12 +0100 SergioMuros2 feat:Added relations in models
d968570 2026-01-19 09:21:21 +0100 SergioMuros2 feat:teacher.xml fixed
ccf91b7 2026-01-19 09:16:11 +0100 SergioMuros2 feat:views added in manifest.py
ef9e29f 2026-01-18 19:08:59 +0100 SergioMuros2 feat:views have been added and models have been changed
bff231e 2026-01-18 00:31:28 +0100 SergioMuros2 feat:5 modules have been added(classroom, course, student, subject and teacher)
4609fb0 2026-01-13 12:50:29 +0100 SergioMuros2 feat:Changed file manifest.py
f614476 2026-01-13 12:30:41 +0100 SergioMuros2 feat:Creation of the module
a142fc4 2026-01-12 10:10:56 +0100 SergioMuros2 feat:Creacion base de datos en odoo,con master-password asignada
