4ffc833 2026-01-26 11:10:04 +0100 Victor feat: add field in model table and change view to comfort users - table.py: add fields current_order, current_order_lines and current_order_price, add _compute_current_order_price and change opertion of _compute_current_order - table.xml: add field current_order_price and put editable oder_line tree
38881ca 2026-01-26 10:12:55 +0100 Victor feat: created report_sales for sales for day - order.py: created action to extract orders payed today - order.xml: created action server and menuitem to action
7845d58 2026-01-26 09:05:29 +0100 Victor feat: add fields in view tree, change form view and add button to print
9fadf11 2026-01-25 21:49:12 +0100 Victor feat: add product_category_inherit in init
a366ea3 2026-01-25 21:35:34 +0100 Victor feat: Extract ProductCategoryInherit from product_inherit in new model
56f87ee 2026-01-25 21:33:31 +0100 Victor feat: separated class table_transient  in table_move and table_cancel. Same in views.
69a51f2 2026-01-25 21:18:02 +0100 Victor feat: add img in demo and remove field error
40160af 2026-01-25 19:58:45 +0100 Victor feat: created views tree in wizards (move and cancel)
0f9dbfb 2026-01-25 19:51:47 +0100 Victor feat: format code and add flields to passed tests one2many and many2many
5cb01ac 2026-01-24 21:28:14 +0100 Victor feat: automate order creation and enable inline editing - Model: Implemented automatic order creation when a reserve is created. Added `order_line_ids` related field to allow adding products directly from the reserve form. Added capacity validation constraint. - View: Updated reserve form to include an order lines tab for default order assignment. Removed the manual 'Create Order' button in favor of automation. - Removed 'name' field from view and model andfor better user experience.
6c6649e 2026-01-24 21:20:03 +0100 Victor feat: implement ticket report and print actions - report.xml: Defined 80mm paper format, PDF and HTML report actions, and the ticket QWeb template. - order.xml: Added buttons to the order form to print the ticket (PDF) and view a preview (HTML). - __manifest__.py: Included report.xml and table_transient.xml in the data list and reorganized file loading order to ensure dependencies.
d33f8e7 2026-01-24 21:14:31 +0100 Victor feat: add wizard in security
dc59142 2026-01-24 21:13:14 +0100 Victor feat: add new model
81b0304 2026-01-24 21:12:28 +0100 Victor feat: add wizards for moving orders and cancelling reserves in tables - Models Implemented `MoveTableWizard` and `CancelTableWizard` classes in `table_transient.py`. - View: Created form views and actions for the new wizards in `table_transient.xml`. - Table View: Integrated the new actions into `table.xml` by adding buttons to the table form.
186074e 2026-01-23 13:12:54 +0100 Victor fix: fix text errors
593da61 2026-01-23 01:12:54 +0100 Victor feat: add and update data demo
c032773 2026-01-23 01:12:20 +0100 Victor feat: add graph, pivot, calendar, and search views - order: Add graph and pivot views with dedicated action and menu for analysis. - product: Add search view and restrict category selection in form to module-specific categories. - reserve: Add calendar view.
4e2e58b 2026-01-23 01:07:57 +0100 Victor feat: extend product and partner models for bar management - res_partner: Fix text error and set `is_bar_customer` default to True. - product: Add `is_bar_product` field (default True) to identify bar items. - product.category: Inherit model to add `is_bar_category` field.
0f50c85 2026-01-22 10:56:51 +0100 Victor feat: update order, reserve and table views and models - order: make partner_id optional and add submenu - order_line: change menu parent to order - reserve/table: add example views - reserve: add context to partner_id in form view
0718e5d 2026-01-22 10:50:16 +0100 Victor feat: add res_partner_inherit model and corresponding view
429df38 2026-01-21 19:18:42 +0100 Victor fix: add nested tree views to table form for realtions fields - Define explicit tree views for 'child_ids' and 'reserve_ids' in the table form to ensure correct rendering and satisfy test requirements.
ddd7952 2026-01-21 10:29:05 +0100 Victor feat: update manifest description and add index.html - index.html: Add HTML file with detailed description for the module view.
44c63c8 2026-01-20 22:34:47 +0100 Victor feat: create security.xml, update ir.model.access and include in manifest
be6d975 2026-01-20 22:31:54 +0100 Victor feat: create demo data and change order and order_line - order_line: update price_sum_total to include default data - order: update price to include default data
cdaf96d 2026-01-20 11:10:07 +0100 Victor feat: implement table management and refactor pricing logic
612eb6f 2026-01-20 11:08:32 +0100 Victor feat: implement Table model and refactor price logic
5eb63dd 2026-01-20 09:27:25 +0100 Victor feat: delete controllers
6836193 2026-01-19 11:05:41 +0100 Victor feat: update manifest - icon: add icon to module - views: add product_inherit.xml - depends: remove point_of_sale and pos_restaurant
60ab89d 2026-01-19 11:03:36 +0100 Victor feat: add product_inherit and set view sequences to 10 - product_inherit: create tree, form, action, and menu - views: change sequence of all views to 10 (keeping root menu at 1)
7d6eaa8 2026-01-19 10:59:31 +0100 Victor feat: add vrg_bar.product model and fix order logic - product_inherit: inherits(Product.template) -  order: fix onchange - inint: add product_inherit - security: add product_inherit
9d9a23c 2026-01-16 10:00:32 +0100 Victor feat: Created views, update security(initial version) and change manifest to apply new views - debt.xml: tree, form, action and menuitem - menu.xml: menuitem root - order_line: tree, form, action and menuitem - order: tree, form, action and menuitem - reserve: tree, form, action and menuitem
688abd7 2026-01-16 09:56:16 +0100 Victor feat: update models - reserve.py: relation with order change to Many2one and created function from simulated relation One2one -order_line: created field price and function to calculated this price for product -order: add _sql_constraints to simulated relation One2one, change function _computed_total_price and create function to check if the date is after today
98d1593 2026-01-13 10:05:53 +0100 Victor feat: implement relations and business logic - Modify __manifest__.py: added dependencies (point_of_sale, product, base) - Modify reserve: added relations to res.partner and restaurant.table - Modify order:     * Added relations to res.partner and reserve     * Implemented _onchange_reserve to auto-fill customer - Fixed typos in descriptions and help text
ed7a855 2026-01-12 13:29:43 +0100 Victor feat: creation of the basic models - Delete: models - Create: order, reserve, order_line and debt - Modify init to include new models
aa9086c 2026-01-12 09:15:08 +0100 Victor Basic modify of the manifest
62542bf 2026-01-12 09:06:51 +0100 Victor created scaffold for module
0454db8 2026-01-12 08:52:30 +0100 Victor Started project from scratch - module for bar Victor Rodriguez Guio
7ad772d 2025-12-09 13:24:03 +0100 Victor Creadas las vistas de libros y cateforias y modidificado los archivos correspondientes para que funcione
1e6fbdc 2025-12-09 12:24:29 +0100 Victor remove directory controllers
a384d56 2025-12-09 12:10:31 +0100 VictorRG15 Prueba de pull
db57982 2025-12-09 11:45:04 +0100 Victor Creaición de 2 modelos y cambiado el import de __init__: - Libro - Categoria
b42ae55 2025-12-02 13:12:56 +0100 Victor Modificado el manifest
4de4f3e 2025-12-02 12:53:12 +0100 Victor Creación del modulo Librería con scaffold
a48e7e0 2025-12-02 12:20:04 +0100 Victor Configuracion incial: - Aplicado los permisos "x" a set_permissions.sh - Ejecutado set_permisssions.sh  - Creada la base de datos en Odoo
