74720a2 2026-01-28 13:55:33 +0100 ACarrascoFalcon Arreglando logs
2234e62 2026-01-22 10:31:21 +0100 Alex datos demo
8ec310a 2026-01-21 17:31:43 +0100 Alex datos de demo
c6aa18d 2026-01-21 11:44:21 +0100 ACarrascoFalcon Demo avanzado con gifs
1cb8241 2026-01-21 09:00:58 +0100 ACarrascoFalcon Borrar codigo comentado
bebe737 2026-01-20 14:15:55 +0100 ACarrascoFalcon demo
436897d 2026-01-20 13:52:22 +0100 ACarrascoFalcon Borrar template
d0fbc81 2026-01-19 10:41:43 +0100 ACarrascoFalcon habilitando los permisos
5c4db77 2026-01-19 10:37:30 +0100 ACarrascoFalcon Comentarios de codigo y cambiando el tamaño de la foto del cliente
f24ca99 2026-01-19 10:16:28 +0100 ACarrascoFalcon Permisos, retocando modelos cliente, programa y sesion
ba1fec2 2026-01-17 16:57:21 +0100 Alex Fallo con la tupla
537dfc2 2026-01-15 13:22:31 +0100 Alex Añadiendo dias de la semana a sesion
ec7e60f 2026-01-15 13:17:02 +0100 Alex Modelo y vistas de cliente terminado y retoques de programa y sesion
3880398 2026-01-15 10:15:05 +0100 Alex modelo y vistas de cliente y ejercicio
e4d0260 2026-01-15 09:21:19 +0100 Alex Base principal de modelos y clases
f78b143 2026-01-14 19:23:15 +0100 Alex Arreglos de problemas y ajustes de clases
547d892 2026-01-13 20:42:10 +0100 Alex pequeño arreglo de nombres
306d1a9 2026-01-13 13:58:50 +0100 ACarrascoFalcon diagrama uml
c0a1cb3 2026-01-09 17:56:56 +0100 Alex Merge branch 'develop' of https://github.com/ACarrascoFalcon/SGE-odoo-devA-20 into develop
7290f1d 2026-01-09 17:53:45 +0100 Alex vistas con gifs
a216fcd 2026-01-09 14:04:40 +0100 ACarrascoFalcon Borar addon extra
ade149f 2026-01-09 14:00:35 +0100 ACarrascoFalcon 	modificados:     odoo/addons/acf_entrenamiento/models/acf_entrenamiento_ejercicio.py 	modificados:     odoo/addons/acf_entrenamiento/views/acf_entrenamiento_ejercicio.xml 	modificados:     odoo/addons/acf_entrenamiento/models/__init__.py 	borrados:        odoo/addons/sge_libreria/__init__.py 	borrados:        odoo/addons/sge_libreria/__manifest__.py 	borrados:        odoo/addons/sge_libreria/demo/demo.xml 	borrados:        odoo/addons/sge_libreria/models/__init__.py 	borrados:        odoo/addons/sge_libreria/models/pruebas_categoria.py 	borrados:        odoo/addons/sge_libreria/models/pruebas_libro.py 	borrados:        odoo/addons/sge_libreria/security/ir.model.access.csv 	borrados:        odoo/addons/sge_libreria/views/templates.xml 	borrados:        odoo/addons/sge_libreria/views/views.xml
1ca41e3 2025-12-12 14:06:27 +0100 ACarrascoFalcon Modelos y vistas (ajustes)
1384c3e 2025-12-12 14:05:34 +0100 ACarrascoFalcon Modelos y Vistas
1b93436 2025-12-04 14:12:14 +0100 ACarrascoFalcon permisos ejecucion script
