84d9095 2026-01-18 14:43:04 +0100 alex Limpieza de vistas: eliminación de comentarios y depuración del XML para mantener la arquitectura  del módulo.
a6f6e90 2026-01-18 14:33:49 +0100 alex Corrección de vistas y acciones: Reorganizacion la acción principal
8464248 2026-01-17 20:00:30 +0100 alex Mejora en Recordatorios, Aviso de dias faltantes y dias vencidos
865797a 2026-01-17 18:46:34 +0100 alex Mejoras visuales: Imagen en kanban + search view
748de6c 2026-01-17 17:59:55 +0100 alex Integracion de barra de búesqueda en recordatorio y correccion del orden de los XML
2bafa43 2026-01-17 17:38:27 +0100 alex Mejora Kanvan tipo Pipeline estllo CRM
7802ee5 2026-01-16 13:49:21 +0100 lexlopee Cambios
2119a39 2026-01-16 13:48:55 +0100 lexlopee Errores Solucionados
1a95c06 2026-01-16 13:24:19 +0100 lexlopee cambios realizados
7b066f0 2026-01-16 10:29:49 +0100 lexlopee Recordatorio Automatico
d3e749a 2026-01-16 10:04:31 +0100 lexlopee Boton de Progreso en Recordatorios
e0ffb40 2026-01-16 09:32:16 +0100 lexlopee Añadiendo Calendario
10f171f 2026-01-15 20:19:37 +0100 alex Boton Recordatorio arreglado
580eb81 2026-01-15 20:16:06 +0100 alex Boton Nuevo Recordatorio
deece35 2026-01-15 19:25:39 +0100 alex Boton inicar conversaciones
9f9b59a 2026-01-15 18:39:38 +0100 alex arreglo tipo_recordatorio_views
a65fe28 2026-01-15 14:12:34 +0100 lexlopee Borrar espacios
de440e0 2026-01-15 13:53:51 +0100 lexlopee cambios kanban
f6a520e 2026-01-15 13:11:06 +0100 lexlopee cambios de errores para la mantenibilidad de la  estructura
1d8f6c3 2026-01-15 13:01:35 +0100 lexlopee creacion de dashboard en actions
c9ed85b 2026-01-15 12:30:36 +0100 lexlopee Cambio Nombre Archivos y Correcciones
d658154 2026-01-14 10:52:52 +0100 lexlopee Cambios Carpetas
cf6b7d3 2026-01-14 10:47:52 +0100 lexlopee Cambios nombre Clases
ad070c3 2026-01-14 09:56:07 +0100 lexlopee Cambios de Icono
01bf0fe 2026-01-13 21:40:50 +0100 alex Actualizacion
37f9220 2026-01-09 11:53:00 +0100 lexlopee Actualizacion 3
758c642 2026-01-08 12:32:13 +0100 lexlopee Actualizacion 2
0f46e8a 2026-01-08 12:22:06 +0100 lexlopee Actualizacion 1 Modulo
1860ac1 2025-12-11 13:31:11 +0100 lexlopee Commit prueba
e812231 2025-12-04 14:12:51 +0100 lexlopee permisos ejecuccion script
