d2c1392 2026-01-27 22:16:10 +0100 Daniel Amores Fixear kanban
b66119e 2026-01-27 21:59:28 +0100 Daniel Amores Solucionar conflictos
3402d31 2025-12-26 16:29:37 +0100 Daniel Amores Añadir vista calendar, kanban y graph
29f4f70 2026-01-15 13:56:24 +0100 Daniel Amores Modificar search para ( /group//filter[@context] )
d32b5b8 2026-01-15 13:54:45 +0100 Daniel Amores Permitir multiples creates
aeac26f 2026-01-15 13:54:29 +0100 Daniel Amores Añadir licencia
8040d77 2026-01-15 13:54:13 +0100 Daniel Amores Remover version del archivo docker compose para eliminar warnings
3e41ff7 2026-01-15 13:12:08 +0100 Daniel Amores Añadir dependencia de mail
e58fb76 2026-01-15 13:12:01 +0100 Daniel Amores Añadir herencia de mail a assignment
b51f4e1 2026-01-15 13:11:48 +0100 Daniel Amores Añadir chatter al form de asignment
01c8444 2026-01-15 12:58:16 +0100 Daniel Amores Quitar archivo sobrante de demo
6ddc12e 2026-01-15 12:54:41 +0100 Daniel Amores Añadir datos demo con imagenes
45b3030 2026-01-15 12:22:04 +0100 Daniel Amores Eliminar comentarios XMLs
6f62a1c 2026-01-13 13:53:01 +0100 Daniel Amores Añadir vehiculos asociados a la vista form de equipamientos
924699d 2026-01-13 13:52:35 +0100 Daniel Amores Quitar sge_libreria
6de1923 2025-12-26 16:29:37 +0100 Daniel Amores Añadir reporte del estado de la flota
dccabfb 2025-12-21 10:27:56 +0100 Daniel Amores Modificar assignment para que en un mismo periodo un vehiculo no pueda tener dos asignaciones
0a89aad 2025-12-18 14:52:16 +0100 Daniel Amores Modificar assignment para que la fecha de fin tenga que ser posterior a la de inicio y para que aparezca un name
17ad946 2025-12-18 14:13:37 +0100 Daniel Amores Añadir permisos a los modelos faltantes
918fd07 2025-12-18 14:13:10 +0100 Daniel Amores Cambiar nombre archivo del modelo de tipo de vehiculo
41350cf 2025-12-16 14:13:08 +0100 Daniel Amores Cambiar la forma en la que se muestran los equipamientos de group a notebook
c952979 2025-12-16 14:08:05 +0100 Daniel Amores Añadir tabla de relacion a la Many2many
7c70794 2025-12-16 14:05:03 +0100 Daniel Amores Añadir el modelo equipment
1a6476d 2025-12-16 13:41:26 +0100 Daniel Amores Modificar permisos para el modelo assignment
42583af 2025-12-16 10:23:30 +0100 Daniel Amores Añadir notas a la vista Tree
2782ca7 2025-12-15 13:53:58 +0100 Daniel Amores Añadir relacion entre vehicle y vehicletype
111760e 2025-12-15 13:53:37 +0100 Daniel Amores Añadir vehicletype
8b981e9 2025-12-15 13:11:16 +0100 Daniel Amores Personalizar manifest
8dbb3d7 2025-12-15 13:11:06 +0100 Daniel Amores Modificar vistas vehicle
de7e844 2025-12-15 13:10:45 +0100 Daniel Amores Modificar y mejorar menus y navegacion por el modulo
ac19aef 2025-12-15 13:10:27 +0100 Daniel Amores Añadir relaciones y constraint a vehicle
8ab8e6f 2025-12-15 13:09:56 +0100 Daniel Amores Crear vista assignment
a4ac894 2025-12-15 12:39:31 +0100 Daniel Amores Añadir icono modulo
7370e03 2025-12-15 12:38:57 +0100 Daniel Amores Añadir assignment a init de models
650763b 2025-12-15 12:38:35 +0100 Daniel Amores Añadir modelo assignment
c7cfd78 2025-12-15 10:11:12 +0100 Daniel Amores Añadir dependencias de employee, añadir menus y descomentar security
df9df36 2025-12-15 10:10:41 +0100 Daniel Amores Añadir permisos del modelo vehicle a los usuarios basic_user y basic_system
8e43ddd 2025-12-15 10:10:13 +0100 Daniel Amores Añadir menus haciendo uso de los filtros
ad5da72 2025-12-15 10:09:53 +0100 Daniel Amores Actualizar vistas a los nuevos atributos del modelo y añadir filtros de busqueda
89cdce6 2025-12-15 10:09:12 +0100 Daniel Amores Modificar modelo vehicle para añadir los atributos y funcionalidades (on_change, create y name_get) necesarias
92e26db 2025-12-05 14:13:54 +0100 Daniel Amores Añadido modelo vehicle
60d02bb 2025-12-05 14:13:40 +0100 Daniel Amores Añadido scaffold para daj_vehicles
e938334 2025-12-05 13:34:31 +0100 Daniel Amores Scaffold proyecto odoo para sge_libreria
e665647 2025-12-05 13:33:03 +0100 Daniel Amores Añadido .gitignore
de30c83 2025-12-04 14:09:15 +0100 Daniel Amores permisos ejecucion script
