18033ff 2026-01-21 10:45:42 +0100 dani1705 Corregir Errores del README.md
812b491 2026-01-21 10:44:05 +0100 dani1705 Prototipo avanzado del README.md
deb4678 2026-01-21 09:49:06 +0100 dani1705 Update README.md
2ecf6b8 2026-01-21 09:13:28 +0100 dani1705 Update README.md
d65d43c 2026-01-20 12:14:12 +0100 dani1705 Vista Calendario
0f36e33 2026-01-16 13:14:27 +0100 dani1705 Mejoras Visuales en el Codigo
eee0c32 2026-01-16 10:32:18 +0100 dani1705 Arreglo de calculo de horas
e1cb514 2026-01-16 10:15:56 +0100 dani1705 Graficos en las ordenes
bffdccb 2026-01-16 09:29:06 +0100 dani1705 Lista de Ordenes en clientes
7c19dab 2026-01-15 13:26:33 +0100 dani1705 Lista de Vehiculos de los clientes
a38eca8 2026-01-15 13:20:25 +0100 dani1705 Mejorar Ordenes
680fa71 2026-01-15 13:10:17 +0100 dani1705 Cambios de eficiencia
bbd142a 2026-01-15 12:47:05 +0100 dani1705 Mas Cambios
0fa0f1e 2026-01-15 12:10:59 +0100 dani1705 Cambios Opcionales
99fa535 2026-01-14 10:40:41 +0100 dani1705 Arreglo nombre
6ad14ef 2026-01-14 10:26:47 +0100 dani1705 kanbans
e270168 2026-01-14 10:09:05 +0100 dani1705 Mas vistas
e9f60b4 2026-01-09 10:55:20 +0100 dani1705 Prototipo avanzado
9beb947 2026-01-08 12:32:06 +0100 dani1705 Segundo actualizar
faff53b 2026-01-08 12:03:50 +0100 dani1705 Primera Commit
d128428 2025-12-04 14:12:12 +0100 dani1705 permisos ejecucion script
