77fd0c6 2026-01-20 12:44:20 +0100 druizmoreno-rm readme IV
609b980 2026-01-20 12:42:57 +0100 druizmoreno-rm readme - III
e73ee9e 2026-01-20 12:40:40 +0100 druizmoreno-rm readme actualizado II
d073cb6 2026-01-20 12:38:38 +0100 druizmoreno-rm Readme actualizado
afd944c 2026-01-20 12:35:09 +0100 druizmoreno-rm Readme actualizado
5bece61 2026-01-20 12:23:42 +0100 druizmoreno-rm Mostar la imagen de los tickets/facturas en la vista tree de expense
c551090 2026-01-20 12:04:12 +0100 druizmoreno-rm Filtro de activo/inactivo en gastos y etiquetas
f0f2647 2026-01-20 11:31:15 +0100 druizmoreno-rm Estilos a la vista kanban
de32cdf 2026-01-20 11:18:50 +0100 druizmoreno-rm campo de imagen en gastos
25b3020 2026-01-20 11:10:45 +0100 druizmoreno-rm orden
8e64378 2026-01-20 11:10:04 +0100 druizmoreno-rm css y varios. Funcional
80e8ffc 2026-01-20 10:37:17 +0100 druizmoreno-rm modelo Gastos terminado. Relaciona el resto de modelos y es funcional.
3189ac8 2026-01-20 10:11:24 +0100 druizmoreno-rm vista de etiquetas con campo color. Compila pero no si se este campo (color) y el mismo de categorias funciona. Todo compila, revisar mas tarde.
2e9aa73 2026-01-20 10:02:59 +0100 druizmoreno-rm Modelo de etiquetas con lo minimo funcional
3ae9a35 2026-01-19 12:32:22 +0100 druizmoreno-rm metodos de pago completos y funcionales
ec5d5b9 2026-01-19 12:26:38 +0100 druizmoreno-rm Segundo modelo funcional. Faltan implementaciones pero compila
a550ae0 2026-01-19 12:18:29 +0100 druizmoreno-rm vista de categorias completa y funcional
65a60d5 2026-01-19 10:55:05 +0100 druizmoreno-rm drm_menus.xml funciona, aparece el menu y el primer modelo (sin contenido)
caf4ae2 2026-01-19 10:43:51 +0100 druizmoreno-rm drm_menus.xml funciona con lo minimo aunque no es funcional
a973452 2026-01-19 09:50:52 +0100 druizmoreno-rm manifest solo con una vista. Sin menus.xml COMPILA
9361268 2026-01-16 14:14:17 +0100 druizmoreno-rm primer modelo category y menu. Da error el modulo
438b4df 2026-01-16 14:04:24 +0100 druizmoreno-rm El logo funciona y se puede activar sin error pero no tiene nada
08f632d 2026-01-16 13:57:15 +0100 druizmoreno-rm borrado de datos e ir poco a poco
77f0234 2026-01-15 14:15:25 +0100 druizmoreno-rm borrado de la librería y archivos.py en models
2407db1 2025-12-04 14:12:33 +0100 druizmoreno-rm sge_libreria y varios
a91e1bd 2025-12-04 13:45:50 +0100 druizmoreno-rm Creacion de base de datos, asignacion de permisos e instalacion de nueva libreria con odoo scaffold sge_libreria /mnt/extra-addons/
