a4ea45b 2026-02-07 01:50:17 +0100 iustibachi archivos extra eliminados
97f83e2 2026-02-07 01:45:01 +0100 iustibachi Merge branch 'develop' of https://github.com/Iustibachi/SGE-odoo-devA-04 into develop
19649bb 2026-02-07 01:44:46 +0100 iustibachi imagen kanban + demo
fd3c7c4 2026-02-06 23:00:53 +0100 Caiman32 nuevo readme
d4784c8 2026-02-06 21:35:05 +0100 iustibachi vista de búsqueda sencilla
cdeb5c7 2026-02-06 21:32:56 +0100 iustibachi datos demo avanzados
d02a468 2026-02-06 21:25:27 +0100 iustibachi constraints sql añadidos
40a8767 2026-02-06 21:21:00 +0100 iustibachi stock ordenadores eliminado
e73f601 2026-02-06 20:49:20 +0100 iustibachi Eliminacion barra de estado
f268a4f 2026-02-06 20:36:00 +0100 iustibachi Barra de estado en pedidos
cd86c09 2026-02-06 20:31:01 +0100 iustibachi Vista kanban pedidos y estado pedido corregido
8e4e445 2026-02-06 19:53:06 +0100 iustibachi Campo calculado
d6d2d72 2026-02-06 19:39:11 +0100 iustibachi Tamaño cambiado imagenes
2f2a9a6 2026-02-06 19:34:39 +0100 iustibachi Icono cambiado e imagen en demo
7ac0562 2026-02-06 19:06:46 +0100 iustibachi Cambio campo monetary por float y corrección datos demo y vistas
1fbe449 2026-01-26 10:50:42 +0100 Iustibachi commit_datos_demo
84654cb 2026-01-26 10:22:50 +0100 Iustibachi commit_permisos_icono
f4ac28b 2026-01-15 13:24:15 +0100 Iustibachi vistas_imagen
9be75af 2026-01-15 13:01:05 +0100 Iustibachi form_tree_anidado
dc38ce5 2026-01-15 12:38:47 +0100 Iustibachi models_menus
4d210af 2025-12-04 14:12:08 +0100 Iustibachi permisos ejecucion script
