f1ea833 2026-01-19 20:39:23 +0100 Ian Zapatero López Corrección: renombrado grupo de seguridad para evitar UniqueViolation en instalación limpia
0e9291c 2026-01-19 19:51:34 +0100 Ian Zapatero López Cambio de orden en el manifest para vista de búsqueda en el modelo de citas
73b4fd6 2026-01-19 16:12:39 +0100 Ian Zapatero López Añadir campo Many2Many en servicios para completar requisitos opcionales de datos avanzados
df531a1 2026-01-19 16:06:51 +0100 Ian Zapatero López Añadido grupo propio para cumplir con los requisitos opcionales de seguridad
1fbf0e8 2026-01-19 16:02:25 +0100 Ian Zapatero López Añadida SQL constraint para validar unicidad del email en clientes
4a7895d 2026-01-19 15:57:23 +0100 Ian Zapatero López Corregido, .value da error en Odoo 17
f481853 2026-01-19 15:52:46 +0100 Ian Zapatero López Revertido, mejor de la anterior manera con .value
fa1c4de 2026-01-19 15:49:13 +0100 Ian Zapatero López Añadir imagen en vista kanban usando kanban_image para cumplir tests opcionales
6fe1c18 2026-01-19 15:10:52 +0100 Ian Zapatero López Añadida vista pivot y soporte de actividades (chatter) en citas, y corregir medida para evitar errores de agregación
f881887 2026-01-19 14:05:37 +0100 Ian Zapatero López Añadir search views de cliente y empleado y actualizar manifest
974ab21 2026-01-19 13:59:53 +0100 Ian Zapatero López Hacer total_citas almacenable para permitir filtros en search view
4c5cc56 2026-01-19 13:51:41 +0100 Ian Zapatero López Mejora en vista kanban de clientes: añadido default_group_by e imagen con widget y preview
7e07316 2026-01-18 20:00:55 +0100 Ian Zapatero López Añadido archivo .gitignore en la raíz del proyecto
ce6393d 2026-01-18 19:54:44 +0100 Ian Zapatero López Añadida secuencia automática para las citas
dd11879 2026-01-18 19:40:03 +0100 Ian Zapatero López Añadidas vistas calendar y graph para el modelo de citas (calendar corregida)
f7f68e0 2026-01-18 19:29:58 +0100 Ian Zapatero López Añadida vista calendario para las citas
2c594c5 2026-01-18 15:32:38 +0100 Ian Zapatero López Implementado smart button para acceder a citas desde el formulario de cliente
f2cb552 2026-01-18 15:29:30 +0100 Ian Zapatero López Corregido total_citas para cálculo dinámico
369dffe 2026-01-18 14:48:21 +0100 Ian Zapatero López Añadida vista del cliente con total_citas
9df1a79 2026-01-18 14:40:46 +0100 Ian Zapatero López Añadida lógica de negocio: restricción de fecha y total de citas
e4a8601 2026-01-18 14:25:31 +0100 Ian Zapatero López Añadidos datos de demostración
08261a5 2026-01-18 14:19:10 +0100 Ian Zapatero López Añadidos permisos de seguridad (ir.model.access.csv)
ea32d8c 2026-01-18 14:08:46 +0100 Ian Zapatero López Añadida vista kanban para clientes
c1ad4e9 2026-01-18 13:48:53 +0100 Ian Zapatero López Añadida search view para citas
cc20b97 2026-01-18 13:34:42 +0100 Ian Zapatero López Añadidas vistas básicas: tree, form, acciones y menús
1565dbf 2026-01-18 13:15:29 +0100 Ian Zapatero López Definidos modelos base: cliente, empleado, servicio y cita
49c8dbc 2026-01-18 12:51:40 +0100 Ian Zapatero López Estructura inicial del módulo izl_peluqueria
