f83455e 2026-02-08 22:47:34 +0100 Leonor Extra 7: Creación de vistas Graphic y Pivot
0f0fadf 2026-02-08 22:20:18 +0100 Leonor Correción de herencia en Producto pt.2
67df1b3 2026-02-08 21:30:39 +0100 Leonor Correción de herencia en Producto
881c1b2 2026-02-08 21:29:53 +0100 Leonor Extra 7: Herencia en clase Producto
e4d83bd 2026-02-08 21:23:35 +0100 Leonor Extra 6: i18n implementado
1b70745 2026-02-08 21:17:18 +0100 Leonor Correción image en vista kanban
d295052 2026-02-08 20:41:25 +0100 Leonor Extra 5: Constraints de almacén(name)
90954b7 2026-02-08 20:39:40 +0100 Leonor Extra 5: Constraints de categoría(name) pd: antes era constraints de etiqueta
8e1aff8 2026-02-08 20:32:48 +0100 Leonor Extra 5: Constraints de categoría(name)
63fb066 2026-02-08 20:28:00 +0100 Leonor Extra 5: Constraints de proveedor(name, email, dirección, teléfono)
bb24301 2026-02-08 20:08:06 +0100 Leonor Extra 5: Constraints de producto(name y categoria_id)
868faf9 2026-02-08 18:10:54 +0100 Leonor Extra 4: Creación de campo calculado 'Precio con IVA'
34cbf7f 2026-02-08 13:22:54 +0100 Leonor Extra 3: Creación de widget para cambiar el color de las etiquetas
7741aaf 2026-02-01 21:39:23 +0100 Leonor Extra 2: creación de barra de búsqueda en todas las clases y reorganización de las vistas
f14da3e 2026-01-29 22:28:28 +0100 Leonor Punto extra 1: vista Kanban
3272fca 2026-01-28 00:49:10 +0100 Leonor Creación de datos demo y correcciones necesarias
22f100f 2026-01-27 21:56:38 +0100 Leonor Correción de permisos
32c060d 2026-01-27 21:51:26 +0100 Leonor Icono creado
9aceefc 2026-01-27 20:53:56 +0100 Leonor Agregación de campo Imagen en la clase y vista producto
08c4b0c 2026-01-26 22:40:20 +0100 Leonor Creación de clases proveedores y estiquetas y uso de relación many2many
d8acc80 2026-01-25 21:57:10 +0100 Leonor Correción general: Corrección de faltas ortográficas en nombres de archivos y en códigos, el módulo ya se abre bien
3a01312 2026-01-25 21:42:11 +0100 Leonor Corrección general: guardado de todos los archivos
632ec3a 2026-01-25 21:22:52 +0100 Leonor Corrección general: correción del archivo __manifest__.py
331cc45 2026-01-25 21:09:03 +0100 Leonor Corrección general: cambio de ubicación de contenidos en carpeta addons
94f1054 2026-01-25 20:48:45 +0100 Leonor Ejercicio 4: creación carpeta security + actualización __manifest__.py
2dd0708 2026-01-25 20:36:46 +0100 Leonor Ejercicio 4: actualización __manifest__.py
78413c0 2026-01-25 19:40:09 +0100 Leonor Ejercicio4: códigos guardados
5d9086e 2026-01-25 19:36:01 +0100 Leonor Ejercicio4: vistas almacén y categoría, menú y correción vista productos
c01e8cd 2026-01-23 19:45:45 +0100 Leonor Ejercicio 4: creación vista producto + menú
256fefb 2026-01-23 15:22:51 +0100 Leonor Ejercicio 4: producto_view creado
2f7ad1b 2026-01-23 15:06:05 +0100 Leonor Ejercicio 3: corrección faltas ortográficas
16d6906 2026-01-23 14:50:57 +0100 Leonor Ejercicio 3: creación almacén, cambios guardados
4fa1b8f 2026-01-23 14:49:54 +0100 Leonor Ejercicio 3: creación almacén
39da1c8 2026-01-23 09:45:28 +0100 Leonor Ejercicio 3: Productos corregido + categoria creado
7074c2b 2026-01-23 09:32:44 +0100 Leonor Ejercicio 3 corregido
28fec53 2026-01-03 13:50:18 +0100 Leonor Ejercicio 3: Creación del modelo de producto
7ac3c2c 2026-01-03 12:59:34 +0100 Leonor Ejercicio 1 + ejercicio 2: Selección del nombre del módulo + creación de la estructura base del módulo
