a191547 MarcosH670 kanban agentes mejorado
5156167 MarcosH670 cambios demo menus y seguridad
a8932ec MarcosH670 retoques
450bea1 marcos icono del modulo
a81b1fe marcos datos demo nuevos
d948bc1 marcos kanbans agente e inquilino
fcec79c marcos constraints
fdd89da marcos añadir constraints y campo calculado
9b91f7c marcos kanban contrato listo
28ebeea marcos kanban arreglado
72a7107 marcos kanban contrato
d2ab21a marcos kanban bueno
b7997de marcos arreglo kanban
3933c10 marcos mejora de kanban
e9a371b marcos kanban
366408e marcos kanban perfecto propiedades
36b80da marcos kanban arreglado
2b6aee9 marcos cambio kanban
9fa0a21 marcos prueba funcional
2e1344e MarcosH670 primer
a2063a3 MarcosH670 permisos ejecucion script
