c7fcab4 2026-01-29 12:33:00 +0100 Marcos Silva Actualización new images
318b866 2026-01-29 12:08:36 +0100 Marcos Silva Solución comentarios
5fcfd38 2026-01-28 15:16:01 +0100 marcossr1410 Actualización image informe
5287c4e 2026-01-28 14:59:06 +0100 marcossr1410 Actualización chatter
dea38e1 2026-01-27 19:16:52 +0100 marcossr1410 Actualización requisitos no funcionales vista pivot constraint sql
6e1f808 2026-01-27 18:48:16 +0100 marcossr1410 Changes Permisos
f2d88c2 2026-01-26 20:10:13 +0100 marcossr1410 Actualizacion solución xml
0ecfecc 2026-01-23 19:21:21 +0100 marcossr1410 Actualización pedidos python
15cf905 2026-01-23 19:00:53 +0100 marcossr1410 actualización pdf opcional
1da64a1 2026-01-23 18:34:52 +0100 marcossr1410 onchange
3bc053c 2026-01-23 14:03:44 +0100 marcossr1410 Actualizacion images productos
bfed0d2 2026-01-22 13:46:12 +0100 Marcos Silva Actualizacion permisos group
4fac9a4 2026-01-22 12:41:58 +0100 Marcos Silva Actualizacion requisitos no funcionales 5
de96930 2026-01-21 13:53:58 +0100 marcossr1410 Actualizacion requisitos no funcionales 4
a4b6b38 2026-01-21 13:53:58 +0100 marcossr1410 Actualizacion requisitos no funcionales 3
aefe4bb 2026-01-19 22:45:11 +0100 marcossr1410 Actualizacion requisitos no funcionales 2
e3c0289 2026-01-19 18:03:58 +0100 marcossr1410 Merge branch 'main' into develop
9bf54dd 2026-01-19 17:40:18 +0100 marcossr1410 Actualizacion requisitos no funcionales
b5ac71a 2026-01-14 11:54:07 +0100 Marcos Silva Modificación pedido_ids
50ac451 2026-01-13 14:09:48 +0100 Marcos Silva Mejoras imagen
d6242d4 2026-01-13 13:40:12 +0100 Marcos Silva Nuevo Commit
5859745 2025-12-18 14:19:25 +0100 Marcos Silva Commit inicial
