e3e71c2 2026-01-16 14:15:38 +0100 FrankyFP Update clientes vista pedidos
9202eb4 2026-01-16 14:13:38 +0100 FrankyFP MIni update clientes
bbe3971 2026-01-16 14:12:06 +0100 FrankyFP Actu errorcillo vista clientes
44a9d86 2026-01-16 14:09:22 +0100 FrankyFP Añadido de precio y actualizacion de vistas
c507e44 2026-01-16 13:55:59 +0100 FrankyFP Añadir icono modulo
75da343 2026-01-16 13:50:07 +0100 FrankyFP Clientes pedidos añadido
fea2d67 2026-01-16 13:48:39 +0100 FrankyFP Demos descomentado
aff8b1e 2026-01-15 13:42:19 +0100 FrankyFP Remove comentarios
b774f38 2026-01-15 13:40:49 +0100 FrankyFP Delete models
34ecfa4 2026-01-15 13:39:38 +0100 FrankyFP Remove de libreria
59c5e34 2026-01-15 13:35:33 +0100 FrankyFP Campo como imagen
5a09bcc 2026-01-15 13:32:11 +0100 FrankyFP Actu empresa imagen
b0a10d4 2026-01-15 13:28:13 +0100 FrankyFP Actu de menus y permisos
d0a567b 2026-01-15 13:22:29 +0100 FrankyFP MIni error pedidos
cf0bea2 2026-01-15 13:15:29 +0100 FrankyFP Mini error de pedidos
9ba3759 2026-01-15 13:14:06 +0100 FrankyFP Error corregido del menu
021e04f 2026-01-15 13:03:23 +0100 FrankyFP MIni actualización de menus
d9fad3b 2026-01-15 12:55:18 +0100 FrankyFP Correción de vistas
255e050 2026-01-09 14:17:12 +0100 FrankyFP Añadido de los módulos clientes y pedidos
047fcf6 2025-12-18 14:17:02 +0100 FrankyFP Error de mierda
8786068 2025-12-18 14:12:34 +0100 FrankyFP Ahora el módulo es una aplicación
95e92f9 2025-12-18 14:01:27 +0100 FrankyFP Que vean el mundo arder los de empresa
181b9ec 2025-12-18 13:57:51 +0100 FrankyFP Remove de los campos de juegos y tcg por que se vería muy raro
d30e615 2025-12-18 13:55:14 +0100 FrankyFP Cambio de la action name de empresas
2c2ee92 2025-12-18 13:54:19 +0100 FrankyFP Error de pacotilla
8e7f476 2025-12-18 13:53:15 +0100 FrankyFP Actualizacion de las vistas de tcg y juegos de mesa
86c7d10 2025-12-18 13:50:45 +0100 FrankyFP Actualización del error del campo tcg y creación de las vistas de empresa correctas
0ba118a 2025-12-18 13:17:24 +0100 FrankyFP Actu de info del módulo
e626c72 2025-12-16 14:15:44 +0100 FrankyFP Actualización permisos y creación del modulo y vistas de empresa
d3dfc41 2025-12-11 14:01:45 +0100 FrankyFP MIni cambio
7bb8f48 2025-12-11 13:54:27 +0100 FrankyFP Cambio columna id a referencia
04a0043 2025-12-11 13:48:36 +0100 FrankyFP Actualización permisos de vistas
d99bd59 2025-12-11 13:29:27 +0100 FrankyFP Renombre para mejor vista
9a707b1 2025-12-11 13:13:36 +0100 FrankyFP MIni arreglo menu error
dc3787a 2025-12-11 13:12:10 +0100 FrankyFP Arreglo modelos y vistas
7609518 2025-12-11 13:02:26 +0100 FrankyFP Actualización vistas y modelos
52ce177 2025-12-09 14:15:35 +0100 FrankyFP Actualización vistas
8517f7c 2025-12-09 14:14:11 +0100 FrankyFP Creación de los campos de tcg model
b8f3d35 2025-12-09 14:09:59 +0100 FrankyFP Quitar controller del init
f1351da 2025-12-09 14:07:22 +0100 FrankyFP Actualizar menu
059cf12 2025-12-09 13:54:05 +0100 FrankyFP Modificacion de las vista y creacion del menu
50e7620 2025-12-09 13:45:20 +0100 FrankyFP Creación vistas con cambios
c8ef8a2 2025-12-09 13:36:58 +0100 FrankyFP Cambios en los modelos y bune renombrado
a738c54 2025-12-05 14:17:01 +0100 FrankyFP Creación 2 modelos
2c4e44d 2025-12-05 13:54:56 +0100 FrankyFP New scaffold add of rat_juegos_mesa and remove of controllers
aa770df 2025-12-04 14:04:43 +0100 FrankyFP gitignore add
621c464 2025-12-04 13:54:28 +0100 FrankyFP First commit
