fccc685 Samuel Copa añado el #ignore en la implementación de odoo.exceptions
92444f8 Samuel Copa añado en la relacion de many2many el parametro relations
d5378bb Samuel Copa arreglo un error con la vista search de intervenciones
4b2db66 Samuel Copa comento el modelo de issues
872e1eb Samuel Copa pequeñas modificaciones en el demo y en parte del código
bd6143c Samuel Copa pequeñas modificaciones de los submenus
8a30a1a Samuel Copa creo la carpeta static/img para la creación de imágenes para el demo de activos
43b7f80 Samuel Copa añado el campo calculado de total de horas a la vista de issues
646c813 Samuel Copa añado funcionalidad al modelo de issues y genero una nueva demo de prueba
a329e26 Samuel Copa añado el servicio de mensajería
75d0407 Samuel Copa corrigo un pequeño error con las vistas
8e5c717 Samuel Copa añado CSS a la vista de etiquetas
f4e21a2 Samuel Copa añado la vista de graph y añado CSS a la vista de intervenciones
c24c75d Samuel Copa añado vista kanban y CSS a activos
4fafefb Samuel Copa añado CSS a la vista de issues
a7671fa Samuel Copa añado datos demo para probar
ee3cd26 Samuel Copa añado un icono al modulo
35566cf Samuel Copa pongo comentarios necesarios en los modelos
4dd038a Samuel Copa añado la dependencia de intervenciones a issues y viceversa
25eb4a0 Samuel Copa añado la dependencia de etiquetas a issues(Many2Many)
df67f28 Samuel Copa añado la dependencia de usuarios(res.users) a issues
8f40f14 Samuel Copa añado imagen del activo a la vista kanban de issues
e766076 Samuel Copa arreglo errores
63f69e4 Samuel Copa pequeños cambios de codigo
6aefad6 Samuel Copa añado la lista kanban a incidencias(issues)
d1c0631 Samuel Copa se añaden los permisos de administrador(todos los elementos CRUD)
7387b6d Samuel Copa añado los permisos a los modulos(basic_user)
d20acde Samuel Copa cambo del nombre del placehllder de la vista de activos del formulario
d25b6d6 Samuel Copa otras pequeñas modificaciones
760a7d7 Samuel Copa pequeñas modificaciones
9883793 Samuel Copa Añado el modulo de etiquetas con sus vistas (sin relaciones)
6f0405d Samuel Copa Añado el módulo de intervenciones con sus vistas (falltan las relaciones)
0c860ae Samuel Copa elimino sge_libreria ya que solo me servia como ejemplo
8290fdc Samuel Copa Añadimos el modulo de activos con sus vistas.
07ec3b9 Samuel Copa Realizo el scaffold de scf_incidencias además de el primer modulo, con sus 2 primeras vistas
85739d7 Samuel Copa se realiza los primeros modelos y vistas mediante scafflod
7d604be Samuel Copa añadir el .gitignore
9f6c72e Samuel Copa permisos ejecucion script
