commit 14d972cf607608802caec398d40f38911c000e6f
Author: Alberto-cloud43 <[correo eliminado]>
Date:   Tue Feb 25 21:09:28 2025 +0100

    cambio de contraseña en odoo.conf

commit 6f5036e3d69fbd5eacf49eb6eae9a96da8cb856f
Author: Alberto-cloud43 <[correo eliminado]>
Date:   Tue Feb 25 21:09:06 2025 +0100

    eliminacion de archivos innecesarios

commit bacfdd6b9581032fc85947f4706aa209f0491d6b
Author: Alberto-cloud43 <[correo eliminado]>
Date:   Tue Feb 25 21:08:47 2025 +0100

    modificacion de documentos

commit 9130ea86bfa9d85b154848284c4e8a47be04303d
Author: Alberto-cloud43 <[correo eliminado]>
Date:   Tue Feb 25 21:08:14 2025 +0100

    creacion de menus y acciones

commit 46191205c812adc0630be32e62d70eb1220cbf02
Author: Alberto-cloud43 <[correo eliminado]>
Date:   Tue Feb 25 21:08:01 2025 +0100

    creacion de vistas

commit 7794ab9145d90ca04b1e8c2b1146e231338c56a3
Author: Alberto-cloud43 <[correo eliminado]>
Date:   Tue Feb 25 21:07:41 2025 +0100

    creacion de clases

commit c603dcb4ba203eb9a688df41258e2bf356111d13
Author: Alberto-cloud43 <[correo eliminado]>
Date:   Tue Feb 25 19:08:00 2025 +0100

    comit scafold proyecto
