commit d08b08f959e6128bff2f75aa6ba1f1cb5ba5fa05
Author: Alvaro Benito <[correo eliminado]>
Date:   Wed Feb 26 22:51:53 2025 +0100

    View de las clases

commit f01f7d9352c8a36198c5f206566fc79ca62b8c8d
Merge: 090d561 78de40b
Author: Alvaro Benito <[correo eliminado]>
Date:   Wed Feb 26 22:27:50 2025 +0100

    Merge branch 'develop' of https://github.com/beniiapuntesDAM/SGE-odoo-devV-04 into develop

commit 090d5618a86b5d7fa5e7b58a2fa0ac9d796bf99c
Author: Alvaro Benito <[correo eliminado]>
Date:   Wed Feb 26 22:25:33 2025 +0100

    Creacion de clases

commit 02fa81432c5456df109e476d1891c50d9f97462e
Author: Alvaro Benito <[correo eliminado]>
Date:   Wed Feb 26 13:29:23 2025 +0100

    Creacion de Clases

commit 7a4d4768a5b8acea5ae892884f63ede39f6d182e
Author: Alvaro Benito <[correo eliminado]>
Date:   Wed Feb 26 13:18:01 2025 +0100

    Creacion de las clases

commit 2711181588cb457f036f59a02bb71daa9a8a11cd
Author: carloszuilavila <[correo eliminado]>
Date:   Mon Feb 3 20:59:32 2025 +0100

    entorno

commit 4b35498a6cf78fd3f6f2687f1d2a1a90c8f1dd12
Author: carloszuilavila <[correo eliminado]>
Date:   Mon Feb 3 20:58:37 2025 +0100

    permisos
