commit b369b8623f2b470c6ba1b55e0b13f5d46b84ec34
Author: Andrei Darius Bacanu <[correo eliminado]>
Date:   Sat Mar 1 12:11:03 2025 +0100

    Inital commit

commit abfc22c36b06f04e0cc90b1800286d14e51bdc38
Author: Andrei Darius Bacanu <[correo eliminado]>
Date:   Sat Mar 1 12:06:10 2025 +0100

    Misc

commit 6a4307718a6f0deccb72c69a010bcd388cce0d03
Author: alumnotv <[correo eliminado]>
Date:   Wed Feb 26 20:22:56 2025 +0100

    Added trasnlation so Spanish(AR)

commit cb0b1caae39a2e9bbb818aec2741e8f3e60e5c52
Author: alumnotv <[correo eliminado]>
Date:   Wed Feb 26 20:22:42 2025 +0100

    Fixed typing mistake from readlonly to readonly

commit 93b4092628bdd6178f5db9ececcf29a5b434e03a
Author: alumnotv <[correo eliminado]>
Date:   Wed Feb 26 19:39:03 2025 +0100

    Reformated manifest file

commit 2580597f52ef1fc4728ac9f779a9a33b39939fe3
Author: alumnotv <[correo eliminado]>
Date:   Wed Feb 26 19:00:22 2025 +0100

    Added requirements.txt

commit c8c0e7a2265a703ba58b3d4f23e3efd747ed55ea
Author: alumnotv <[correo eliminado]>
Date:   Wed Feb 26 19:00:06 2025 +0100

    Added comments

commit cc9baddca412293fb855280c74740fdaf069689d
Author: alumnotv <[correo eliminado]>
Date:   Wed Feb 26 17:34:27 2025 +0100

    Add checks for model path existence and log start time in NER dataset processing

commit 69c0042d07c2a2b68c8d6640ce3db7e2dc4ffbad
Author: alumnotv <[correo eliminado]>
Date:   Wed Feb 26 17:31:04 2025 +0100

    Set sticky notification to false for successful detection message

commit 116efc4d639bf916050099bfc489dcc51413e8a2
Author: alumnotv <[correo eliminado]>
Date:   Wed Feb 26 17:30:14 2025 +0100

    Improved report generation

commit 9317325943d35709a6df7869b4a4a3d4991ce486
Author: alumnotv <[correo eliminado]>
Date:   Wed Feb 26 17:29:49 2025 +0100

    Added more demo data

commit 0d2ff7dee98480cad66166ee37a2a15bb503dd07
Author: alumnotv <[correo eliminado]>
Date:   Tue Feb 25 21:07:29 2025 +0100

    Improved result detection

commit 022745196a7f7e7caa6fbc47acb4bcfec1bd1af5
Author: alumnotv <[correo eliminado]>
Date:   Tue Feb 25 20:57:12 2025 +0100

    Removed useless deletion span in view_ner_report_form.xml inside class o_stat_info

commit e47d5f2a7851814d25bfdc54ba53ff5c821a8c45
Author: alumnotv <[correo eliminado]>
Date:   Tue Feb 25 19:23:53 2025 +0100

    removed useless dataset field in dataset form

commit e1a672446e345fe311bb2bb5201d8d24f1fb5e0e
Author: alumnotv <[correo eliminado]>
Date:   Tue Feb 25 19:23:15 2025 +0100

    Added help clues

commit fc6dcc1a483cc36a090b6babfa518ccc0e279efe
Author: alumnotv <[correo eliminado]>
Date:   Tue Feb 25 19:19:21 2025 +0100

    Added help clues

commit f47751a4ee53cac2179089bee857c7f5a31f14d9
Author: alumnotv <[correo eliminado]>
Date:   Tue Feb 25 19:12:00 2025 +0100

    Removed wipe value reset

commit dbfa6a0bcecbd9b7c09505eeb0a2d1fce5dab63e
Author: alumnotv <[correo eliminado]>
Date:   Tue Feb 25 19:07:47 2025 +0100

    Added help clues and reset sanitizer checks when reopening the form

commit 6685f4ed21276e40168f6dd5c23e98088bcdd829
Author: alumnotv <[correo eliminado]>
Date:   Tue Feb 25 18:12:14 2025 +0100

    Added help clues and restricted entity assignment for already created models

commit 370a94cb8377161e7fbaaa4ab52ba3c0579c2bac
Author: alumnotv <[correo eliminado]>
Date:   Tue Feb 25 17:39:55 2025 +0100

    Removed deletion reports

commit a07fd5a829e059c1211dc7cc40790866f4419815
Author: alumnotv <[correo eliminado]>
Date:   Tue Feb 25 17:39:43 2025 +0100

    Removed model deletion button from view

commit da77b0a23a4c3ee8f313de384f473645ce0d6025
Author: alumnotv <[correo eliminado]>
Date:   Tue Feb 25 17:39:26 2025 +0100

    Deleted model deletion functionality, added help queues and marked name as unique

commit 1898277b37ccd6f336c28b404b61b54f3dccd821
Merge: 218722b 1dc44e6
Author: alumnotv <[correo eliminado]>
Date:   Tue Feb 25 17:04:52 2025 +0100

    Merge remote-tracking branch 'origin/main' into main
    
    # Conflicts:
    #       .idea/csv-editor.xml

commit 218722b43c4000862da652df6867f40b9dbe7d55
Author: alumnotv <[correo eliminado]>
Date:   Tue Feb 25 17:04:14 2025 +0100

    renamed models

commit 1dc44e6920a5d06d50d85f5643f42e34ca1e2514
Author: Andrei Darius Bacanu <[correo eliminado]>
Date:   Tue Feb 25 14:31:50 2025 +0100

    Added image in demo data

commit 2b3c9114f1f1136b4a1bb070ad3f363c3e3c7435
Author: Andrei Darius Bacanu <[correo eliminado]>
Date:   Tue Feb 25 14:31:34 2025 +0100

    Changed model names

commit d98e35626614a5a53f54d564b9f66e09a54e24ef
Author: Andrei Darius Bacanu <[correo eliminado]>
Date:   Mon Feb 24 23:41:47 2025 +0100

    Changed model names

commit 961ee4b2089ddcf725c484eea269fd914bfef05c
Author: alumnotv <[correo eliminado]>
Date:   Mon Feb 24 21:08:25 2025 +0100

    renamed models

commit 86e42a406115621af67bc5f0a4a8e4a07ef9eb79
Author: alumnotv <[correo eliminado]>
Date:   Mon Feb 24 20:29:38 2025 +0100

    renamed project

commit 4a29b5df9c3fb4d715e6a8d523aaebecf70abc62
Author: alumnotv <[correo eliminado]>
Date:   Mon Feb 24 20:28:41 2025 +0100

    renamed project

commit 42e956c7ddab1bab1e3e791603acd707615ea5fd
Author: Andrei Darius Bacanu <[correo eliminado]>
Date:   Mon Feb 24 12:42:02 2025 +0100

    Refactored methods

commit a9302c25b6d4839e35743cb05938465b81a48d43
Author: Andrei Darius Bacanu <[correo eliminado]>
Date:   Mon Feb 24 12:41:32 2025 +0100

    Removed unused icons

commit 546dcbf5ca98294dce6fabf21d27f917e8896253
Author: Andrei Darius Bacanu <[correo eliminado]>
Date:   Mon Feb 24 12:41:20 2025 +0100

    More aesthetically pleasing views

commit e21272c05fd0be0d6d1fb9be43ac19c7e9af005d
Author: Andrei Darius Bacanu <[correo eliminado]>
Date:   Mon Feb 24 12:40:38 2025 +0100

    Improved deletion functionality

commit 4b8a9c293e2a33e40867528ae7d47025638e2672
Author: Andrei Darius Bacanu <[correo eliminado]>
Date:   Mon Feb 24 12:40:06 2025 +0100

    Models and icons

commit 2bc6670d4548d2d4cd04ce2e37f15a107e14c117
Author: Andrei Darius Bacanu <[correo eliminado]>
Date:   Sat Feb 22 22:38:05 2025 +0100

    Improved report creation

commit c3ab43fc3d8cad9f74af973d20c6a575aa3bb702
Author: alumnotv <[correo eliminado]>
Date:   Fri Feb 21 21:00:08 2025 +0100

    Added report creation for each action

commit 536cd032686fd4e556860d9a071c300a5b92eebc
Author: alumnotv <[correo eliminado]>
Date:   Fri Feb 21 20:59:30 2025 +0100

    Improved annotation kanban view

commit 2822ced71a24d18ace426b8948de3aa001477c0b
Author: Andrei Darius Bacanu <[correo eliminado]>
Date:   Fri Feb 21 15:50:44 2025 +0100

    Improved entity name extraction

commit e024538e260bbe926790206c07b82524433d2748
Author: alumnotv <[correo eliminado]>
Date:   Wed Feb 19 20:17:56 2025 +0100

    Changed record count when creating data training report

commit 0f221ee0e74ed954aa383d69e2011f6622c113be
Author: alumnotv <[correo eliminado]>
Date:   Wed Feb 19 20:14:06 2025 +0100

    Changed reference name when creating data training report

commit e398ed175f674343f6567d26d7f428aca2348a86
Author: alumnotv <[correo eliminado]>
Date:   Wed Feb 19 19:58:05 2025 +0100

    Changed module name

commit 56ac11244b849659c8af4087f025a3a231c287ec
Author: alumnotv <[correo eliminado]>
Date:   Wed Feb 19 19:57:40 2025 +0100

    Changed module name

commit 95fc8ceb78242660f8178c01cf568388bec1a5ab
Author: alumnotv <[correo eliminado]>
Date:   Wed Feb 19 19:57:01 2025 +0100

    Now the training methods return a result list

commit de42353fe74c5dc7abeb317b7d90ae6da13e4a17
Author: alumnotv <[correo eliminado]>
Date:   Wed Feb 19 19:56:11 2025 +0100

    Created report model and views

commit f160e3831b4f7d6f8d63f87e8107a03e2245388b
Author: Andrei Darius Bacanu <[correo eliminado]>
Date:   Wed Feb 19 13:28:31 2025 +0100

    Updated views

commit 9640b793c930385284c028e687dfca10bb32fe4a
Author: alumnotv <[correo eliminado]>
Date:   Mon Feb 17 21:03:04 2025 +0100

    Added views xml files

commit 62824c8c70a527a5b28830f2a8199ea66c453ddd
Author: alumnotv <[correo eliminado]>
Date:   Mon Feb 17 21:00:23 2025 +0100

    NER model and functioning improved

commit b3736630b1b0cf7af2ec3ecb5c689f7affdbf86d
Author: alumnotv <[correo eliminado]>
Date:   Mon Feb 17 20:59:47 2025 +0100

    Inserted demo data

commit b0f143c167526e5b780b2ee51765d611dd46e3f5
Author: alumnotv <[correo eliminado]>
Date:   Mon Feb 17 20:57:27 2025 +0100

    Created demo data

commit 602e309f8918b15ee72437aa0a941097e23fb262
Author: Andrei Darius Bacanu <[correo eliminado]>
Date:   Mon Feb 17 14:16:51 2025 +0100

    Demo data added

commit be214ec44644d98401ddff5d18daa91410f89693
Author: alumnotv <[correo eliminado]>
Date:   Fri Feb 14 21:04:11 2025 +0100

    NER procesing improvements

commit ba4d1ed521a9c77da539807b9edf8fe29a72755f
Author: alumnotv <[correo eliminado]>
Date:   Thu Feb 13 21:03:48 2025 +0100

    Implemented annotation data retrieval

commit 67c06d6b0085e477f4e3bdfab0550a3692e5e09e
Author: alumnotv <[correo eliminado]>
Date:   Thu Feb 13 19:58:21 2025 +0100

    Implemented annotation data retrieval

commit 6a28112e4b9036e92b75db27900776620cb52fd9
Author: alumnotv <[correo eliminado]>
Date:   Thu Feb 13 19:41:31 2025 +0100

    Ner controllern now accepts raw data

commit ae31fc95d40376743875aab370a4e893f370066b
Author: alumnotv <[correo eliminado]>
Date:   Thu Feb 13 18:55:07 2025 +0100

    Autoactualizacion activada

commit 65548594aba6d02368f51237fadaca6907100d2f
Author: alumnotv <[correo eliminado]>
Date:   Mon Feb 10 20:52:11 2025 +0100

    Relation fix

commit 923468569210e3035e138738ac22653b17f9f4f8
Author: alumnotv <[correo eliminado]>
Date:   Mon Feb 10 20:51:55 2025 +0100

    Relation fix

commit 340266233e97c87395ec60ee0de50364f0b92767
Author: Andrei Darius Bacanu <[correo eliminado]>
Date:   Mon Feb 10 16:16:01 2025 +0100

    Commit

commit 4b8b2e2186dd41e65f67df823e4345ac207c5955
Author: alumnotv <[correo eliminado]>
Date:   Wed Jan 29 20:33:10 2025 +0100

    Commit
