commit 77a13f21e724ec9f9635c77a6e60961a6b579f76
Author: AlbaBer15 <[correo eliminado]>
Date:   Tue Mar 4 12:32:15 2025 +0100

    campo calculado color cal + creacion calendario

commit 9b7d85fef4a5a060a1779962b28808051e27fe40
Author: AlbaBer15 <[correo eliminado]>
Date:   Tue Mar 4 03:36:23 2025 +0100

    Imagen form

commit 8a20d4f36187b3611213f332632455661fc9764e
Author: AlbaBer15 <[correo eliminado]>
Date:   Tue Mar 4 03:35:55 2025 +0100

    clase extra

commit 05173add60e6910ad1da18cecdb2f052998a68f0
Author: AlbaBer15 <[correo eliminado]>
Date:   Tue Mar 4 03:35:33 2025 +0100

    datos demo

commit 1a306d0b790a4d953d8d97edf28b0fa6949f7e22
Author: AlbaBer15 <[correo eliminado]>
Date:   Mon Mar 3 23:33:26 2025 +0100

    Icono modulo

commit 685ce733d4c8aa18f70009e776e1875d7a0634f3
Author: AlbaBer15 <[correo eliminado]>
Date:   Mon Mar 3 22:01:33 2025 +0100

    Imagen representativa + sol error default

commit e5c307c67fb4b32485dc22fcc75509836b81c3dc
Author: AlbaBer15 <[correo eliminado]>
Date:   Mon Mar 3 21:09:18 2025 +0100

    update menus.xml

commit f88a8f0d07fb47070f16d3583a703c0a85bdbd38
Author: AlbaBer15 <[correo eliminado]>
Date:   Mon Mar 3 20:57:22 2025 +0100

    edit menù + permisos

commit d603235354659fae05ef7e98835d33dd95759fc1
Author: AlbaBer15 <[correo eliminado]>
Date:   Mon Mar 3 20:24:24 2025 +0100

    agregar menu

commit c3231d7d5078f2f080e5d9fce16c136775c5aa26
Author: AlbaBer15 <[correo eliminado]>
Date:   Mon Mar 3 16:01:11 2025 +0100

    borrar carpetas sobrantes

commit b5677e53ebd14c6e9bd2c09750609a4b42b5f2bd
Author: AlbaBer15 <[correo eliminado]>
Date:   Wed Feb 26 19:24:15 2025 +0100

    UPDATE clases,relaciones, vistas

commit e10c60a55307812d97ea023e0b40d0fe5afd83cd
Author: AlbaBer15 <[correo eliminado]>
Date:   Wed Feb 26 18:40:48 2025 +0100

    Creacion vistas + update manifest

commit 1d76a96d2c90a118371d635ef798c18468af61fc
Author: AlbaBer15 <[correo eliminado]>
Date:   Wed Feb 26 17:50:09 2025 +0100

    delete controllers, templates, update manifest

commit 111bc13a6f62bf62f3ea8a2b450f9754d9d2af56
Author: AlbaBer15 <[correo eliminado]>
Date:   Wed Feb 26 17:47:04 2025 +0100

    update clases + init

commit b9efb3b2ed0632a4da42ae19f6204d32e32328ff
Author: AlbaBer15 <[correo eliminado]>
Date:   Wed Feb 26 17:44:03 2025 +0100

    update manifest

commit 33e8e7a784db7e0184fa1a4f62c049f8890f74fc
Author: AlbaBer15 <[correo eliminado]>
Date:   Tue Feb 25 18:43:42 2025 +0100

    Modelos, creación clasess

commit 192e56e8113e043b2478b44bba65610b19abaa5d
Author: AlbaBer15 <[correo eliminado]>
Date:   Wed Feb 12 19:20:57 2025 +0100

    InicioScaffold
