commit aca8356b5b0a9fdc34a8de03bbeebc0b4b44fa52
Author: Alex18rpg <[correo eliminado]>
Date:   Tue Mar 4 03:34:10 2025 +0100

    Permisos Avanzados

commit a8d409db78dea3ed46001a2a1797573371fd63a0
Author: Alex18rpg <[correo eliminado]>
Date:   Sun Mar 2 20:13:56 2025 +0100

    Arreglo Kanban, campo calculado

commit 75e0a25e63dbbe25dcf8fba161fa74968e3ccdf3
Author: Alex18rpg <[correo eliminado]>
Date:   Sat Mar 1 00:41:06 2025 +0100

    Comit: Relacion many2many, clases, kanban, chatter

commit c554784cc97a3c081ed97a792693a0aa2808cd19
Author: alex18rpg <[correo eliminado]>
Date:   Thu Feb 27 14:01:08 2025 +0100

    Relacion Lider_Subdito vista

commit 25bb8e7503b338a4c860e7fee41c91670a64e15c
Author: alex18rpg <[correo eliminado]>
Date:   Thu Feb 27 13:52:50 2025 +0100

    Clases, vistas,icono relacion subdito-lider

commit a995d28a3419ac2e3274c49fd047a8c9f462d3fe
Author: alex18rpg <[correo eliminado]>
Date:   Tue Feb 25 14:14:40 2025 +0100

    Seleccion tipo

commit 6467380f946655f15a7a65a6e69844a969969e9c
Author: alex18rpg <[correo eliminado]>
Date:   Tue Feb 25 14:10:05 2025 +0100

    Datos Demo, imagen en vista

commit fa93c790b73f9f3296919987ad3ed0ce174a98d5
Author: alex18rpg <[correo eliminado]>
Date:   Fri Feb 21 10:45:59 2025 +0100

    Error dislexia solucionado

commit 860c890777c76ccb5e0e9aa40fab202c51078d04
Author: alex18rpg <[correo eliminado]>
Date:   Fri Feb 21 10:39:40 2025 +0100

    Icono+vistas y me falla al borrar el comentario de la vista entrenadores

commit 99a8a8ffc39d358b5abf26f4b33c4dc4e8b3e663
Author: alex18rpg <[correo eliminado]>
Date:   Thu Feb 20 11:11:07 2025 +0100

    Subido

commit fd7a7d54c6067073f5008c0d583d2abd349d3a52
Author: alex18rpg <[correo eliminado]>
Date:   Thu Feb 13 11:11:02 2025 +0100

    Permisos

commit 2745d3ca2260a65caa04d68eb779b6870d0cf165
Author: alex18rpg <[correo eliminado]>
Date:   Tue Feb 11 14:13:10 2025 +0100

    Creacion clases gimnasio

commit 6fcbfab58b492560acc7a7407641ac2fd48c0cf9
Author: alex18rpg <[correo eliminado]>
Date:   Fri Feb 7 14:13:35 2025 +0100

    Nueva Categoria

commit f0fcc665970a39c5411b3f54196f958beec27366
Author: alex18rpg <[correo eliminado]>
Date:   Fri Feb 7 13:36:05 2025 +0100

    Views

commit dff8d7f40dfc9767841edfdae408c4f6201579b8
Author: alex18rpg <[correo eliminado]>
Date:   Fri Feb 7 12:59:44 2025 +0100

    Vista form y vista tree

commit c2a855115d0837806b98d14833b3beb97864d0fb
Author: alex18rpg <[correo eliminado]>
Date:   Tue Feb 4 13:10:12 2025 +0100

    Quitar carpeta controllers

commit a54a3c3e3e28333e0cce45f636a5f6fafe6af12f
Author: alex18rpg <[correo eliminado]>
Date:   Fri Jan 31 10:11:10 2025 +0100

    Primer comit
    Creacion del sccafold del proyecto supermercado

commit 0b94fe7a8828a872f631c12044573433d2c6419c
Merge: 6c143c9 78de40b
Author: alex18rpg <[correo eliminado]>
Date:   Thu Jan 30 10:24:47 2025 +0100

    Merge branch 'javnitram:main' into main

commit 6c143c9ac77952070da61b52ed910c31f4c319f8
Author: alex18rpg <[correo eliminado]>
Date:   Tue Jan 28 12:46:59 2025 +0100

    Updated LICENSE

commit 3b1131abf912c0bb947d663ca44356a5f5e0a840
Author: alex18rpg <[correo eliminado]>
Date:   Tue Jan 28 12:37:30 2025 +0100

    Updated files
