commit 914f72cf4ee716213641c717cb43764466b3295d
Author: AlejandroGonzalezJimenez <[correo eliminado]>
Date:   Mon Feb 24 16:35:07 2025 +0100

    Eliminacion sge_libreria

commit 0663152baa4a9c59430b8e3ab5c87bdced248a01
Author: AlejandroGonzalezJimenez <[correo eliminado]>
Date:   Fri Feb 21 11:02:15 2025 +0100

    Datos de demo avanzados y chatter

commit 1ec4be563fb962279109032f90d59a8fdd9a3de7
Author: AlejandroGonzalezJimenez <[correo eliminado]>
Date:   Thu Feb 20 11:38:19 2025 +0100

    20/02

commit 6449eddcbd33618b60427590841adcee1c251e5b
Author: AlejandroGonzalezJimenez <[correo eliminado]>
Date:   Tue Feb 18 14:13:32 2025 +0100

    Icono para el módulo

commit 9ee9ffee20537f6c20aba2bc761555377cccfa4e
Author: AlejandroGonzalezJimenez <[correo eliminado]>
Date:   Tue Feb 18 14:00:31 2025 +0100

    Relaciones many 2 many

commit be21ebbbcfaa40ca8f7b1616dd29d8e88680bc87
Author: AlejandroGonzalezJimenez <[correo eliminado]>
Date:   Fri Feb 14 14:13:15 2025 +0100

    Relaciones 1 a N

commit 573f2f1f0987ae6ac5d88b24cbd7c4b48e4ddf60
Author: AlejandroGonzalezJimenez <[correo eliminado]>
Date:   Tue Feb 11 14:14:02 2025 +0100

    Acciones

commit a4d874c6825682934ff250aa69f4226058e6b970
Author: AlejandroGonzalezJimenez <[correo eliminado]>
Date:   Tue Feb 4 14:12:53 2025 +0100

    Clases del proyecto creadas

commit 7da9c87a25ade6dca9f6e188d1bd5bc5e5d6cc18
Author: AlejandroGonzalezJimenez <[correo eliminado]>
Date:   Fri Jan 31 10:13:11 2025 +0100

    Comienzo

commit f0105c5574d8a0c78e3b651a921ef305977dcaae
Merge: 0f5bb78 78de40b
Author: AlejandroGonzalezJimenez <[correo eliminado]>
Date:   Thu Jan 30 10:24:24 2025 +0100

    Merge branch 'javnitram:main' into develop

commit 0f5bb78b8ffc8a8064f37c1631b24eb693862f45
Author: AlejandroGonzalezJimenez <[correo eliminado]>
Date:   Tue Jan 28 12:38:47 2025 +0100

    Update files
