commit 69d47c0612156015e48a7d55a3b1dba33facf97e
Author: EironnESP <[correo eliminado]>
Date:   Thu Feb 27 11:58:33 2025 +0100

    añadido group by a competidor

commit b4a8244e7d5f451fd31adb5a2c9a85d9e52b1cb0
Author: EironnESP <[correo eliminado]>
Date:   Tue Feb 25 13:50:57 2025 +0100

    añadida vista de search y chatter a competidor

commit 3ec4524690226061b45a429b064d46ee58fd1e6b
Author: EironnESP <[correo eliminado]>
Date:   Thu Feb 20 11:10:07 2025 +0100

    añadidas traducciones y vista calendar a carreras

commit fcc079acaa6339c47622a28cbf78d146504f16c6
Author: EironnESP <[correo eliminado]>
Date:   Thu Feb 20 11:06:51 2025 +0100

    Añadidas traducciones y vista calendar a carreras

commit 896cf92130d92cef2df4bd41236f959ffbcbd26c
Author: EironnESP <[correo eliminado]>
Date:   Tue Feb 18 14:06:01 2025 +0100

    sge libreria borrado

commit 1eb79e947fbd3235c2eb2725d67e82072b4b91e8
Author: EironnESP <[correo eliminado]>
Date:   Tue Feb 18 13:54:18 2025 +0100

    añadidos grupos y datos de demo complejos

commit 02f00a96e734498e2fd1aabcc85470d4939a0d28
Author: EironnESP <[correo eliminado]>
Date:   Fri Feb 14 13:55:54 2025 +0100

    añadidos permisos de grupos base y tablas anidadas

commit 27fe397b578ced00c4fcb3073729b40238e2ff9f
Author: EironnESP <[correo eliminado]>
Date:   Tue Feb 11 14:07:34 2025 +0100

    añadidos menus y datos de demo sin relaciones

commit 01be7a67c62772e5e0e7d3b6149bafd568ffe26f
Author: EironnESP <[correo eliminado]>
Date:   Thu Feb 6 11:44:47 2025 +0100

    añadidos las primeras vistas y modelos acabados

commit 86b4e781df2edcae5872d96562a5dc759b8070d8
Author: EironnESP <[correo eliminado]>
Date:   Tue Feb 4 13:44:11 2025 +0100

    Añadidas las clases del karting

commit 7f0551ee06e2e812bd0523d8cca07368653b0f20
Author: EironnESP <[correo eliminado]>
Date:   Fri Jan 31 10:13:18 2025 +0100

    Libro y categoría añadidos + karting con kart

commit adb5206b739de79de46ad6e871cdf2710dc85a59
Merge: 16aac63 78de40b
Author: Eironn__ <[correo eliminado]>
Date:   Thu Jan 30 10:24:18 2025 +0100

    Merge branch 'javnitram:main' into develop

commit 16aac63c34e8654c370cc55de0843c6cb2ff5089
Author: EironnESP <[correo eliminado]>
Date:   Tue Jan 28 12:37:58 2025 +0100

    update files
