commit bc098fa16b4e5895a59aa5303ddec297e5245459
Author: Aionmc <[correo eliminado]>
Date:   Tue Feb 25 14:17:40 2025 +0100

    Informe y busquedas

commit 1f103c2bc97a698d1855d1e85b834a6b63994635
Author: Aionmc <[correo eliminado]>
Date:   Tue Feb 25 12:38:53 2025 +0100

    Chatter finalizado

commit b6212cc22dda069b175a8ebc81a7e5932a7f6b63
Author: Aionmc <[correo eliminado]>
Date:   Fri Feb 21 10:09:07 2025 +0100

    mejorado

commit e3a2c645b466d1337fcebc67832974254a0c2210
Author: Aionmc <[correo eliminado]>
Date:   Fri Feb 21 10:00:04 2025 +0100

    datos de demo avanzados

commit a17e834e9dd4feb484a7b849d00f28e2ae9a011d
Author: Aionmc <[correo eliminado]>
Date:   Thu Feb 20 13:05:14 2025 +0100

    chatter e imagen de módulo

commit 60a25cd56d224be09263a855a7f9876925954a9d
Author: Aionmc <[correo eliminado]>
Date:   Tue Feb 18 14:15:34 2025 +0100

    vistas,relaciones y demo 2

commit 0b595ec7a2f725eac0c47fa5f76c7a3aeeb8c4e2
Author: Aionmc <[correo eliminado]>
Date:   Tue Feb 18 13:54:18 2025 +0100

    vistas, relaciones y demo

commit f99e134c44abf433e370e60b0114d7f054576ed9
Author: Aionmc <[correo eliminado]>
Date:   Tue Feb 11 14:15:33 2025 +0100

    Demo data

commit b4f5346432b828730fec6fd94c6e8c8ce690a99b
Author: Aionmc <[correo eliminado]>
Date:   Fri Feb 7 14:13:16 2025 +0100

    Todas las clases y vistas creadas

commit 8b25ae65bc5fa453da0e03154eb01c30cd75d558
Author: Aionmc <[correo eliminado]>
Date:   Tue Feb 4 14:14:27 2025 +0100

    Creación de las primeras clases

commit 39f6ce9b74463d0382efa9b1669ea4333b250eda
Author: Aionmc <[correo eliminado]>
Date:   Fri Jan 31 10:13:19 2025 +0100

    Estructura proyecto creada

commit 85c2511e2ea4149769b883a51f21f5500173edf2
Merge: e3ceb87 78de40b
Author: Aionmc <[correo eliminado]>
Date:   Thu Jan 30 10:24:23 2025 +0100

    Merge branch 'javnitram:main' into develop

commit e3ceb87d3b4fe965a9164be5b63cde481256cfce
Author: Aionmc <[correo eliminado]>
Date:   Tue Jan 28 12:38:00 2025 +0100

    Update files
