commit 8e8c6502990948c9a8bfd36bb96800d3852250fc
Author: AlvaroPG2004 <[correo eliminado]>
Date:   Thu Feb 27 18:07:12 2025 +0100

    Views modificadas apg_distribuidor

commit d0d2b5cf655c058fd505a1d1e5ed02e0d3d23cac
Author: AlvaroPG2004 <[correo eliminado]>
Date:   Thu Feb 27 17:50:41 2025 +0100

    Cambios en las clases de apg_distribuidor

commit 1465d30f231809f29b7bd60d82b64f553524d6ff
Author: AlvaroPG2004 <[correo eliminado]>
Date:   Wed Feb 26 19:51:34 2025 +0100

    Primera version de los permisos de apg_distribuidor y sge_libreria

commit 53df0736d42315100a195ed77e91229b43934630
Author: AlvaroPG2004 <[correo eliminado]>
Date:   Wed Feb 26 19:27:00 2025 +0100

    Modificaciones a las vistas de apg_distribuidor

commit b9ed49fc3e3a0a47b81928657a6ac42b6b0bb060
Author: AlvaroPG2004 <[correo eliminado]>
Date:   Wed Feb 26 17:50:17 2025 +0100

    Manifest de sge_libreria

commit 9d89c161cf8f477304cddcbb73133c90c1375f31
Author: AlvaroPG2004 <[correo eliminado]>
Date:   Wed Feb 26 17:49:52 2025 +0100

    Datos demos de sge_libreria para categoria

commit 82f0af14406c9e0fd9804196e3cbde04bd73f2ec
Author: AlvaroPG2004 <[correo eliminado]>
Date:   Wed Feb 26 17:49:25 2025 +0100

    Vista de Categoria de sge_libreria

commit 932ac898207980e03e4dfc3730cc68d0516b164e
Author: AlvaroPG2004 <[correo eliminado]>
Date:   Wed Feb 26 17:41:48 2025 +0100

    Manifest de apg_distribuidor

commit 28d62416468321cc82a17de690ed48a1c35cd84f
Author: AlvaroPG2004 <[correo eliminado]>
Date:   Mon Feb 24 21:05:16 2025 +0100

    Init implentado apg_distribuidor

commit 902c31bd07686cab8be6e36e0ed74621415454c1
Author: AlvaroPG2004 <[correo eliminado]>
Date:   Mon Feb 24 21:04:28 2025 +0100

    Datos demo apg_distribuidor

commit 5598c81edc610e79913fe00a71938cebd93ea936
Author: AlvaroPG2004 <[correo eliminado]>
Date:   Wed Feb 19 19:25:00 2025 +0100

    cambios en los modelos

commit 7f9508db2a0f6679de3ff43cff1be31833585d89
Author: AlvaroPG2004 <[correo eliminado]>
Date:   Wed Feb 12 19:33:01 2025 +0100

    Plataforma view

commit 22c68cf7e4463ff84590fb91161567622b677b96
Author: AlvaroPG2004 <[correo eliminado]>
Date:   Wed Feb 12 19:32:46 2025 +0100

    Desarroladora revisado

commit df69d9eb027100141458aa5451987e328e152929
Author: AlvaroPG2004 <[correo eliminado]>
Date:   Wed Feb 12 19:05:32 2025 +0100

    View distribuodor videojuegos

commit ee51da8ebb3f15a664d38dd291642f142cc11976
Author: AlvaroPG2004 <[correo eliminado]>
Date:   Wed Feb 12 19:05:02 2025 +0100

    init libreria clases

commit eff16076457496ae247dc6f985987103a04cc664
Author: AlvaroPG2004 <[correo eliminado]>
Date:   Wed Feb 12 19:04:30 2025 +0100

    Init distribuidor clases

commit 6b16ed21c19304cbd6b61d2c5b7a73cb10ea8a97
Author: AlvaroPG2004 <[correo eliminado]>
Date:   Wed Feb 12 19:00:56 2025 +0100

    Views apg_distribuidor

commit dbf2f106ad1cf33e5456be8d878fdb25f8ef4cd6
Author: AlvaroPG2004 <[correo eliminado]>
Date:   Wed Feb 12 18:10:33 2025 +0100

    Clases de apg_distribuidora

commit ea01918f490f0f09377e5c4c8db3a85ff9634ea6
Author: AlvaroPG2004 <[correo eliminado]>
Date:   Wed Feb 12 18:09:32 2025 +0100

    Clases de libreria

commit 9db513a780c2383aca7ba996d7a8363b21609e7e
Author: AlvaroPG2004 <[correo eliminado]>
Date:   Wed Feb 12 18:09:01 2025 +0100

    View categoria y menu de libreria

commit 015817b36dbf93dde4a0a42759be8ab36487def9
Author: AlvaroPG2004 <[correo eliminado]>
Date:   Wed Feb 12 18:07:07 2025 +0100

    init de libreria

commit 5a11562b100a20359c38cf792a3a0fa913b9b995
Author: AlvaroPG2004 <[correo eliminado]>
Date:   Wed Feb 12 18:06:43 2025 +0100

    Confirmacion de la configuracion

commit 66d9ac176abad695b107fcfb725e644d248f24f8
Author: AlvaroPG2004 <[correo eliminado]>
Date:   Wed Feb 12 18:05:31 2025 +0100

    Modificacion init de apg_distribuidor

commit 0880aa97ea7dd9f35359a8c2630f903a8bb7ebc8
Author: AlvaroPG2004 <[correo eliminado]>
Date:   Mon Feb 3 21:00:15 2025 +0100

    Pongo permisos de ejecucion en set_permissions.sh
