commit 9c14c5c35b1fa1bcfe66f4bca41fa8a9f3839859
Author: Sr-Vzqz <[correo eliminado]>
Date:   Thu Feb 27 18:04:02 2025 +0100

    Commit con todo funcionando

commit 4762504bb42e4493b36a2d786144edca2fe169c1
Author: Sr-Vzqz <[correo eliminado]>
Date:   Thu Feb 27 17:59:34 2025 +0100

    Añadidos campos de imagen y de capacitación en empleado, modificación del demo data
    para incluir al empleado

commit 87100dda8f11b9d1390d440a57932e28c93f87f1
Author: Sr-Vzqz <[correo eliminado]>
Date:   Thu Feb 27 14:14:08 2025 +0100

    Creación modelo capacitación de seguridad
    Creación de demo data a espera de corregirlo

commit 57a5613f976250d37628ec60a2befc91b94af846
Author: Sr-Vzqz <[correo eliminado]>
Date:   Thu Feb 27 12:47:15 2025 +0100

    Arreglos en los cambios de nombre del commit anterior

commit bd879551239817dd1909e13abb9c3f91340349cf
Author: Sr-Vzqz <[correo eliminado]>
Date:   Thu Feb 27 11:58:03 2025 +0100

    Cambios del _name en los modelos para que sea igual que el nombre del módulo

commit 46585a9ee5f1deaebbb761414d8e2833ba4a192a
Author: Sr-Vzqz <[correo eliminado]>
Date:   Thu Feb 27 00:22:57 2025 +0100

    Cambio nombre ava_registroIncidentes.xml por ava_registroincidentes.xml

commit 54e11d7f5dfc6a157a2db5cce46beb04c5108a5d
Author: Sr-Vzqz <[correo eliminado]>
Date:   Thu Feb 27 00:22:26 2025 +0100

    Cambio de nombre archivo registroIncidente (Temporal)

commit c86b7ccd81b135ac18acfa0cafb37a2fd74509f4
Author: Sr-Vzqz <[correo eliminado]>
Date:   Wed Feb 26 13:02:45 2025 +0100

    Cambios en los nombres de todos los archivos para que no haya errores

commit 4c7564bd6043c5c3216e180e76fc3ad786cf6882
Author: Sr-Vzqz <[correo eliminado]>
Date:   Mon Feb 24 20:46:36 2025 +0100

    Creación del init.py en la carpeta general
    Modificaciones en la clase registroIncidentes(Quizá le cambie la funcionalidad porque no sirve de mucho)
    Creación de un XML para el menú principal del módulo
    Modificaciones en los XML de empleado, accidente, enfermedad y registroIncidentes para hacer el menú

commit ef48c5e30542acb45bff4467141deb290ad86e7b
Author: Sr-Vzqz <[correo eliminado]>
Date:   Mon Feb 24 10:24:51 2025 +0100

    Cambios empleado.xml

commit 16457cf0c37fdecd2d54eda19708ccc50b745f08
Author: Sr-Vzqz <[correo eliminado]>
Date:   Mon Feb 24 10:21:26 2025 +0100

    Modificación registroIncidentes

commit 392a8419240ed245187636faecef417cd5016e92
Author: Sr-Vzqz <[correo eliminado]>
Date:   Mon Feb 24 10:20:17 2025 +0100

    Error: No se reconoce la clase empleado

commit 3a3184184274002d7099ac5709a25286fe29d263
Author: Sr-Vzqz <[correo eliminado]>
Date:   Mon Feb 24 08:51:33 2025 +0100

    Borrar categoría y libro

commit 231f05842ef3d4dbfff5ab5d8ddcb9de623e7b72
Merge: 1174c75 88ab5b2
Author: Sr-Vzqz <[correo eliminado]>
Date:   Mon Feb 24 08:50:38 2025 +0100

    Siglas en minúscula

commit 1174c7547f054304f7cc6af441cee0f3a784f977
Author: Sr-Vzqz <[correo eliminado]>
Date:   Mon Feb 24 08:48:37 2025 +0100

    Cambio minúsculas en las siglas

commit 88ab5b20b3e6246561d35df8052defb22283967a
Author: Sr-Vzqz <[correo eliminado]>
Date:   Fri Feb 21 19:26:28 2025 +0100

    Arreglos en la importación del módulo
    Cambio de idea con hacer relaciones con HR

commit 3dd5899ca7d9cbd612fa8cd49f3991fbbcfb6e79
Author: Sr-Vzqz <[correo eliminado]>
Date:   Fri Feb 21 14:14:01 2025 +0100

    Error al actualizar el módulo

commit b1da2e2e768353298e5292e0930477ee6db76f4a
Author: Sr-Vzqz <[correo eliminado]>
Date:   Fri Feb 21 12:43:01 2025 +0100

    Borrado librería y creación Salud y seguridad

commit 1a157c6d74d841ded8cf7448c50a1752b68b5989
Author: Sr-Vzqz <[correo eliminado]>
Date:   Fri Feb 14 14:02:37 2025 +0100

    vistas funcionando

commit e36b1b8026072eeb7b71f238b2be9b6f433b0cd2
Author: Sr-Vzqz <[correo eliminado]>
Date:   Fri Feb 14 13:50:32 2025 +0100

    vistas simplificadas

commit 4a9ed6c9420d6a9648762cf3dbe4d7f0cace1bd7
Author: Sr-Vzqz <[correo eliminado]>
Date:   Wed Feb 12 13:19:43 2025 +0100

    E

commit 4133b7b4abec9c246990774da6c95ff73917fe06
Author: Sr-Vzqz <[correo eliminado]>
Date:   Mon Feb 10 09:48:52 2025 +0100

    Cambios en el init para añadir Categoria y libro

commit 10ff8081ba8882fcedf22398f8859c3e5083b902
Author: Sr-Vzqz <[correo eliminado]>
Date:   Mon Feb 10 09:48:37 2025 +0100

    Libro

commit 6f1edf9152070228152461a6c5e8a436167ebc02
Author: Sr-Vzqz <[correo eliminado]>
Date:   Mon Feb 10 09:46:22 2025 +0100

    Categoria

commit aea54103177d62d23bb4916f57dcd115dd8592ce
Author: Sr-Vzqz <[correo eliminado]>
Date:   Mon Feb 3 10:07:10 2025 +0100

    Mi primer modulo de prueba

commit be78f5f1fb2d3ba3c794f8233d8b6f48621fcf09
Author: Sr-Vzqz <[correo eliminado]>
Date:   Mon Feb 3 09:56:07 2025 +0100

    Inicio de odoo
