commit d30edf3a120e7d7b351da72ebc930da0e7381c48
Author: bbryan24 <[correo eliminado]>
Date:   Tue Mar 4 07:22:45 2025 +0100

    Eliminado los comentarios

commit 43b86067388626762d8167dc1979d1261af681bb
Author: bbryan24 <[correo eliminado]>
Date:   Tue Mar 4 07:16:38 2025 +0100

    Arreglos basicos, tree anidado

commit f0f1d84708a62100010510cb14868e6eacc89b4c
Author: bbryan24 <[correo eliminado]>
Date:   Tue Mar 4 06:52:06 2025 +0100

    Separado los views

commit ccde730a36b2d18d8659b5b4f551a30c1bcfec6d
Author: bbryan24 <[correo eliminado]>
Date:   Tue Mar 4 06:28:48 2025 +0100

    Añadido imagenes a los datos de demo

commit ed6e06244d3c9a144756b409a1d7709555b10e93
Author: bbryan24 <[correo eliminado]>
Date:   Tue Mar 4 06:00:15 2025 +0100

    Icono y carpetas de imagenes

commit b14f136ed8c8c705f88913b32d93ecdfee5c9227
Author: bbryan24 <[correo eliminado]>
Date:   Tue Mar 4 05:42:25 2025 +0100

    Añadido seguridad basica

commit 550ca5b6c5279a8c7f6d7aeb1b8a991f423c2808
Author: bbryan24 <[correo eliminado]>
Date:   Tue Mar 4 05:09:15 2025 +0100

    Avanzado cosas (Hice mal los commit de todas las semanas)

commit b9b729031e80dfb18403893289eddf7ecd7b2ded
Author: bbryan24 <[correo eliminado]>
Date:   Thu Feb 20 16:24:09 2025 +0100

    Febrero 20

commit 646dff7028a9fa2b689a4a047e0c165f9f25e7ba
Author: bbryan24 <[correo eliminado]>
Date:   Mon Feb 17 20:29:16 2025 +0100

    lun 17
