commit 9af23cb09c3135b2ae62a25c786f4268e5d5101d
Author: Dracoetarea <dracoetarea@gmail.com>
Date:   Mon Feb 24 10:18:00 2025 +0100

    Modulo reparacion agregado, borrado de archivos innecesarios, icono de la aplicacion añadido y datos de demo (no van todavia)

commit caea480a4e90a733a06abb72715a439092f8c260
Author: Dracoetarea <dracoetarea@gmail.com>
Date:   Mon Feb 24 10:15:59 2025 +0100

    Nuevo modulo creado, icono de la aplicacion agregado, borrado de archivos innecesarios y datos de demo agregados (no van todavia)

commit 0294d24f152766b20a03e1dcd3a4d778a3cabfd6
Author: Dracoetarea <dracoetarea@gmail.com>
Date:   Fri Feb 21 14:13:18 2025 +0100

    Añado Modulo aviso_revision

commit 87252ef80721aec3f382a219d58a7444c62caeb8
Author: Dracoetarea <dracoetarea@gmail.com>
Date:   Fri Feb 21 13:25:52 2025 +0100

    cambio nombre

commit 4ffe5c1e294b5a3dea0c98a59fc53c077495369a
Author: Dracoetarea <dracoetarea@gmail.com>
Date:   Fri Feb 21 13:16:50 2025 +0100

    Cambio Nombre

commit fa0831968197b2c70b645fb60c59401bf9010d49
Author: Dracoetarea <dracoetarea@gmail.com>
Date:   Fri Feb 21 13:12:11 2025 +0100

    cambio de nombre a caa_transporte

commit 725881dcce98da51d0a3e1998023afb4d345bd86
Author: Dracoetarea <dracoetarea@gmail.com>
Date:   Fri Feb 21 12:17:33 2025 +0100

    Error en menus.xml con el remolque

commit 69abf78e1bb93292ebc635080d46f692996cc51b
Author: Dracoetarea <dracoetarea@gmail.com>
Date:   Fri Feb 21 12:10:11 2025 +0100

    Relacion corregida entre camion y remolque

commit 340e6bc158c85247724006d4658ee7246f226c4a
Author: Dracoetarea <dracoetarea@gmail.com>
Date:   Fri Feb 21 12:05:55 2025 +0100

    cambio en menus.xml

commit bac0401c0875bb5b83e2863cd80b5ef2b8062f65
Author: Dracoetarea <dracoetarea@gmail.com>
Date:   Fri Feb 21 12:05:45 2025 +0100

    cambio en menus.xml

commit 4ff1aa961c97ab0aaca63b67f7ec5f8e9078d34e
Author: Dracoetarea <dracoetarea@gmail.com>
Date:   Tue Feb 18 13:25:29 2025 +0100

    nombres mal puestos

commit 0cb120cfacc5957517e85fc7cfc5c5ef2b214ba4
Author: Dracoetarea <dracoetarea@gmail.com>
Date:   Tue Feb 18 13:21:49 2025 +0100

    añado menus.xml al manifest y el security

commit 28a36653e221f16a01fb5a1c89100809f938e0a5
Author: Dracoetarea <dracoetarea@gmail.com>
Date:   Tue Feb 18 13:19:50 2025 +0100

    añado sequence a los action

commit f8d78a1ab882b3178ba677b0249a2432365fd4fe
Author: Dracoetarea <dracoetarea@gmail.com>
Date:   Tue Feb 18 13:15:38 2025 +0100

    añadir csv a manifest.py

commit 864c259d6442dd728ec1d4553811009dcdeef7f5
Author: Dracoetarea <dracoetarea@gmail.com>
Date:   Tue Feb 18 13:10:42 2025 +0100

    permisos csv

commit c53155c1d10a346f1fb99118f28dd95b6290ee54
Author: Dracoetarea <dracoetarea@gmail.com>
Date:   Tue Feb 18 13:00:08 2025 +0100

    Muevo los action arriba de menus.xml

commit cf7a7955a5efcdfaed6b8fbe549e34e95d212a40
Author: Dracoetarea <dracoetarea@gmail.com>
Date:   Tue Feb 18 10:08:42 2025 +0100

    cambio id en camion.xml

commit de33410607f03315e466af9e5f3ce80be86d595d
Author: Dracoetarea <dracoetarea@gmail.com>
Date:   Tue Feb 18 10:05:41 2025 +0100

    faltaba # -*- coding: utf-8 -*-

commit b63e6b21670302e43cd41013986073595017a96e
Author: Dracoetarea <dracoetarea@gmail.com>
Date:   Tue Feb 18 10:00:49 2025 +0100

    faltaba el cierre en remolque.xml

commit 486de9805fc0d1362fb2479d19304d668eb71c6a
Author: Dracoetarea <dracoetarea@gmail.com>
Date:   Tue Feb 18 09:59:33 2025 +0100

    camnio name a nombre en camion.xml

commit f5cabfd0a98a95caa95329a3979c60be72171b65
Author: Dracoetarea <dracoetarea@gmail.com>
Date:   Tue Feb 18 09:57:04 2025 +0100

    menu remolque y vista form de camion

commit 2ecb16b1e7b429f4d25abaeb3fc5b14950a6ec9d
Author: Dracoetarea <dracoetarea@gmail.com>
Date:   Tue Feb 18 09:50:07 2025 +0100

    faltaba cierre en </record> de remolque.xml

commit ab1b3376c6b6947edcc8833f6099455835075598
Author: Dracoetarea <dracoetarea@gmail.com>
Date:   Tue Feb 18 09:49:42 2025 +0100

    Error en los nombres

commit e0dc99e6f5ea9c75c0bc1e7e411e8b02603e3938
Author: Dracoetarea <dracoetarea@gmail.com>
Date:   Tue Feb 18 09:47:50 2025 +0100

    vista remolque

commit 2f6739158ac26ded499254482bb2a7afe6209b47
Author: Dracoetarea <dracoetarea@gmail.com>
Date:   Tue Feb 18 09:44:19 2025 +0100

    modelo remolque y relacion entre camion y remolque

commit 986d3b34e5bee90739303e5a1d562795540f3324
Author: Dracoetarea <dracoetarea@gmail.com>
Date:   Tue Feb 18 09:15:45 2025 +0100

    vista form en menus.xml

commit c3bdc90c05d1fa7a95e2e4991cee5a78bfff8426
Author: Dracoetarea <dracoetarea@gmail.com>
Date:   Tue Feb 18 09:11:30 2025 +0100

    dejo como estava menus.xml el problema era en el init.py que debia importar el modelo camion y no "models" ya que lo hago en el init principal

commit 08f9a4db60d23032dfe0b3ab80f3a8734cb9f52f
Author: Dracoetarea <dracoetarea@gmail.com>
Date:   Tue Feb 18 09:10:27 2025 +0100

    edito init.py

commit 17f8b9c0b0ba46595060b1e00bd1240a7a993116
Author: Dracoetarea <dracoetarea@gmail.com>
Date:   Tue Feb 18 09:05:01 2025 +0100

    añadir "," en manifest.py

commit 4729f354ed02de10fe0c214d0b7f4a32507deae1
Author: Dracoetarea <dracoetarea@gmail.com>
Date:   Tue Feb 18 08:59:54 2025 +0100

    no me actualiza el modulo, borro el contenido de menus.xml para probar que es lo que falla

commit dcfdefcf4b3245526d538a92ebc121440329fbde
Author: Dracoetarea <dracoetarea@gmail.com>
Date:   Mon Feb 17 10:15:41 2025 +0100

    modelo erorr

commit a731381cbc331e585748ffa00112d5a50ca95a19
Author: Dracoetarea <dracoetarea@gmail.com>
Date:   Mon Feb 17 10:13:59 2025 +0100

    no encontraba el modelo

commit 0db915b8ad5e71cdce9cd0a05f938a7111758d00
Author: Dracoetarea <dracoetarea@gmail.com>
Date:   Mon Feb 17 10:10:41 2025 +0100

    Error con el campo nombre

commit 3ebd79eec614237907bbe7eb42561f04ec71f93a
Author: Dracoetarea <dracoetarea@gmail.com>
Date:   Mon Feb 17 10:01:47 2025 +0100

    Errores en los nombres y en camion.py _name y _description

commit 62517b35ea4b7e3819a6f991bfb05a2467347076
Author: Dracoetarea <dracoetarea@gmail.com>
Date:   Mon Feb 17 09:58:14 2025 +0100

    manisfest.py cambio en las vistas

commit a24995dd879dd37384528bd4abb92555a69466e4
Author: Dracoetarea <dracoetarea@gmail.com>
Date:   Mon Feb 17 09:56:48 2025 +0100

    cambio de siglas y error en camion.xml

commit 2969bdc8299cb75c8790c0d76c563d5ceb6f334d
Author: Dracoetarea <dracoetarea@gmail.com>
Date:   Mon Feb 17 09:51:16 2025 +0100

    corrijo error caacamion.xml en el campo imagen

commit b62396ce55769f2d80ef62d60ba6de9846ffa2d9
Author: Dracoetarea <dracoetarea@gmail.com>
Date:   Mon Feb 17 09:40:07 2025 +0100

    menu y vista en el manifest.py

commit 337af27328a6f8127fc4fce41dbd8167c1a6d4ed
Author: Dracoetarea <dracoetarea@gmail.com>
Date:   Mon Feb 17 09:03:24 2025 +0100

    siglas

commit 8f2f4d740e7c7fd37a0ef818bcfea4217db36d4d
Author: Dracoetarea <dracoetarea@gmail.com>
Date:   Fri Feb 14 14:12:38 2025 +0100

    menus.xml

commit 72d35bb8cc7f583d44c601d8fe1883c050d3b6ac
Author: Dracoetarea <dracoetarea@gmail.com>
Date:   Fri Feb 14 14:06:35 2025 +0100

    menuROot

commit 354617aea6fa907cf72e95b6ba86e2bad15c38a3
Author: Dracoetarea <dracoetarea@gmail.com>
Date:   Fri Feb 14 13:54:46 2025 +0100

    MenuROot

commit 82177522dc54429f74b03c681eb0cdc8f444b77f
Author: Dracoetarea <dracoetarea@gmail.com>
Date:   Fri Feb 14 13:46:25 2025 +0100

    Primer Modelo y Primera Vista Camion

commit a057a4bd0d659ac993ab8bdde731b56dc3e21323
Author: Dracoetarea <dracoetarea@gmail.com>
Date:   Wed Feb 12 13:20:22 2025 +0100

    NuevoModulo Transporte

commit 091f2ed2975daf9bdc64247362c1b98d30f4cc3c
Author: Dracoetarea <dracoetarea@gmail.com>
Date:   Mon Feb 10 10:16:14 2025 +0100

    VistaCategoria

commit 325e8d47cc6da8068c2801ef2a88d6c64fae0b74
Author: Dracoetarea <dracoetarea@gmail.com>
Date:   Mon Feb 10 09:49:25 2025 +0100

    Borrado models.py

commit 1d40b9cc31696ec03d3fad39240b8620f2572cc0
Author: Dracoetarea <dracoetarea@gmail.com>
Date:   Mon Feb 10 09:43:32 2025 +0100

    Editando Model Libro

commit ce950ceceea13d4001de5f37263b36631b8e954b
Author: Dracoetarea <dracoetarea@gmail.com>
Date:   Mon Feb 10 09:42:33 2025 +0100

    Editando Models

commit d51d43c4a7a68510d0909652915020fd06e2c75c
Author: Dracoetarea <dracoetarea@gmail.com>
Date:   Mon Feb 3 10:08:06 2025 +0100

    Mi primer modulo de Prueba

commit eaa3a1f13048906597839517ea8e7058013245b3
Author: Dracoetarea <dracoetarea@gmail.com>
Date:   Mon Feb 3 09:38:51 2025 +0100

    Inicio Odoo
