commit e270ddd57a2f757d504db84ba7a054fd1cd4f0ea
Author: Cesar Ag <[correo eliminado]>
Date:   Tue Mar 4 11:47:13 2025 +0100

    icono correcto + imagenenes

commit fd2c313bae40e67c0fb9c776dd2332e817e04530
Author: Cesar Ag <[correo eliminado]>
Date:   Mon Mar 3 15:59:54 2025 +0100

    requisitos vistas

commit 8e8ba662138a93bb5bb406b28f340b879be1385a
Author: Cesar Ag <[correo eliminado]>
Date:   Mon Mar 3 14:38:22 2025 +0100

    kanban+

commit d8b61b95eb97a7d20bb1ec3ac8e7fad8d05ec8a8
Author: Cesar Ag <[correo eliminado]>
Date:   Mon Mar 3 02:18:18 2025 +0100

    cambio logica y datos

commit 00c657afa20b3385433c998c143780fdd57a8b2a
Author: Cesar Ag <[correo eliminado]>
Date:   Sun Mar 2 21:02:12 2025 +0100

    puliendo Kanban

commit 27342e8920ff8d7e5891dec5b41b25027fd419b6
Author: Cesar Ag <[correo eliminado]>
Date:   Sun Mar 2 19:48:15 2025 +0100

    vista search modificada

commit 17f700950618ec6e15b11fc3896ab0287b96c601
Author: Cesar Ag <[correo eliminado]>
Date:   Fri Feb 28 01:08:15 2025 +0100

    datos y arreglos

commit be462165ac564e197d777aaa824be823be4038bc
Author: Cesar Ag <[correo eliminado]>
Date:   Thu Feb 27 20:18:23 2025 +0100

    pruba casa

commit a5c3bada6627ace4e95e862551c5187413784fc9
Author: cesarAgan <[correo eliminado]>
Date:   Wed Feb 26 19:54:13 2025 +0100

    vistas search

commit ba8983aab0f9cc75d14658fe39a0ca7d4768c3b3
Author: cesarAgan <[correo eliminado]>
Date:   Wed Feb 26 19:21:54 2025 +0100

    imagenes y kanvan

commit 70357ac0c5a4b6fa9c50ba084d638360a1eed5aa
Author: cesarAgan <[correo eliminado]>
Date:   Tue Feb 25 17:19:01 2025 +0100

    relaciones y vistas

commit 97c8ede54e67d0be66b7f7ef6a484221f3bc3c75
Author: cesarAgan <[correo eliminado]>
Date:   Tue Feb 25 16:48:17 2025 +0100

    Icono y limpeza

commit 18ee2dca2cf00af47d5e5747d77710d9e2ec35b4
Author: cesarAgan <[correo eliminado]>
Date:   Mon Feb 24 20:53:05 2025 +0100

    datos demo SI

commit 31be6276561d49e4d1b3149a8077461867ec6ef8
Author: cesarAgan <[correo eliminado]>
Date:   Mon Feb 24 20:47:52 2025 +0100

    datos de prueba

commit add20ba07900c893347f40c7eeab474573e7c06c
Author: cesarAgan <[correo eliminado]>
Date:   Wed Feb 19 19:28:35 2025 +0100

    Relaciones y permisos OK

commit ad5555dd2682e177905454f9491a4225ca394c1d
Author: cesarAgan <[correo eliminado]>
Date:   Wed Feb 19 17:44:06 2025 +0100

    relaciones establecidas

commit f13b5e3ff43607033e7b44c46637e2ea5030c4df
Author: cesarAgan <[correo eliminado]>
Date:   Mon Feb 17 20:58:17 2025 +0100

    permisos corregidos

commit a406fd182671a364bbc4cfce72128b11c0571667
Author: cesarAgan <[correo eliminado]>
Date:   Mon Feb 17 20:47:18 2025 +0100

    4 clases mas permisos

commit 15b88dc0134681f0261a90732ca9532b3a0fba8f
Author: cesarAgan <[correo eliminado]>
Date:   Wed Feb 12 19:47:52 2025 +0100

    antes de permisisos

commit 5a2a182e3f709a8f6efbf50201d655897b2a66ee
Author: cesarAgan <[correo eliminado]>
Date:   Wed Feb 12 19:26:29 2025 +0100

    dia 12 (menus)

commit bad2c0917666616c1f4c6120580b1dc60115c61e
Author: cesarAgan <[correo eliminado]>
Date:   Mon Feb 10 21:08:43 2025 +0100

    otro mas

commit 6915afdab742c813864970cb3a71caadf1d458d1
Author: cesarAgan <[correo eliminado]>
Date:   Mon Feb 10 20:58:13 2025 +0100

    otro mas

commit 274646a6f2880600518e3c5554f6d0eae27c2036
Author: cesarAgan <[correo eliminado]>
Date:   Mon Feb 10 20:13:57 2025 +0100

    lunes-10CLASE

commit 91e03446ba925471798e6acb10b9208f2de10b97
Author: cesarAgan <[correo eliminado]>
Date:   Thu Feb 6 16:30:34 2025 +0100

    Segundo día, módulo carreras

commit 6060f4f30c933b6412334daef07d90b320824182
Author: cesarAgan <[correo eliminado]>
Date:   Thu Feb 6 16:27:48 2025 +0100

    Módulo ejemplo librería, primeras clases

commit cb525f9342ef90f0bdb07676338f5917144682d1
Author: cesarAgan <[correo eliminado]>
Date:   Mon Feb 3 21:00:07 2025 +0100

    Odoo scaffold y definicion de Escuderia
