commit 974141ec74190c2e25c3cd5827f5101e58adfa0f
Merge: 807bafd d94df0a
Author: CristhianLeonMolina <[correo eliminado]>
Date:   Fri Feb 21 10:31:18 2025 +0100

    Merge branch 'develop' of https://github.com/CristhianLeonMolina/SGE-odoo-dev-10 into develop

commit 807bafd73185e60d46bf373350b7fde236dd3ef0
Author: CristhianLeonMolina <[correo eliminado]>
Date:   Fri Feb 21 10:31:14 2025 +0100

    Vistas form para atributos many2one, relaciones de clases actualizadas

commit d94df0af8d240ce382963c5904e384197d9444b4
Author: Cristhian Le贸n Molina <[correo eliminado]>
Date:   Tue Feb 18 14:15:20 2025 +0100

    Actualizar clm_electronica.drawio

commit db7f2fa9f8d3eb46b60d20175677d1920f93fabd
Author: CristhianLeonMolina <[correo eliminado]>
Date:   Tue Feb 18 14:08:25 2025 +0100

    libreria eliminada

commit f816f910c557faab6ccd0d6433e00565ba6fb1f3
Merge: e217f30 dbefc46
Author: CristhianLeonMolina <[correo eliminado]>
Date:   Tue Feb 18 14:00:22 2025 +0100

    Merge branch 'develop' of https://github.com/CristhianLeonMolina/SGE-odoo-dev-10 into develop

commit e217f3010cd7214fec7c6e7f6e41854da405419d
Author: CristhianLeonMolina <[correo eliminado]>
Date:   Tue Feb 18 14:00:18 2025 +0100

    clases con todos los atributos

commit dbefc4677570392488c3d152f385a7c522e8200c
Author: Cristhian Le贸n Molina <[correo eliminado]>
Date:   Tue Feb 18 13:06:11 2025 +0100

    Actualizar clm_electronica.drawio

commit 8eb844d416ba03fcdf4bb9fda5f65a407c543e40
Author: CristhianLeonMolina <[correo eliminado]>
Date:   Fri Feb 14 14:14:25 2025 +0100

    Viernes 14, febrero

commit c6ba9cf5817cf529b3802a341bff1156bac29083
Merge: 913fa62 52a35f1
Author: CristhianLeonMolina <[correo eliminado]>
Date:   Tue Feb 11 14:14:25 2025 +0100

    Merge branch 'develop' of https://github.com/CristhianLeonMolina/SGE-odoo-dev-10 into develop

commit 913fa62222785c69e4a6a3273e55d0a1c04168e8
Author: CristhianLeonMolina <[correo eliminado]>
Date:   Tue Feb 11 14:14:22 2025 +0100

    vistas y menus creados

commit 52a35f1d3f8cb0c97f92f15d55db5c6571fcfa9a
Author: Cristhian Le贸n Molina <[correo eliminado]>
Date:   Tue Feb 11 14:12:50 2025 +0100

    Actualizar clm_electronica.drawio

commit 718932d0495d40c76ba5f4b14369fa39c2ec7839
Author: Cristhian Le贸n Molina <[correo eliminado]>
Date:   Tue Feb 4 14:14:43 2025 +0100

    Diagrama de clases creado

commit 19bac1bf84aa64cb60682358bfc9565f04e9a939
Author: CristhianLeonMolina <[correo eliminado]>
Date:   Tue Feb 4 14:13:18 2025 +0100

    Modulo creado y clases trabajador y dispositivo creadas

commit 9ae347a0418f0e5400f379bf0f4a68f699a44efd
Author: CristhianLeonMolina <[correo eliminado]>
Date:   Fri Jan 31 10:10:33 2025 +0100

    update_clases

commit e80d7a29fd511230c7375f729b17fb254cf5f513
Author: CristhianLeonMolina <[correo eliminado]>
Date:   Fri Jan 31 08:59:26 2025 +0100

    Scaffold

commit 2888cfe41ad9d2de31aff419f619ba9d2311d58f
Author: CristhianLeonMolina <[correo eliminado]>
Date:   Tue Jan 28 13:22:05 2025 +0100

    Updated yml

commit a084809ac8da7d03dbdaada445eb0318350c1142
Author: CristhianLeonMolina <[correo eliminado]>
Date:   Tue Jan 28 12:45:51 2025 +0100

    Updated LICENSE

commit 4afab695762578f52797f56b1c72bbc5c5a3f94e
Author: CristhianLeonMolina <[correo eliminado]>
Date:   Tue Jan 28 12:36:14 2025 +0100

    Updated
