commit aafb08058f9686c4251f0d2019c03c895273b2f4
Author: Carol-Devv <[correo eliminado]>
Date:   Fri Feb 21 10:17:11 2025 +0100

    intento relaciones

commit 13dc40b3fa09a39fc1c09874f51ac0d6d3de97d9
Author: Carol-Devv <[correo eliminado]>
Date:   Thu Feb 20 11:08:37 2025 +0100

    operativo

commit fcd2cacde87ce0220c2f2de375bc1aab364660f5
Author: Carol-Devv <[correo eliminado]>
Date:   Fri Feb 14 14:15:06 2025 +0100

    autor

commit fbcccc35d19291f3eac07c8b6129d412105b3c41
Author: Carol-Devv <[correo eliminado]>
Date:   Thu Feb 13 10:47:50 2025 +0100

    permisos libreria, varias clases restaurante

commit fc01c3211596e423b62eec1298e127748bccdab0
Author: Carol-Devv <[correo eliminado]>
Date:   Fri Feb 7 14:14:27 2025 +0100

    se actualiza

commit 25dca7263355ed61c28d83fa50e5e6499f33bb1f
Author: Carol-Devv <[correo eliminado]>
Date:   Fri Feb 7 13:26:12 2025 +0100

    Modelo categoria y libro. Vista from y tree de categoria.
