commit 16db41fe2b205aa0a148e0fa25e3d353e16042a8
Author: Carlos Rodriguez <[correo eliminado]>
Date:   Wed Mar 5 18:46:01 2025 +0100

    Listo

commit 2f5235b5938521599c473342f71185c94596afe3
Author: Carlos Rodriguez <[correo eliminado]>
Date:   Tue Mar 4 17:38:44 2025 +0100

    Hemos hecho la seguridad avanzada y lo de la vista de graph en reserva_views

commit 45ec49d67c32619d51f036285ef3d535a8d826d6
Author: Carlos Rodriguez <[correo eliminado]>
Date:   Tue Mar 4 17:07:12 2025 +0100

    hecho

commit ac82b91c6d754be58973e0f7a29517ae20e97839
Author: Carlos Rodriguez <[correo eliminado]>
Date:   Tue Mar 4 16:49:53 2025 +0100

    Corrigiendo detalles

commit d56824771f750edab9b1d0c48280a00fc2e06f63
Author: Carlos Rodriguez <[correo eliminado]>
Date:   Tue Mar 4 12:19:33 2025 +0100

    Hecho

commit 0187c4707e770c14e65751f3073edf0c9c8d1a65
Author: Carlos Rodriguez <[correo eliminado]>
Date:   Tue Mar 4 12:17:23 2025 +0100

    Listo

commit eca9a6ae1309ec22923bff2af089ece73b6b4d35
Author: Carlos Rodriguez <[correo eliminado]>
Date:   Tue Mar 4 12:12:28 2025 +0100

    Hemos añadido el kanban y busqueda sencilla

commit 8d5045a03869cee361d104b841188e973953b133
Author: Carlos Rodriguez <[correo eliminado]>
Date:   Tue Mar 4 11:47:15 2025 +0100

    Listo

commit 47ef46a6eb6f43d09699884a1ad3a668e34f6c85
Author: Carlos Rodriguez <[correo eliminado]>
Date:   Tue Mar 4 11:39:45 2025 +0100

    Hemos corregido la vista tree de tarifa y la parte de one2many de vehiculos_views

commit 79cf6ddd6183a410d38ae193790478a075e60afb
Author: Carlos Rodriguez <[correo eliminado]>
Date:   Tue Mar 4 00:03:35 2025 +0100

    Hemos corregido el demo.xml que creo que es el que me esta dando fallo en la entrega poque lo tenia puesto un dia antes

commit fec44b2a40476dedde5d680534c48e01177731ea
Author: Carlos Rodriguez <[correo eliminado]>
Date:   Mon Mar 3 23:35:11 2025 +0100

    Intentando corregir el error anterior

commit b08b91a2159303e3d336267d30cf16b8db605ae9
Author: Carlos Rodriguez <[correo eliminado]>
Date:   Mon Mar 3 15:21:31 2025 +0100

    HEMOS BORRADO LA CARETA CONTROLLER Y LO HEMOS QUITADO DEL INIT.PY

commit 96070be664d844febb092ec0a03a1d03329799df
Author: Carlos Rodriguez <[correo eliminado]>
Date:   Mon Mar 3 15:06:15 2025 +0100

    Hemos borrados el codigo comentado que nosa daba error

commit e06baecb37514f295712624a0e6847546fac16b0
Author: Carlos Rodriguez <[correo eliminado]>
Date:   Sun Mar 2 18:00:47 2025 +0100

    Hemos corregido la vistas anidadas de los campos one2many y many2many, en la que tambien hemos metido datos demo

commit 43161f537de6df20ae0e3c905130e76f1305d68d
Author: Carlos Rodriguez <[correo eliminado]>
Date:   Sat Mar 1 14:24:21 2025 +0100

    Prueba

commit c8afbb9d36d1289a36f847498ff4946569bee18d
Author: Carlos Rodriguez <[correo eliminado]>
Date:   Sat Mar 1 14:07:09 2025 +0100

    Hemos cambiado el manyfest corrigiendo que me faltaba una coma y hemos añadido otro icono

commit 648eb22becf7408afdfd315aed4108b3a60d7d08
Author: Carlos Rodriguez <[correo eliminado]>
Date:   Fri Feb 28 12:52:27 2025 +0100

    Hemos metido una imagen representativa para cada una de los vehiculos, creando asi tambien una icono para nuestro modulo de odoo, corrigiendo los errores de lso menus, submenus y acciones y por ultimo hemos añadido los permisos de los usuarios internos y administradores

commit ecde4adf9b67b0d7ace4225fc0beedcfae495689
Author: Carlos Rodriguez <[correo eliminado]>
Date:   Fri Feb 28 11:28:41 2025 +0100

    Hemos borrado  la carpeta libreria que no es necesario tenerla, hemos corregido el primer error que he borrado del init.py el from . import models y tambien hemos creado una relacion many2many

commit ed4c18374f43f05ba2b4444196555bf11c1faf35
Author: Carlos Rodriguez <[correo eliminado]>
Date:   Fri Feb 21 17:03:59 2025 +0100

    Hemos activado el modulo de odoo  de crb_Alquileres_Vehiculos

commit 664a2f4c661a30c0ebe90a506f36b7080f576ed7
Author: CarlosRodriguezBurdalo <[correo eliminado]>
Date:   Fri Feb 21 14:12:35 2025 +0100

    Corrigiendo el model id ya que me esta dando error

commit da97bfb634f6b9266276003170d0a264262fd4b4
Author: CarlosRodriguezBurdalo <[correo eliminado]>
Date:   Tue Feb 18 11:10:04 2025 +0100

    Corrigiendo lo que estaba mal

commit 05ecd5d921eba91c70fad31a2e8dc266b6e7d0d4
Author: CarlosRodriguezBurdalo <[correo eliminado]>
Date:   Mon Feb 17 10:12:24 2025 +0100

    empezada la practica del modulo de odoo

commit 44f8701cb3598a9e449f5582a269686f61e35fff
Author: CarlosRodriguezBurdalo <[correo eliminado]>
Date:   Mon Feb 17 09:27:37 2025 +0100

    hellou

commit 5246c3f83aee52875a34ff9a53beecd5d5bd2cb5
Author: CarlosRodriguezBurdalo <[correo eliminado]>
Date:   Wed Feb 12 13:30:13 2025 +0100

    Hecho en calse para emepzar con el modulo

commit b7df04cff0a60621879f6ddf4b7a25e0f1146d92
Author: CarlosRodriguezBurdalo <[correo eliminado]>
Date:   Mon Feb 10 10:10:15 2025 +0100

    Corregido 2

commit 3147bf080dde2c370c0effbd856a0c722a947851
Author: CarlosRodriguezBurdalo <[correo eliminado]>
Date:   Mon Feb 10 10:03:22 2025 +0100

    Corregido

commit 28a2d4a2849e84ea95fd1b078f954a8f73173096
Author: CarlosRodriguezBurdalo <[correo eliminado]>
Date:   Mon Feb 10 09:47:16 2025 +0100

    Introducimos con el odoo libreria y dos fichero de
    categoria y libro

commit f419b39e77704ecb24826b92a05334d931ea1a1a
Author: CarlosRodriguezBurdalo <[correo eliminado]>
Date:   Mon Feb 3 10:06:31 2025 +0100

    Inicio de odoo
