commit 854038d2d35085f8f7e063f048f0c4958fd0fe57
Author: carloszuilavila <[correo eliminado]>
Date:   Sun Mar 2 11:04:17 2025 +0100

    Vista kanban previsualización de imagen.

commit 9682daf96782e9b5fa7c6fe324baba3be3b29ff5
Author: carloszuilavila <[correo eliminado]>
Date:   Sun Mar 2 10:56:24 2025 +0100

    Agrupación por defecto en vista kanban.

commit 851cefa50afb5e873ce415b7beeb7b4930f32061
Author: carloszuilavila <[correo eliminado]>
Date:   Sat Mar 1 17:59:55 2025 +0100

    Filtros mejor implementados.

commit 0b8ed49224adf145e04140273e07efe0f0132ad0
Author: carloszuilavila <[correo eliminado]>
Date:   Sat Mar 1 17:16:44 2025 +0100

    Datos de demo y grupo en filtros de videojuegos

commit 44926807a3b41686fae717f908a9718ab67663f1
Author: carloszuilavila <[correo eliminado]>
Date:   Sat Mar 1 15:43:12 2025 +0100

    Search videojuego con filtros.

commit 203565d64411cdf97003f7c6162b8d08e718e7a5
Author: carloszuilavila <[correo eliminado]>
Date:   Sat Mar 1 15:35:43 2025 +0100

    Filtro de acceso anticipado en vista Search de videojuegos.

commit d4925cd4bb0a68334c8e02fce02ef0bfcdb0b6e5
Author: carloszuilavila <[correo eliminado]>
Date:   Sat Mar 1 15:23:31 2025 +0100

    Nuevo search videojuegos y usuario no busca por foto.

commit 4c37e21112796b713e68de4b199239f2ea35e27a
Author: carloszuilavila <[correo eliminado]>
Date:   Sat Mar 1 15:00:08 2025 +0100

    Nuevos datos de demo.

commit 63147b6d5c0cb5c7e458581db5ba8ab10b4d95c4
Author: carloszuilavila <[correo eliminado]>
Date:   Sat Mar 1 13:49:54 2025 +0100

    Vistas de videojuegos agrupadas por categoría.

commit 0856cdd4c5c0e06036e329ef7efc6972012b5bd0
Author: carloszuilavila <[correo eliminado]>
Date:   Sat Mar 1 13:10:25 2025 +0100

    Modificación datos de demo.

commit 0e50064cf8d674a38ecf0dc9c3336a50b5542023
Author: carloszuilavila <[correo eliminado]>
Date:   Sat Mar 1 12:59:01 2025 +0100

    Nuevos datos de demo.

commit 316c50a8b9405a7296535892e4ebc79531fabe41
Author: carloszuilavila <[correo eliminado]>
Date:   Sat Mar 1 12:51:39 2025 +0100

    Modificación imágenes kanban

commit 3a9c29fdaf68923bb35844289ac93b9efb076604
Author: carloszuilavila <[correo eliminado]>
Date:   Sat Mar 1 12:23:10 2025 +0100

    Nueva contraseña de administrador

commit 1a00dca8deee8af2613088e8c5aa28ebcbbb0335
Author: carloszuilavila <[correo eliminado]>
Date:   Thu Feb 27 21:01:35 2025 +0100

    Vistas search y kanban

commit bbe35ac5b5e8cda6c6cfb7782ce39122e914fc8c
Author: carloszuilavila <[correo eliminado]>
Date:   Thu Feb 27 20:45:23 2025 +0100

    Cambio en el nombre mostrado al usuario

commit d1b4805ebb170acc6d34612037b7624d62ebd14b
Author: carloszuilavila <[correo eliminado]>
Date:   Thu Feb 27 19:01:05 2025 +0100

    Borrado models.py

commit 1218d319cb9d776b3b2dce58110636555a536b5c
Author: carloszuilavila <[correo eliminado]>
Date:   Wed Feb 26 19:57:10 2025 +0100

    Datos de demo Many2Many

commit 510df1d3f0a291d837f1058e9f7823e8b7d85f1a
Author: carloszuilavila <[correo eliminado]>
Date:   Wed Feb 26 19:56:18 2025 +0100

    Modificaciones nombre de campos en odoo

commit ca701ec5456a9095a056920c0e5fb70a0da0e24b
Author: carloszuilavila <[correo eliminado]>
Date:   Wed Feb 26 18:45:12 2025 +0100

    Imágenes en los datos de demo

commit 0e7a67476914ab4374eee6a6183270ddb02640c8
Author: carloszuilavila <[correo eliminado]>
Date:   Wed Feb 26 18:44:39 2025 +0100

    Atributos para cargar archivos de imagen

commit 181e33a2caf526e0db40a21a77146a92d7507906
Author: carloszuilavila <[correo eliminado]>
Date:   Wed Feb 26 17:55:06 2025 +0100

    Borrado de comentarios

commit ceacc2daa939f7c52be95970ee83fea3b97f1c2d
Author: carloszuilavila <[correo eliminado]>
Date:   Wed Feb 26 17:44:14 2025 +0100

    Nueva contraseña de admin

commit 8c5b025ffbafa7d7264c1d9056b84cd1d693cfa5
Author: carloszuilavila <[correo eliminado]>
Date:   Mon Feb 24 20:59:07 2025 +0100

    Nuevos datos de demo

commit 026ca777b9dfdc8553560ff4fd26651615c8470b
Author: carloszuilavila <[correo eliminado]>
Date:   Mon Feb 24 20:43:08 2025 +0100

    Modificación del dato de demo de videojuego.

commit 5109497c553db34fdeb6927e6233692c1f83e773
Author: carloszuilavila <[correo eliminado]>
Date:   Mon Feb 24 20:36:53 2025 +0100

    Datos de demo añadidos (1 por clase)

commit b28590532378fe9caf42871ef1c94e1918fb57e1
Author: carloszuilavila <[correo eliminado]>
Date:   Thu Feb 20 16:59:07 2025 +0100

    Información del módulo, carga de vistas, permisos y datos de demo

commit a8f21aae79931c1e0b38881d4d900ac2081c7d0a
Author: carloszuilavila <[correo eliminado]>
Date:   Thu Feb 20 16:57:36 2025 +0100

    Icono para el módulo.

commit f0a2a28c0240ddbd35c94a413a62a4c2ed277f15
Author: carloszuilavila <[correo eliminado]>
Date:   Thu Feb 20 16:56:13 2025 +0100

    Permisos para usuarios base y administradores.

commit adf6416fe9fbe304e9f76448149779f7b1c1d234
Author: carloszuilavila <[correo eliminado]>
Date:   Thu Feb 20 16:54:52 2025 +0100

    Creación de los menús y las acciones para llegar a ellos.

commit 35c9f41a97dd4858535c93bc3f98c4061b405703
Author: carloszuilavila <[correo eliminado]>
Date:   Thu Feb 20 16:52:43 2025 +0100

    Creación de la vista para la clase 'Usuario'.

commit ac1b5419d17e90ac7b0cc37118ebec20afb7417c
Author: carloszuilavila <[correo eliminado]>
Date:   Thu Feb 20 16:52:18 2025 +0100

    Creación de la vista para la clase 'Empresa'.

commit c8a0d0b7099d09493d78cbf9a83603d747a5fe2c
Author: carloszuilavila <[correo eliminado]>
Date:   Thu Feb 20 16:52:06 2025 +0100

    Creación de la vista para la clase 'Desarrollador'.

commit 2019ccc83d9e16cef24fbdba51a9e8287fb048b3
Author: carloszuilavila <[correo eliminado]>
Date:   Thu Feb 20 16:51:31 2025 +0100

    Creación de la vista para la clase 'Videojuego'.

commit 096b0196a49c0794c1408123695e148950b0db49
Author: carloszuilavila <[correo eliminado]>
Date:   Thu Feb 20 16:51:21 2025 +0100

    Creación de la vista para la clase 'Categoria'.

commit 720384e354d95c4058b98a334f96f24a35642c0a
Author: carloszuilavila <[correo eliminado]>
Date:   Thu Feb 20 16:44:03 2025 +0100

    Import de los modelos del módulo en el archivo __init__.py

commit 274525313beeb9d4381529427294d155c83bddbf
Author: carloszuilavila <[correo eliminado]>
Date:   Thu Feb 20 16:41:13 2025 +0100

    Creación del modelo 'Usuario' del módulo y sus campos.

commit be1bc17b9af8fef3bbe0d8509e3144963a44c065
Author: carloszuilavila <[correo eliminado]>
Date:   Thu Feb 20 16:40:50 2025 +0100

    Creación del modelo 'Empresa' del módulo y sus campos.

commit 1abe880bed9396685a706c9c22b586fe919345ee
Author: carloszuilavila <[correo eliminado]>
Date:   Thu Feb 20 16:40:15 2025 +0100

    Creación del modelo 'Desarrollador' del módulo y sus campos.

commit 7c4abfd86421e38acb99baafe6d77a55e0bc20f3
Author: carloszuilavila <[correo eliminado]>
Date:   Thu Feb 20 16:38:59 2025 +0100

    Creación del modelo 'Videojuego' del módulo y sus campos.

commit a605eeeee64d63dd5af272f516d96b4f2d207d99
Author: carloszuilavila <[correo eliminado]>
Date:   Thu Feb 20 16:38:32 2025 +0100

    Creación del modelo 'Categoria' del módulo y sus campos.

commit ca475090eec02d6609065148d3c2a7f55f1f2216
Author: carloszuilavila <[correo eliminado]>
Date:   Thu Feb 20 16:34:17 2025 +0100

    Commit inicial.
