commit b2ca959fda3519f17b12eb012ad5f57d1e1a56df
Author: DanielAlvaro <danielalvaro1999@gmail.com>
Date:   Mon Feb 17 10:58:12 2025 +0100

    17/02/2025

commit a584420ce9c3d8d4004ca68d3d4f42f4e58880d9
Author: DanielAlvaro <danielalvaro1999@gmail.com>
Date:   Fri Feb 14 13:18:30 2025 +0100

    14/02/2025

commit 7bab015ec75bcc706f75462c66655f62881e16a5
Author: DanielAlvaro <danielalvaro1999@gmail.com>
Date:   Mon Feb 10 10:15:59 2025 +0100

    10/02/2025

commit acce160e4dcf6845bcb70294d7cf2471c76e3a1f
Author: DanielAlvaro <danielalvaro1999@gmail.com>
Date:   Mon Feb 10 09:45:26 2025 +0100

    10/02/2025

commit 84429dc76268aeb76f4905d97e2e71d0eda1c4c2
Author: DanielAlvaro <danielalvaro1999@gmail.com>
Date:   Mon Feb 10 09:44:35 2025 +0100

    commit
