commit aca1e62418f11852b784f8f829e56d77c9a9a1b1
Author: david-calderon5 <[correo eliminado]>
Date:   Thu Feb 27 13:09:22 2025 +0100

    Títulos arreglados en Marca y Proveedor

commit c8e9e77385e2548580e1fc3f709a5bca48b70e87
Author: david-calderon5 <[correo eliminado]>
Date:   Thu Feb 27 13:03:41 2025 +0100

    Demo con Proveedores en Producto

commit 9901e3f1574f63fb0accbd4168a50acb34de0731
Author: david-calderon5 <[correo eliminado]>
Date:   Thu Feb 27 12:53:52 2025 +0100

    Icono añadido

commit 94b87d33c73aebbd4a02d6c44a687e7d77826a50
Author: david-calderon5 <[correo eliminado]>
Date:   Thu Feb 27 12:28:13 2025 +0100

    Puede que 1 error menos. Algunas clases sin título

commit 181090b1ee62220f619c5ea60b734d52e4d15b37
Author: david-calderon5 <[correo eliminado]>
Date:   Thu Feb 27 10:59:01 2025 +0100

    Proveedores funciona

commit 600ec7ac01f7b0bbe8bb28ddb97ba5b632b0d81a
Author: david-calderon5 <[correo eliminado]>
Date:   Wed Feb 26 13:24:35 2025 +0100

    Many2Many sin funcionar

commit 33665f1ab0117c753960ee675da5622ba8ee1e70
Author: david-calderon5 <[correo eliminado]>
Date:   Wed Feb 26 12:23:44 2025 +0100

    Modificaciones de comentarios

commit 21914f152989859e3eee6fb5f388bc560ded15fc
Author: david-calderon5 <[correo eliminado]>
Date:   Wed Feb 26 10:09:58 2025 +0100

    Marcas añadidas y funcionales con imágenes

commit 378bd868ef387c08c9dc91d7970b4b5178954ed6
Author: david-calderon5 <[correo eliminado]>
Date:   Tue Feb 25 13:06:44 2025 +0100

    Actualización de Demo

commit 6ff469e5c1cf2a2b2451ba828758404b07caad27
Author: david-calderon5 <[correo eliminado]>
Date:   Tue Feb 25 12:54:33 2025 +0100

    Commit con Demo de datos funcional

commit 7e782f40ef6e2a5606ba0a9903e2c07dd6cf0cd3
Author: david-calderon5 <[correo eliminado]>
Date:   Mon Feb 24 10:21:59 2025 +0100

    Commit, ahora funciona

commit d58dec15faed45e02bd1519a7b364d09c671bc76
Author: David <[correo eliminado]>
Date:   Sat Feb 22 15:46:53 2025 +0100

    Producto y Categoria, pero no aparece Categoría

commit 1b839843a18d82d70b997a4c89c8d233806863ff
Author: David <[correo eliminado]>
Date:   Sat Feb 22 15:16:26 2025 +0100

    Producto y Categoría creados, hay que resetear DB

commit bed888263b267da5387214c4a564f91838b4abeb
Author: david-calderon5 <[correo eliminado]>
Date:   Fri Feb 21 13:42:25 2025 +0100

    Cambio Producto

commit d3bd85ec7239fc3428e961ae8badeed23c231a06
Author: david-calderon5 <[correo eliminado]>
Date:   Thu Feb 20 13:19:26 2025 +0100

    Commit Producto

commit 1a6ce038ea2bac03101727bfb092e5e9932552b7
Author: david-calderon5 <[correo eliminado]>
Date:   Thu Feb 20 12:21:15 2025 +0100

    Commit Funcional

commit 811bb00f47a5854237754fedbc134883bbe58489
Author: david-calderon5 <[correo eliminado]>
Date:   Wed Feb 19 13:25:57 2025 +0100

    2 Commit

commit 5b5eb45af4636041f9e9de5f622b3af27fec876e
Author: david-calderon5 <[correo eliminado]>
Date:   Wed Feb 19 13:21:00 2025 +0100

    1 Commit en rama proyecto

commit f4d92e11b978b432cdbd225df087b9218deecc86
Author: david-calderon5 <[correo eliminado]>
Date:   Wed Feb 19 12:41:10 2025 +0100

    Commit de prueba

commit 79e8f6753705d61e5f9dd337acf2e3e16ba64cd6
Author: david-calderon5 <[correo eliminado]>
Date:   Mon Feb 17 12:40:13 2025 +0100

    El commit peligroso

commit bb7f63697bea3f1709ae6baea9506f4c251a4edb
Author: david-calderon5 <[correo eliminado]>
Date:   Fri Feb 14 14:09:16 2025 +0100

    Commit 14/2

commit fdf706e66886e6193bd746729a26c72204467dee
Author: david-calderon5 <[correo eliminado]>
Date:   Mon Feb 10 10:03:55 2025 +0100

    Commit

commit d9834620153f4ed5c23c70b6a6bf3215f5033059
Author: david-calderon5 <[correo eliminado]>
Date:   Mon Feb 10 09:49:47 2025 +0100

    Borrado

commit 6d5213c1de6da0915c42cbe5be573ed27740ba51
Author: david-calderon5 <[correo eliminado]>
Date:   Mon Feb 10 09:48:52 2025 +0100

    3 Commit

commit ccdcda439b84785661ee9cdcc0cd686344770f2b
Author: david-calderon5 <[correo eliminado]>
Date:   Mon Feb 10 09:21:13 2025 +0100

    2 Commit

commit 70ee6414d5a1cb8a698f95c26120ccb385d8c5f9
Author: david-calderon5 <[correo eliminado]>
Date:   Mon Feb 10 09:08:31 2025 +0100

    1 Commit de libro.py

commit 26a91425b345602a1b3b83f6d36f8d4fbe621786
Author: david-calderon5 <[correo eliminado]>
Date:   Mon Feb 3 10:10:48 2025 +0100

    Y será verdad

commit 1fceafa97bf5e8acbb00a6c77bcc7affd6d5a5f1
Author: david-calderon5 <[correo eliminado]>
Date:   Mon Feb 3 10:08:13 2025 +0100

    2 Commit

commit 383caa30c5c69721deae4ce2aa0ef6c9dcd3358f
Author: david-calderon5 <[correo eliminado]>
Date:   Mon Feb 3 09:57:30 2025 +0100

    Primer Commit
