commit 910b536733f1d9aaecace10b3ef0cf7c0fe2d33e
Author: DavidGonzalez2004 <[correo eliminado]>
Date:   Mon Feb 24 17:06:16 2025 +0100

    Datos del módulo

commit 3945783c92378bf5fdf58fddff2345bbd12e3f27
Author: David <[correo eliminado]>
Date:   Fri Feb 21 11:06:45 2025 +0100

    Chatters, portadas en las peliculas de demo y datos de demo de relacion many2many

commit 25ff5327a1f3d9df1012d3185021f3ca16354735
Author: David <[correo eliminado]>
Date:   Thu Feb 20 11:06:43 2025 +0100

    Icono de módulo y datos de demo de relaciones many2one

commit ac3b8c884f0a75e238fbb6694f33a893a08d8f65
Author: David <[correo eliminado]>
Date:   Tue Feb 18 13:53:59 2025 +0100

    Relaciones Many2Many

commit 3f2cfab0c64b846b69b77cf52cb56321ec49c264
Author: David <[correo eliminado]>
Date:   Fri Feb 14 14:10:51 2025 +0100

    Autor, Permisos y Relaciones many2one y one2many

commit 376abdf0983d1c887431e7753d769067b789f41f
Author: David <[correo eliminado]>
Date:   Tue Feb 11 14:14:01 2025 +0100

    Menús e intento de imágenes de películas

commit 743e15697f4e891d332b0d85fd8d3061c85d54ea
Author: David <[correo eliminado]>
Date:   Fri Feb 7 14:09:30 2025 +0100

    Clase Ejemplar, vistas form y tree de clases, Datos demo

commit 07c15ac334b308f8a4fbd1f40dbcfdf20f1c8c2d
Author: David <[correo eliminado]>
Date:   Tue Feb 4 14:11:38 2025 +0100

    Clase Pelicula, Cliente y comienzo de Categoria

commit d5aa02718ebe2aeac1de9a80049ec2a5b6cdc212
Author: David <[correo eliminado]>
Date:   Fri Jan 31 10:13:11 2025 +0100

    Clase libreria hecha y comienzo del proyecto

commit ada3d1300eb8dd75b1417d7788aaef09735e11e9
Merge: a4126a7 78de40b
Author: DavidGonzalez2004 <[correo eliminado]>
Date:   Thu Jan 30 10:24:21 2025 +0100

    Merge branch 'javnitram:main' into develop

commit a4126a743f7e1a9cf2aa63af6f84ebd5bb2be9ed
Author: David <[correo eliminado]>
Date:   Tue Jan 28 12:37:35 2025 +0100

    Update files
