commit 8612cf67f8eb7b1ebe54e0f92dd4b761d106f9bf
Author: Salouner <[correo eliminado]>
Date:   Wed Feb 26 20:20:12 2025 +0100

    many2many en datos demo

commit 5276f14d94da8c36b6c5a7dda8d95f94422d0ff3
Author: Salouner <[correo eliminado]>
Date:   Wed Feb 26 19:37:05 2025 +0100

    vista search

commit f26be9cef687700aea7648c6a1e9f207f675bee5
Author: Salouner <[correo eliminado]>
Date:   Wed Feb 26 19:11:28 2025 +0100

    vista kanban mejorada

commit 8c813d22fe8bde6925df6322f49077a8f4a65d02
Author: Salouner <[correo eliminado]>
Date:   Wed Feb 26 18:03:58 2025 +0100

    anidados many2many

commit beabce25aadf498c0cf5b329df3f4c2c3c9e9a44
Author: Salouner <[correo eliminado]>
Date:   Tue Feb 25 19:28:29 2025 +0100

    error validacion

commit a1708e2e892c8354f809401285881c1b61dc72a0
Author: Salouner <[correo eliminado]>
Date:   Tue Feb 25 17:28:31 2025 +0100

    anidadas

commit d194ed605386db703ec5ba9c069db964ad5c6ce4
Author: Salouner <[correo eliminado]>
Date:   Mon Feb 24 21:11:30 2025 +0100

    datos de demo, vistas kanban, quitar comentarios

commit bfadc0d32f00cde6cd68f1cb61d468db30d83461
Author: Salouner <[correo eliminado]>
Date:   Wed Feb 19 19:23:28 2025 +0100

    imagen e icono ( y fin permisos)

commit 1a611713b428b5dd189bd220d617748cb828f4ee
Author: Salouner <[correo eliminado]>
Date:   Mon Feb 17 21:09:25 2025 +0100

    permnisos y relaciones

commit 9f93b4b8c9bc5041d8b3e78bd3770db6422cef28
Author: Salouner <[correo eliminado]>
Date:   Wed Feb 12 19:26:22 2025 +0100

    menus

commit f9c30b95416781282713214f67fe12ab61b35af0
Author: Salouner <[correo eliminado]>
Date:   Wed Feb 12 18:55:28 2025 +0100

    XML

commit 26801559523b9e08bba700a13a59bfd1a3f383f0
Author: Salouner <[correo eliminado]>
Date:   Mon Feb 10 21:07:17 2025 +0100

    artsitatree

commit 92557d57754f7ab296041d80ee3441159943971c
Author: Salouner <[correo eliminado]>
Date:   Mon Feb 10 20:28:19 2025 +0100

    todo
