commit e294051d4d130ff0d681dbc751198431dc9aa046
Author: dmartinez33 <danielmc0496@gmail.com>
Date:   Fri Feb 21 14:10:45 2025 +0100

    Commit con las primeras clases

commit 16e9247a65c9256975b79f74bea3da47ac467d1c
Author: dmartinez33 <danielmc0496@gmail.com>
Date:   Fri Feb 21 12:55:26 2025 +0100

    Correci贸n nombre del m贸dulo

commit 5a5998eb1e724b2e309e4af5d7662c83105dcd55
Author: dmartinez33 <danielmc0496@gmail.com>
Date:   Fri Feb 21 12:50:13 2025 +0100

    Primer commit con el scaffold del m贸dulo

commit 71441edd7418e5d56b163f2a6b4fc06744efc10e
Author: dmartinez33 <danielmc0496@gmail.com>
Date:   Fri Feb 14 12:44:04 2025 +0100

    Correccion init.py

commit 3cc97a35cc4f3b997a07bae6b0f7f95916acbf7f
Author: dmartinez33 <danielmc0496@gmail.com>
Date:   Mon Feb 10 09:49:38 2025 +0100

    Borramos el model.py que no se usa

commit e8abc9f126f72375f992ce6c01de86b59383d1ea
Author: dmartinez33 <danielmc0496@gmail.com>
Date:   Mon Feb 10 09:48:04 2025 +0100

    Incluimos modelo Libro y el init

commit 7c7c8660b2d5ac651e27da9a5ede77b087694a03
Author: dmartinez33 <danielmc0496@gmail.com>
Date:   Mon Feb 10 09:45:00 2025 +0100

    Incluimos el modo Categoria

commit dd8293055a99c313c91771177523a223ce87ea69
Author: dmartinez33 <danielmc0496@gmail.com>
Date:   Mon Feb 3 10:07:59 2025 +0100

    M贸dulo de prueba

commit d1f76efdb2a6d36c71ff5d717204263610454f22
Author: dmartinez33 <danielmc0496@gmail.com>
Date:   Mon Feb 3 09:52:21 2025 +0100

    Inicio de Odoo
