commit 9f362872a97e24a616372a00512d5697108b0845
Author: diegodmg05 <[correo eliminado]>
Date:   Tue Feb 25 10:19:34 2025 +0100

    Icono ya hecho falta comentarios, seguridad

commit 74830347b5e1fdcd5027407427970bade96b92b4
Author: diegodmg05 <[correo eliminado]>
Date:   Mon Feb 24 10:16:04 2025 +0100

    Commit donde servicios ya esta creado y las relaciones many to many y las relaciones de las vistas de momento terminadas falta comentarios y el demo

commit 0659e638a43060e5bb09ec684cad740857bb9c28
Author: diegodmg05 <[correo eliminado]>
Date:   Fri Feb 21 14:14:01 2025 +0100

    Commit con las vistas hechas y el menu falta que se vea la imagen y la relacion many to many

commit 049ccc64290af6bd34bce79c8548868fe1d9e1b3
Author: diegodmg05 <[correo eliminado]>
Date:   Wed Feb 19 13:24:33 2025 +0100

    Commit de todas las vistas y el menu a mitad de hacer

commit a9b595c760faed7097c8e7127a49b9e57985cab0
Author: diegodmg05 <[correo eliminado]>
Date:   Mon Feb 17 10:19:30 2025 +0100

    Commit con los nombres cambiados de los modulos y las vistas de instalación y cliente

commit d89be04398a11d09fa77466188513bcf675b1f7c
Author: Diego <[correo eliminado]>
Date:   Sat Feb 15 20:49:19 2025 +0100

    Commit proyecto con los 4 modelos
