commit 426a18bcebe61bff14a0cf20edef5ac382e57fb1
Author: DanielGit <[correo eliminado]>
Date:   Fri Feb 21 12:13:50 2025 +0100

    Cambios en consulta

commit 92498a847506e05c3697367c1b03f18ff5f2d591
Author: DanielGit <[correo eliminado]>
Date:   Fri Feb 21 09:29:44 2025 +0100

    Cambios realizados; vistas propietario, consulta, etc.

commit 3fcac4c3c3aeda9ebdc19ce788393d5a63f1deb6
Author: DanielGit <[correo eliminado]>
Date:   Thu Feb 20 10:59:59 2025 +0100

    Icono añadido, LibreriaEliminada, etc..

commit 44f0f36ca292f28500a90cc0f47b91d867b40f30
Author: DanielGit <[correo eliminado]>
Date:   Tue Feb 18 13:57:53 2025 +0100

    Actualizaciones varias

commit f93d65ed9f06b2a45994e8de2132fee7a64182da
Author: DanielGit <[correo eliminado]>
Date:   Tue Feb 18 13:57:30 2025 +0100

    Actualizaciones varias

commit 9dca4a0ca9573eeaea40813b21c7010ff48a53f7
Merge: b807ddc 78de40b
Author: DanielMar82 <[correo eliminado]>
Date:   Thu Jan 30 10:37:16 2025 +0100

    Merge branch 'javnitram:main' into develop

commit b807ddcbc8930c0145d98c1f45222df2809689a0
Author: DanielGit <[correo eliminado]>
Date:   Tue Jan 28 12:37:46 2025 +0100

    update files
