commit 3185d79e4b43c52fb80c48ad3c00a4e4a6710860
Author: daniel-rubio39 <daniel.rubio39@educa.madrid.org>
Date:   Tue Feb 18 10:07:06 2025 +0100

    Commit, campo imagen arreglado.

commit d82ae78a73749d4f650ae5596dc50d865d870eaf
Author: daniel-rubio39 <daniel.rubio39@educa.madrid.org>
Date:   Tue Feb 18 09:53:35 2025 +0100

    Commit, vistas creadas y funcionando.

commit 9d46f2a02b22c50a510e6542aaf7af5c27a84983
Author: daniel-rubio39 <daniel.rubio39@educa.madrid.org>
Date:   Tue Feb 18 09:29:06 2025 +0100

    Commit con vistas

commit 5fd78e553b5c68ed907328d5af2f36a0adbb50a0
Author: daniel-rubio39 <daniel.rubio39@educa.madrid.org>
Date:   Mon Feb 17 15:18:38 2025 +0100

    Modelos creados.

commit e69e5e2a83d5c0fa05d75790338b1bef7996aaa0
Author: daniel-rubio39 <daniel.rubio39@educa.madrid.org>
Date:   Mon Feb 17 14:50:35 2025 +0100

    Primer commit del modulo videoclub, estructura.

commit 86fbac1107b54eb798c812be8a7b729988de591a
Author: daniel-rubio39 <daniel.rubio39@educa.madrid.org>
Date:   Mon Feb 10 09:58:17 2025 +0100

    Error de sintaxis

commit 10f7e5932a5c9952827facf95e4441a63161b8b6
Author: daniel-rubio39 <daniel.rubio39@educa.madrid.org>
Date:   Mon Feb 10 09:57:33 2025 +0100

    Corregir error de sintaxis en categoria

commit 32ad17b84343bfc89949f4fc0fc9b30a414bce3e
Author: daniel-rubio39 <daniel.rubio39@educa.madrid.org>
Date:   Mon Feb 10 09:49:18 2025 +0100

    Borre models.py

commit a7cf362a0628b1d3e6dc7695e09a15687e131d01
Author: daniel-rubio39 <daniel.rubio39@educa.madrid.org>
Date:   Mon Feb 10 09:45:04 2025 +0100

    Commit de init de la carpeta models

commit 1eb17a2feb0daccb8ff284efe22550a118e0b957
Author: daniel-rubio39 <daniel.rubio39@educa.madrid.org>
Date:   Mon Feb 10 09:44:47 2025 +0100

    Commit del modelo Libro

commit e1f8e2e752a5740ef459a0bf394394a5c244a7fd
Author: daniel-rubio39 <daniel.rubio39@educa.madrid.org>
Date:   Mon Feb 10 09:44:19 2025 +0100

    Commit del modelo Categoria

commit 4aa6b5665633f30e5f9d07f3a3b3e32f3f223b2a
Author: daniel-rubio39 <daniel.rubio39@educa.madrid.org>
Date:   Tue Feb 4 09:01:25 2025 +0100

    Estructura del modulo.

commit 63f69aaf009a5b18fd6a918771833e4d33ef6124
Author: daniel-rubio39 <daniel.rubio39@educa.madrid.org>
Date:   Tue Feb 4 08:57:07 2025 +0100

    Primer commit, arranca odoo.
