commit 1782a5a06951df092c2d15eaba355f236272ccff
Author: Davidup25 <unzagad@gmail.com>
Date:   Fri Feb 21 14:10:44 2025 +0100

    Vistas

commit b6dee213869928398b3d451a9d91d34b0aceee60
Author: Davidup25 <unzagad@gmail.com>
Date:   Fri Feb 21 14:10:07 2025 +0100

    Vistas

commit 2c4dd514c28b2fc1f8d487d0a230b1777c261133
Author: Davidup25 <unzagad@gmail.com>
Date:   Fri Feb 21 13:20:15 2025 +0100

    Cambio de nombre

commit 6aed35888cc26c159e49d8875bf8ddb45057f2fb
Author: Davidup25 <unzagad@gmail.com>
Date:   Fri Feb 21 13:19:17 2025 +0100

    Cambio de nombre dup_stock_deporte

commit 4651e7895656555d486f265022deb1252feb2936
Author: Davidup25 <unzagad@gmail.com>
Date:   Fri Feb 21 11:09:55 2025 +0100

    Modificación del manifest y creación de modelos/categorias

commit e3d06b29f845dbc4144c8f17e3fe475b494b4969
Author: Davidup25 <unzagad@gmail.com>
Date:   Fri Feb 21 11:08:52 2025 +0100

    Modificación del manifest y creación de los modelos/categoríass

commit 8b4b0befe57f84a85e36b958c924b3c75b624ce0
Author: Davidup25 <unzagad@gmail.com>
Date:   Mon Feb 10 10:11:57 2025 +0100

    Actualizacion de lo anterior

commit a7a87b5653d0d7b1cb187032d32d3f291f88bb6c
Author: Davidup25 <unzagad@gmail.com>
Date:   Mon Feb 10 09:50:21 2025 +0100

    Borramos el model.py

commit 1c555146c146d8ccd8a603f2ec4f6ac07a4a79eb
Author: Davidup25 <unzagad@gmail.com>
Date:   Mon Feb 10 09:47:43 2025 +0100

    Cambios en el init del modelo para incluir libro y categoria

commit 9e320c41bcc44956d5ee4d7bc8d9d0022d4a7b20
Author: Davidup25 <unzagad@gmail.com>
Date:   Mon Feb 10 09:46:56 2025 +0100

    Incluimos el modelo Libro

commit efc032ee4eefe59385316aead348cb5ed56dd1e1
Author: Davidup25 <unzagad@gmail.com>
Date:   Mon Feb 10 09:44:38 2025 +0100

    Incluimos el modelo Categoria

commit b413f9f9810c4d9e37dc9956c0e0da9d8c37ff69
Author: Davidup25 <unzagad@gmail.com>
Date:   Mon Feb 3 10:08:08 2025 +0100

    Mi primer modulo prueba(libreria)

commit 530d0d41d0c9808e447050ebe31f58e09ba1fd27
Author: Davidup25 <unzagad@gmail.com>
Date:   Mon Feb 3 09:52:20 2025 +0100

    Inicio de Odoo
