commit a9cfd62012cb530b59c69d72a4829ad2fafe6890
Author: Eríka-git <[correo eliminado]>
Date:   Mon Feb 24 21:09:58 2025 +0100

    Cambios

commit 4e0fe0f71ba10dfafd1824d0df1a1fa6a4f5c63e
Author: Eríka-git <[correo eliminado]>
Date:   Mon Feb 24 20:33:40 2025 +0100

    He creado datos de demo

commit a3c9a1403d87221b91680d186d2c2e112a3ec7ad
Author: Eríka-git <[correo eliminado]>
Date:   Thu Feb 20 16:12:13 2025 +0100

    Sge_libreria y etr_animales

commit 9e1e0109858dbb3243abf9364653fb9df3dc6b57
Author: Eríka-git <[correo eliminado]>
Date:   Thu Feb 20 16:00:01 2025 +0100

    Le he puesto este icono al módulo

commit db4c30b00d66c790f0e745cf3bdc93d336e1c23a
Author: Eríka-git <[correo eliminado]>
Date:   Thu Feb 20 15:59:31 2025 +0100

    He añadido estas vistas

commit 6768a49516f5a8bb21de6338f93b4478bc5d33f6
Author: Eríka-git <[correo eliminado]>
Date:   Thu Feb 20 15:59:14 2025 +0100

    He modificado las clases

commit a91769a8f59590057f0df08686872ee44b3076b0
Author: Eríka-git <[correo eliminado]>
Date:   Thu Feb 20 15:58:44 2025 +0100

    He añadido permisos

commit b8b9868abfd640e31f9cc4f542740a856f5a6ce5
Author: Eríka-git <[correo eliminado]>
Date:   Wed Feb 12 19:29:23 2025 +0100

    He añadido records y nuevos menuitems

commit ea4a66d419692b91cb87ee6f1d688a72554e7e89
Author: Eríka-git <[correo eliminado]>
Date:   Wed Feb 12 19:28:51 2025 +0100

    Cambios en las clases

commit ecd2185bcc4944dbfc7ec4ddabc8f58ff897f523
Author: Eríka-git <[correo eliminado]>
Date:   Mon Feb 3 20:58:48 2025 +0100

    Clases creadas para la tienda de adopción animales
