commit b95f4927d54e10c651dd4e232588ce64c4eca15b
Author: galan0455 <galun2004@gmail.com>
Date:   Fri Feb 21 10:15:11 2025 +0100

    Incluido nuevo modelo disenador con relacion many2many intento de incluir datos de demo y varias implementaciones mas

commit 36bcaca38da692b32c93b153dd2c019b897a8df9
Author: galan0455 <galun2004@gmail.com>
Date:   Thu Feb 20 11:10:26 2025 +0100

    imagenes añadidas

commit 95e93417a7096564c8d76ece77eee7e5e6962a62
Author: galan0455 <galun2004@gmail.com>
Date:   Tue Feb 18 14:10:27 2025 +0100

    datos de demo en proceso de creacion

commit e5f69b0ecafc8fa27d9e8a70386ad6a793a73c08
Author: galan0455 <galun2004@gmail.com>
Date:   Tue Feb 18 13:53:29 2025 +0100

    Formularios terminar de modificar, icono añadido,permisos puestos,creando datos de demo

commit 44e3bec554680b18469be991f2ce9a2ab1fc9eed
Author: galan0455 <galun2004@gmail.com>
Date:   Tue Feb 18 13:34:58 2025 +0100

    Permisos para usuario base dados, comienzo de busqueda de icono para la aplicacion,modificacion de formularios para introducir zapatillas y de las marcas

commit 449cf808a25b9d5c3e77cf67881a0f62ff46b2dc
Author: galan0455 <galun2004@gmail.com>
Date:   Fri Feb 14 14:09:01 2025 +0100

    Libreria al dia y tienda zapas faltan corregir
    errores ajustar permisos

commit 80b6e96cc73dbf5ea6975717b9da17c8ac2a3cc6
Author: galan0455 <galun2004@gmail.com>
Date:   Thu Feb 13 11:09:21 2025 +0100

    13-02-2025:Acabar many 2one y permisos ya realizad
    os

commit 5dacc3616bfc4b350d74ceab4389d4316ee6c87f
Author: galan0455 <galun2004@gmail.com>
Date:   Thu Feb 13 10:23:47 2025 +0100

    cambios 11-02-2024 : Creado categorias y menus en libreria y comenzado en tiendazapas, borrados archivos sobrantes.

commit 58aca8b4aca9010c05c1a5dfd5a6e0ade5250c35
Author: galan0455 <galun2004@gmail.com>
Date:   Fri Jan 31 10:10:09 2025 +0100

    modelos creados y modulo de odoo creado

commit 33078363d8f04a2eb27f6d2f7990b0b5f93b9a46
Author: galan0455 <galun2004@gmail.com>
Date:   Fri Jan 31 08:39:24 2025 +0100

    actualizado 31-01-2025

commit f420c985f87d122ad02e0f529d612c72b804629e
Author: galan0455 <galun2004@gmail.com>
Date:   Fri Jan 31 08:39:00 2025 +0100

    actualizacion 31-01-2025

commit 5166415365fb02d548576a6ff8169fbe06895df9
Author: galan0455 <galun2004@gmail.com>
Date:   Tue Jan 28 12:33:05 2025 +0100

    Update files
