commit 28c444ae00588136525e1cb429aca63074fecf6a
Author: FlorinUngureanuDutu <[correo eliminado]>
Date:   Tue Mar 4 12:48:23 2025 +0100

    a침adido historial a pesta치 eventos

commit 1448cee3348fd93cb803ef01532fa66199180192
Author: FlorinUngureanuDutu <[correo eliminado]>
Date:   Tue Mar 4 12:33:40 2025 +0100

    historial completado

commit b75b14b902ba0e977cb2d1ee57a98f4940ddb565
Author: FlorinUngureanuDutu <[correo eliminado]>
Date:   Tue Mar 4 12:10:35 2025 +0100

    error hereda no puede tener_name, creando historial

commit 0df4e49e9201882d3989e1c108f16aacb6f05aea
Author: FlorinUngureanuDutu <[correo eliminado]>
Date:   Tue Mar 4 11:58:55 2025 +0100

    a침ado nombre a clase empleado aunque herede

commit 5dada3fdc96ad880fc96223af93e35cce2a04a57
Author: FlorinUngureanuDutu <[correo eliminado]>
Date:   Tue Mar 4 03:41:31 2025 +0100

    terminado

commit b893a97c71475e32cfa29a2495ede9f0a25eb211
Author: FlorinUngureanuDutu <[correo eliminado]>
Date:   Tue Mar 4 02:36:49 2025 +0100

    final

commit e65e5c645d9d8d4aa605330dfbad74ee2e572d30
Author: FlorinUngureanuDutu <[correo eliminado]>
Date:   Tue Mar 4 02:21:31 2025 +0100

    busqueda filtros y agrupacion implementado

commit fcdbdfe8fd462a0ebe7a14f272848aef394fc026
Author: FlorinUngureanuDutu <[correo eliminado]>
Date:   Tue Mar 4 00:26:14 2025 +0100

    kanban arreglado

commit b9af5856d3aa15e38f2b4d0b849e6930426c7596
Author: FlorinUngureanuDutu <[correo eliminado]>
Date:   Mon Mar 3 23:34:42 2025 +0100

    demo funcional y kanban sencilla creada

commit a0e9442cf2212618c53238ebb99a32a209fa28b3
Author: FlorinUngureanuDutu <[correo eliminado]>
Date:   Mon Mar 3 22:16:10 2025 +0100

    menu visible, abre conversaciones en vez de ss

commit d70ce66428daab00a4f479b6cf56d21d7ab9af14
Author: FlorinUngureanuDutu <[correo eliminado]>
Date:   Mon Mar 3 21:23:14 2025 +0100

    acciones a menu, ahora mismo no aparece menu

commit ce8b6a000e1218ee9a9b16c1ee325acb55161608
Author: FlorinUngureanuDutu <[correo eliminado]>
Date:   Mon Mar 3 20:13:25 2025 +0100

    menu creado queda comprobar seguridad bien

commit b702388d7f69bb7f990de4238b88334a4ca40392
Author: FlorinUngureanuDutu <[correo eliminado]>
Date:   Sun Mar 2 22:58:53 2025 +0100

    menu vistas, security y demo

commit cd4dbbf5504d21a55b9c40afab66e66e258fa341
Author: FlorinUngureanuDutu <[correo eliminado]>
Date:   Sun Mar 2 22:49:43 2025 +0100

    Vistas creadas

commit dc71f44bcef55653d1d8573fa8ea24b9835a1b2c
Author: FlorinUngureanuDutu <[correo eliminado]>
Date:   Sun Mar 2 16:00:58 2025 -0500

    A침adido Evento

commit c9595691ab4f3325445dad77bcfef8f1f447c4bd
Author: FlorinUngureanuDutu <[correo eliminado]>
Date:   Mon Feb 17 21:03:25 2025 +0100

    feb17

commit 49c9163ab0fedd3679a3081b3ab3bc62d752fcda
Author: FlorinUngureanuDutu <[correo eliminado]>
Date:   Wed Feb 12 19:26:23 2025 +0100

    febrero 12 intercambio y tres clases

commit 400ee6567caebc00b905ff838542dfbdc2447f99
Author: FlorinUngureanuDutu <[correo eliminado]>
Date:   Mon Feb 10 21:01:56 2025 +0100

    febrero10
