commit 9d041af2c448644ee665de5d040a321fc023dcec
Author: hugo044 <[correo eliminado]>
Date:   Tue Mar 4 08:41:57 2025 +0100

    Vistas anidadas para campos one2many y many2many

commit e7f162bdf874df81d16b2a3db5b8fbc783be6304
Author: hugo044 <[correo eliminado]>
Date:   Thu Feb 27 14:01:18 2025 +0100

    añadida el tree en la vista form en cliente para pedido 27/2/2025 14:01

commit 308ab4bf0fcf1ec709cc478eb4d0bf5c4fb82b99
Author: hugo044 <[correo eliminado]>
Date:   Thu Feb 27 13:53:56 2025 +0100

    cambios 27/2/2025 13:53

commit e89cb44712b3cf243dc9de311c26aca9b2f44db5
Author: hugo044 <[correo eliminado]>
Date:   Thu Feb 27 13:52:13 2025 +0100

    Cambio de grafico y de mas... 27/2/2025

commit ae15be81dd36c4c7abc69c00cc66186f42ca670f
Author: hugo044 <[correo eliminado]>
Date:   Thu Feb 27 13:00:32 2025 +0100

    Tree solucionado 27/2/2025

commit 150552add9c390e4b021821d86b8cbc68f45114a
Author: hugo044 <[correo eliminado]>
Date:   Thu Feb 27 10:51:18 2025 +0100

    He cambiado de modulo a aplicacion 27/2/2025

commit 61c050926f9bd614193daad8ff0278db0590cd18
Author: hugo044 <[correo eliminado]>
Date:   Thu Feb 27 10:45:25 2025 +0100

    Quitar min_height y el max para los warnings 27/2/2025

commit 7ee322dcebd106cde59215198af9b8fe3429c9fc
Author: hugo044 <[correo eliminado]>
Date:   Thu Feb 27 10:40:39 2025 +0100

    Introduccion de la licencia quitar WARNING 27/2/2025

commit 27d5cdebad14288cb5c1bcb9786fd3afd22f8266
Author: hugo044 <[correo eliminado]>
Date:   Thu Feb 27 10:38:09 2025 +0100

    Graficos,kanban,pivot... 27/2/2025

commit c9af796aa77a2f45a65cfcf5b5808ba449f83bf2
Author: hugo044 <[correo eliminado]>
Date:   Thu Feb 27 10:12:37 2025 +0100

    Quitamos sge_libreria, ponemos bonitos los informes y las clases 27/2/2025

commit e1fd81715800b0bdacbe8c2dc5b62275436ef2c7
Author: hugo044 <[correo eliminado]>
Date:   Thu Feb 27 08:48:12 2025 +0100

    Vistas

commit 21653ac18b2025949215adfc3382473c8b851b45
Author: hugo044 <[correo eliminado]>
Date:   Thu Feb 27 08:47:59 2025 +0100

    Cambio de relaciones

commit 0f7fab5769a2ead7b3a52d3ad18245621ad0c34c
Author: hugo044 <[correo eliminado]>
Date:   Thu Feb 27 08:47:39 2025 +0100

    Informe y datos de demo avanzados

commit 894f90786c63c816b86e424db989e0070fd48ceb
Author: hugo044 <[correo eliminado]>
Date:   Thu Feb 27 08:47:18 2025 +0100

    Establecemos permisos

commit 7d08687067e1c164a70d469285551b3b64ff9b49
Author: hugo044 <[correo eliminado]>
Date:   Tue Feb 25 10:42:24 2025 +0100

    Demo, introduzcion de imagenes cambio de consola a pedido, informe y cambio en el ir.model.access.csv 25/2/2025

commit 2c37505d93fcdef46a17b8da05db26b70999699d
Author: hugo044 <[correo eliminado]>
Date:   Fri Feb 21 09:33:09 2025 +0100

    Creacion de los xml de las clases, icono, kanban,search... 21/2/2025

commit 94ce7304f3f5ef7f98b308999895f7c320770afa
Author: hugo044 <[correo eliminado]>
Date:   Thu Feb 20 10:33:27 2025 +0100

    Creacion de clases y cambio del model csv

commit db1e52f862ecb9dfb32dcd0f9946d41364e03c2a
Author: hugo044 <[correo eliminado]>
Date:   Thu Feb 13 10:53:16 2025 +0100

    Creacion de menus,clases y modificacion del csv 13/2/2025
