commit cea2882a723d2ca9c5053ab64a134ad5982e27e5
Author: Hugo Duran <[correo eliminado]>
Date:   Tue Mar 4 09:06:37 2025 +0100

    demo error fixed

commit 67c86f488a6c3c9e99ad46b7c45c49f8d21dc954
Author: Hugo Duran <[correo eliminado]>
Date:   Thu Feb 27 11:07:35 2025 +0100

    names correctly placed

commit 1f184c40950acef577e84e069af53f802eba8a94
Author: Hugo Duran <[correo eliminado]>
Date:   Thu Feb 27 11:07:17 2025 +0100

    license warning deleted

commit 0beca08b1b5da2148c75a62397fd73b53ed30d1e
Author: Hugo Duran <[correo eliminado]>
Date:   Tue Feb 25 13:31:14 2025 +0100

    chatter with tracking and search view done

commit 172298b4e0ceaa80f56b935ff5b3fcfc767e1f4c
Author: Hugo Duran <[correo eliminado]>
Date:   Tue Feb 25 13:30:06 2025 +0100

    spanish translation done

commit 05441e85846f38cb0ae89e3893a1a7664a428223
Author: jindama12 <[correo eliminado]>
Date:   Sun Feb 23 09:52:07 2025 +0100

    translation done

commit 2a0ead52b41d864c2d29b0ec9b0acd2f4085cc20
Author: Hugo Duran <[correo eliminado]>
Date:   Fri Feb 21 10:11:17 2025 +0100

    chatter added

commit 725b5d484fa14e5898995304efd1e7f684f36762
Author: Hugo Duran <[correo eliminado]>
Date:   Fri Feb 21 09:41:35 2025 +0100

    kanban wih image and color

commit 921594aedbcdc23bb1b8ee4fea4d05ab532900a9
Author: jindama12 <[correo eliminado]>
Date:   Thu Feb 20 21:00:36 2025 +0100

    style changes done

commit 26c3293e9afbc76b2157a25c0d96c1cdaf80b7e6
Author: jindama12 <[correo eliminado]>
Date:   Thu Feb 20 21:00:23 2025 +0100

    calendar view done and simple kanban view also done

commit 9d2ec4766727a59a4cbbcdd9223eef84cd686bf7
Author: Hugo Duran <[correo eliminado]>
Date:   Thu Feb 20 13:57:51 2025 +0100

    all Coche demo done (finally)

commit aa4540f5e7cbc8c96d5220123904183a0d35accc
Author: Hugo Duran <[correo eliminado]>
Date:   Thu Feb 20 13:41:09 2025 +0100

    half cars have image, encargo demo done and fields ordered

commit 6d4f1c6787cd152fe9867b50ae61fa080dcfcf08
Author: Hugo Duran <[correo eliminado]>
Date:   Thu Feb 20 11:08:22 2025 +0100

    employees demo done and all classes has demo

commit a836f16a09ae7aa8aaa22553b9dbd6a5fcfa19f4
Author: Hugo Duran <[correo eliminado]>
Date:   Tue Feb 18 14:09:59 2025 +0100

    files clean up and one employee demo added

commit 17ba5d707eb17bcdd413871e31881baa2375d289
Author: Hugo Duran <[correo eliminado]>
Date:   Tue Feb 18 13:55:31 2025 +0100

    demo data for Coche and Cliente done

commit a776727e80f5aa2f8d1e2a127e807d646de2557a
Author: Hugo Duran <[correo eliminado]>
Date:   Sat Feb 15 14:16:13 2025 +0100

    main classes structure done

commit fdb8c5f92a538d847eb5a3f11ced7fd824194354
Author: Hugo Duran <[correo eliminado]>
Date:   Sat Feb 15 14:14:34 2025 +0100

    tree and form views done

commit f1eda18b4f941472e24d3685b51d518c0437d7d3
Author: Hugo Duran <[correo eliminado]>
Date:   Sat Feb 15 13:48:37 2025 +0100

    changed Taller for Cliente

commit 74512da2bb6f7f88c6c55f98a60d504217ecbc26
Author: Hugo Duran <[correo eliminado]>
Date:   Sat Feb 15 13:48:07 2025 +0100

    main classes structure done

commit 1dfd6d8ccb4dde6d62f374954e9c47b1d2fd72f6
Author: Hugo Duran <[correo eliminado]>
Date:   Sat Feb 15 13:47:44 2025 +0100

    changed name and summary

commit 0d0f5df600f7e831b746a0ad1f544ec69cc6f629
Author: Hugo Duran <[correo eliminado]>
Date:   Sat Feb 15 13:47:28 2025 +0100

    permissions assigned

commit 6cefeb8a0ee039d12c26dc26514ec74c3812beb8
Author: Hugo Duran <[correo eliminado]>
Date:   Fri Feb 14 14:07:36 2025 +0100

    before the BIG CHANGE

commit eb7cd6794dc777369a961ac7df6a1c1182049bb7
Author: Hugo Duran <[correo eliminado]>
Date:   Fri Feb 14 14:02:15 2025 +0100

    before the BIG CHANGE

commit f7a31609c7ee1a731988b5e1609f661ad571d6fb
Author: Hugo Duran <[correo eliminado]>
Date:   Thu Feb 13 11:09:27 2025 +0100

    first permissions assigned

commit 20d5dfe570acd1e9cfa1992f317540d7b5df95aa
Author: Hugo Duran <[correo eliminado]>
Date:   Thu Feb 13 11:03:32 2025 +0100

    first permissions assigned

commit e924d316657f7563c5cf65709453e2ad4c6f223a
Author: Hugo Duran <[correo eliminado]>
Date:   Tue Feb 11 14:03:40 2025 +0100

    demo data for Coche loaded

commit ddd4b35e8502b398c69807dde3f41362d52cdcf8
Author: Hugo Duran <[correo eliminado]>
Date:   Tue Feb 11 14:03:09 2025 +0100

    menu created

commit 5519c14536108646c79f8c32d304865d024ff2f6
Author: Hugo Duran <[correo eliminado]>
Date:   Tue Feb 11 14:02:57 2025 +0100

    icon loaded

commit d15644abb9a9ed9c849613dba184f3d342073c36
Author: Hugo Duran <[correo eliminado]>
Date:   Fri Feb 7 14:10:20 2025 +0100

    encargo first view done

commit 669779349fb597a25213e43684b2e3de2268da23
Author: Hugo Duran <[correo eliminado]>
Date:   Fri Feb 7 14:10:08 2025 +0100

    compose changes

commit 825a94b194c580c3b3be97f79f1241f1e45034a5
Author: Hugo Duran <[correo eliminado]>
Date:   Fri Feb 7 14:09:58 2025 +0100

    basic classes done

commit ea53b2d98931033a4dff8ee44802b6f08c3ea194
Author: Hugo Duran <[correo eliminado]>
Date:   Fri Feb 7 13:22:14 2025 +0100

    Coche form and tree views made

commit 6758cb2eb2eca568d1ba4165ac21e773e6e7d359
Author: Hugo Duran <[correo eliminado]>
Date:   Fri Feb 7 13:21:46 2025 +0100

    all classes created

commit c6e254704288afc3b1378e4ced7eeb317357baf5
Author: Hugo Duran <[correo eliminado]>
Date:   Tue Feb 4 14:01:29 2025 +0100

    model Coche made

commit c84f3b11610534a602b9a0a13c0f8e2508fa19bc
Author: Hugo Duran <[correo eliminado]>
Date:   Tue Feb 4 13:23:17 2025 +0100

    controllers deleted

commit 8aa98f2811564ec0ec9fc4d45ca2c7e10f1f2d15
Author: Hugo Duran <[correo eliminado]>
Date:   Fri Jan 31 10:10:19 2025 +0100

    start of final module

commit 7444abf826c780f1a56bcb205204d1309d02c562
Merge: b399126 78de40b
Author: Hugo Duran <[correo eliminado]>
Date:   Fri Jan 31 08:37:33 2025 +0100

    Merge branch 'javnitram:main' into develop

commit b3991265242a7ab4aa700a48304133a6a81d47dd
Author: Hugo Duran <[correo eliminado]>
Date:   Tue Jan 28 12:33:02 2025 +0100

    Updated files permissions
