commit a30b635de0247de5440afdb241a793da92e0fe20
Author: hugoo0605 <[correo eliminado]>
Date:   Sat Mar 1 18:11:42 2025 +0100

    Modificacion de modelos y demo data

commit a323b443ec64f126ee0c72567969efde652dadac
Author: hugoo0605 <[correo eliminado]>
Date:   Fri Feb 28 14:44:03 2025 +0100

    Arreglo de las vistas y creacion del security

commit 6c47e4019aed8f0677e81e0e592a47a93d8609cd
Author: hugoo0605 <[correo eliminado]>
Date:   Fri Feb 28 13:32:41 2025 +0100

    Creacion de los otros modelos y vistas

commit 6791e2c9d0319327fa5e2f03d731ecafff0f0a09
Author: hugoo0605 <[correo eliminado]>
Date:   Thu Feb 27 00:39:13 2025 +0100

    Modelo y view y conseguir que instale

commit da177f3cc72b9e1ebe99b75c28e2f91231523cb9
Author: hugoo0605 <[correo eliminado]>
Date:   Wed Feb 26 13:08:37 2025 +0100

    Icono del modulo y creacion del primer modelo

commit ffcbb26b9dcc90d04fb7da470c48c2fdc66a30c8
Author: hugoo0605 <[correo eliminado]>
Date:   Fri Feb 21 12:48:59 2025 +0100

    Creacion del modulo

commit af49b5687730995460d5364d29eefec07f8933e1
Author: hugoo0605 <[correo eliminado]>
Date:   Mon Feb 3 10:08:56 2025 +0100

    Mi primer modulo de prueba

commit 1a4c2b1f6152b93324196022d260ad984cc35498
Author: hugoo0605 <[correo eliminado]>
Date:   Mon Feb 3 09:52:32 2025 +0100

    Inicio de Odoo
