commit f2b141562903fa38a60648a8790d6c9d62a3e762
Author: Ionela Daniela <[correo eliminado]>
Date:   Tue Mar 4 13:49:09 2025 +0100

    final version

commit aaa001afa295fd5881115489726ae6bb8110023a
Author: Ionela Daniela <[correo eliminado]>
Date:   Tue Mar 4 12:02:54 2025 +0100

    modificacion

commit 128ae2f8c8ab9e92eb0cfd605dd1ac5b025f7ed8
Author: Ionela Daniela <[correo eliminado]>
Date:   Tue Mar 4 04:06:43 2025 +0100

    test bug

commit 29db019cd12c5affaabd505283b5862d02201280
Author: Ionela Daniela <[correo eliminado]>
Date:   Mon Feb 24 02:05:45 2025 +0100

    check subida correcta

commit 82493bc151ab403e0815ced75dd004d737631e25
Author: Ionela Daniela <[correo eliminado]>
Date:   Mon Feb 24 01:21:37 2025 +0100

    postgres
