commit a3079302dd8018edfb3d5e7aa22e0f203cd0aff2
Author: Florian31-florian <[correo eliminado]>
Date:   Mon Feb 24 20:54:41 2025 +0100

    Creación vista

commit ce1afd1b81728579d866b1191f2034cb73c7d7d4
Author: Florian31-florian <[correo eliminado]>
Date:   Mon Feb 24 20:36:10 2025 +0100

    Correción clases

commit f41d3e5bfe8650a40caf0bdb99278330d78fab3b
Author: Florian31-florian <[correo eliminado]>
Date:   Mon Feb 24 20:08:50 2025 +0100

    Delete bad files

commit c553eec6bccf72ef4b7c3bc7328523d813986d81
Author: Florian31-florian <[correo eliminado]>
Date:   Mon Feb 24 20:06:50 2025 +0100

    Initial commit

commit 930deccb926b90b11d661c5f117e98e41a0d7f08
Author: Florian31-florian <[correo eliminado]>
Date:   Mon Feb 24 20:06:12 2025 +0100

    Initial commit
