commit 74bee230904699c7d88ea0e6779b54c1dee4e98b
Author: Ivan Gonzalez <[correo eliminado]>
Date:   Sat Mar 1 19:58:55 2025 +0100

    feat: last updates

commit b7def77289dfb7ea958255f3185c06bc96a136ac
Author: Ivan Gonzalez <[correo eliminado]>
Date:   Fri Feb 28 13:39:14 2025 +0100

    feat: reproducciones_campana + diferencia_reproducciones + constraings + fields calculate

commit 2b020b9695cdc131da17e43e2a13fe310864619d
Author: Ivan Gonzalez <[correo eliminado]>
Date:   Fri Feb 28 13:25:09 2025 +0100

    feat: graph in playlist campaings

commit 3ee5a8a2bdc5a5fe3ba0055aa833cfbd6647a02f
Author: Ivan Gonzalez <[correo eliminado]>
Date:   Fri Feb 28 12:42:10 2025 +0100

    fix: warning logs

commit 80568b70aaba8d2935df5a27dabcfb19de68fd3a
Author: Ivan Gonzalez <[correo eliminado]>
Date:   Fri Feb 28 12:29:44 2025 +0100

    feat: (chatter + notebook) artist form view

commit 8a5d71d997706aa51369eab08d295cd5b3e2ba5a
Author: Ivan Gonzalez <[correo eliminado]>
Date:   Wed Feb 26 19:50:15 2025 +0100

    feat: campañas web + deleting odoo.conf from git

commit 283cc5476da1df0ae45747d1805f14545852d3d2
Author: Ivan Gonzalez <[correo eliminado]>
Date:   Sun Feb 23 10:18:45 2025 +0100

    rmv: comments

commit 5be5fc6d98d8fb8f5d3dfa854ae50b27dbcb3339
Author: IvanGB <[correo eliminado]>
Date:   Fri Feb 21 09:11:14 2025 +0100

    feat: Change git repository (CRM_hispanmusic -> igb_hispanmusic).
