commit af7459d3eb828be058a863bcf7dc41122585f836
Author: IvanGonzaloGarciaAli <ivan.gonzalo.garcia.ali1@gmail.com>
Date:   Mon Feb 17 10:37:31 2025 +0100

    He modificado la variable de nombre de evento por
    name, ya que me daba error y era porque al principio
    le puse de nombre name y no puedo cambiarlo.Tambien he
    añadido el modelaccess de tarea

commit ef222fa1c42e00193aa1a280f4f24586ea233940
Merge: ee003b2 10bdcc4
Author: IvanGonzaloGarciaAli <ivan.gonzalo.garcia.ali1@gmail.com>
Date:   Mon Feb 17 10:15:29 2025 +0100

    Merge branch 'developer' of https://github.com/IvanGonzaloGarciaAli/SGE-ODOO-DEVA-29 into developer

commit ee003b26b524fac3685518a6cf4c63d34eb9a72a
Author: IvanGonzaloGarciaAli <ivan.gonzalo.garcia.ali1@gmail.com>
Date:   Mon Feb 17 10:14:21 2025 +0100

    He creado tarea.py con todo lo que lleva(menu,view)
    tambien he modificado cosas de evento que no funcionaban

commit 10bdcc4e626adccfa997da29a392890b5167dd97
Author: IvanGonzaloGarciaAli <148757084+IvanGonzaloGarciaAli@users.noreply.github.com>
Date:   Mon Feb 17 09:31:34 2025 +0100

    Add files via upload

commit eb79820819cbeb1bdf7eb48c261570a998b52e9d
Author: IvanGonzaloGarciaAli <ivan.gonzalo.garcia.ali1@gmail.com>
Date:   Fri Feb 14 14:12:59 2025 +0100

    Commit del menus.xml.
    He añadido el action y el menu para la vista tree

commit 3664ac28d1edb2c2e4a0313037b635423b17d8d3
Author: IvanGonzaloGarciaAli <ivan.gonzalo.garcia.ali1@gmail.com>
Date:   Fri Feb 14 13:41:48 2025 +0100

    Primer intento para el modulo de evento.py.
    Cambios:
        Para la carpeta Models he borrado lo que no necesitaba y he modificado su init.py para incluir el nuevo modulo.
        Para la carpeta Views he creado evento.xml y menu.xml vacio.Evento.xml incluye la vista tree.Por ultimo he modificado el manifest.py

commit 033fa64506118a36bfea2163ae0ab4ea6c690f57
Author: IvanGonzaloGarciaAli <ivan.gonzalo.garcia.ali1@gmail.com>
Date:   Wed Feb 12 13:20:55 2025 +0100

    Scaffold de mi Modulo de Odoo (igga_eventos)

commit a38197a753064a27c449bce46f50b3c18cda5cdd
Author: IvanGonzaloGarciaAli <ivan.gonzalo.garcia.ali1@gmail.com>
Date:   Mon Feb 10 10:15:37 2025 +0100

    view de categoria

commit cf814c89327631a09890b18826a8ca1a7dd3d7c2
Author: IvanGonzaloGarciaAli <ivan.gonzalo.garcia.ali1@gmail.com>
Date:   Mon Feb 10 09:49:40 2025 +0100

    Borramos el modelo models.py

commit 9f67197c94f1a2cd5bcba40c703f926f188cf8a7
Author: IvanGonzaloGarciaAli <ivan.gonzalo.garcia.ali1@gmail.com>
Date:   Mon Feb 10 09:47:38 2025 +0100

    Cambios en el init del modelo para incluir libro y categoria

commit 7258590c5914bf64c2c4cb18303f89f9b5644ec4
Author: IvanGonzaloGarciaAli <ivan.gonzalo.garcia.ali1@gmail.com>
Date:   Mon Feb 10 09:47:12 2025 +0100

    Incluimos el modelo Libro

commit e3618e11b7c9dad6f111f41186136e2ab12341b9
Author: IvanGonzaloGarciaAli <ivan.gonzalo.garcia.ali1@gmail.com>
Date:   Mon Feb 10 09:44:47 2025 +0100

    Incluimos el modelo Categoria

commit 3633a494ac8da9c4b42dd797e122d2bcc3b4d88c
Author: IvanGonzaloGarciaAli <ivan.gonzalo.garcia.ali1@gmail.com>
Date:   Mon Feb 3 10:08:36 2025 +0100

    Mi primer modulo de prueba

commit 913d0246432c1ba35d5cffe0cfdacd8db891ca78
Author: IvanGonzaloGarciaAli <ivan.gonzalo.garcia.ali1@gmail.com>
Date:   Mon Feb 3 09:52:25 2025 +0100

    Inicio de Odoo
