commit 335f31036a7a3676fe351525fa756b32c3fe6843
Author: AlumnoBueno <[correo eliminado]>
Date:   Fri Feb 21 10:15:29 2025 +0100

    Vista kanban, modelo marca y relacion

commit 37437e33a772dc3337f326e782c85e3387204810
Author: AlumnoBueno <[correo eliminado]>
Date:   Tue Feb 18 13:56:28 2025 +0100

    martes18

commit 6bc36aaa323c473beee1317daca79f7ad9721d39
Author: AlumnoBueno <[correo eliminado]>
Date:   Tue Feb 11 14:09:34 2025 +0100

    Datos demo y menus

commit 1d15d3eedd31415388993f83347bfa8308cf086f
Author: AlumnoBueno <[correo eliminado]>
Date:   Fri Feb 7 14:12:59 2025 +0100

    vistas

commit 2a10bafac2a842d8945d475b5a46903d5326e912
Author: AlumnoBueno <[correo eliminado]>
Date:   Tue Feb 4 14:12:29 2025 +0100

    clase movil y cliente

commit 99337544805618ae4e58250a7c62212961186330
Author: AlumnoBueno <[correo eliminado]>
Date:   Fri Jan 31 10:11:23 2025 +0100

    Categoria Libro

commit b02c0e12014429553c5af2d0e0ffb910da493091
Merge: 514ba7f e6094b3
Author: AlumnoBueno <[correo eliminado]>
Date:   Fri Jan 31 08:58:20 2025 +0100

    Merge branch 'develop' of https://github.com/AlumnoBueno/SGE-odoo-it-yourself into develop

commit 514ba7f96f8c57d2b7fb88a59dce49c0e52c45a6
Author: AlumnoBueno <[correo eliminado]>
Date:   Fri Jan 31 08:46:24 2025 +0100

    nuevo

commit e6094b3a0b55bb29ac3f10d52bc361e882af913f
Merge: 34f1e75 78de40b
Author: AlumnoBueno <[correo eliminado]>
Date:   Fri Jan 31 08:41:34 2025 +0100

    Merge branch 'javnitram:main' into develop

commit 34f1e7590de240d9fd4a6c3f7dc27b272c3de17d
Author: AlumnoBueno <[correo eliminado]>
Date:   Tue Jan 28 12:37:31 2025 +0100

    Update files
