commit 79860924e20e213cc50339b6852bcafabe28baa2
Author: josuecristhoper <[correo eliminado]>
Date:   Mon Feb 24 21:09:15 2025 +0100

    modificacion de clases, y tres vistas realizadas

commit da5ff72820a3e9009ef96590a1e9bed849af2648
Author: josuecristhoper <[correo eliminado]>
Date:   Mon Feb 24 20:19:22 2025 +0100

    Creacion de las clases para el modulo de musica

commit 570742c8896b2790103be16a3594f7eafcd4104a
Author: josuecristhoper <[correo eliminado]>
Date:   Mon Feb 24 20:17:40 2025 +0100

    Creacion de clases para el modulo de musica

commit 0d9cc90c6f63aedb3817a156e8ef7af0d9ef8fc9
Author: josuecristhoper <[correo eliminado]>
Date:   Mon Feb 3 21:00:57 2025 +0100

    Scaffold y definición de modelos categoria y libro

commit b4a8588bc52623c2671e508e79b9189836a6d9d5
Author: josuecristhoper <[correo eliminado]>
Date:   Mon Feb 3 20:58:47 2025 +0100

    Pongo permisos de ejecución en set_permissions.sh
