commit 47307003bf12aa857d9cf2d983ced9a17daff70c
Author: Warzhell <[correo eliminado]>
Date:   Tue Mar 4 11:02:56 2025 +0100

    Eliminacion de comentarios

commit 8f8908512d57e3683d4d42f02828e15a1e9fdbd1
Author: Warzhell <[correo eliminado]>
Date:   Tue Mar 4 10:56:24 2025 +0100

    Nuevos datos de demo y correccion de errores

commit 20c01bfe964a5c48771ef56dd940a5e673640fdb
Author: Warzhell <[correo eliminado]>
Date:   Tue Feb 25 14:16:27 2025 +0100

    Solucion errores BarraLateral

commit 70f703311b2cb2491ec8f692ce27939c8a2f4d8d
Author: Warzhell <[correo eliminado]>
Date:   Tue Feb 25 14:01:16 2025 +0100

    Correccion de errores e inicio de datos de demo

commit 3a8116db279ad4c5150c9b3bb7639b0c19558251
Author: Warzhell <[correo eliminado]>
Date:   Fri Feb 21 10:05:47 2025 +0100

    Correccion de errores

commit 70e1487aa61c4b01dddbac2c8292d761f10e28ef
Author: Warzhell <[correo eliminado]>
Date:   Fri Feb 21 09:26:51 2025 +0100

    CSV Actualizado

commit a9353cb0c9ae84ec0caf85c21330d83dde18729f
Author: Warzhell <[correo eliminado]>
Date:   Fri Feb 21 08:52:03 2025 +0100

    Modulo duplicado eliminado

commit b9d3028fa5344d9a1dc8019c2d7de8017e4bcb87
Author: Warzhell <[correo eliminado]>
Date:   Tue Feb 18 13:55:17 2025 +0100

    Manifest definido

commit aa728529f4696f7d7feab49c00f2701f9ebff2fb
Author: Warzhell <[correo eliminado]>
Date:   Tue Feb 18 13:45:00 2025 +0100

    18 / 2 scaffold jcd Fruteria
