commit 1b66e70a9e3e8408f8e042bfdf91a76ccb0503b8
Author: MurilloJoel <joelolbejo187@gmail.com>
Date:   Wed Feb 19 13:37:36 2025 +0100

    Vistas planteadas

commit 23f197c625231f1d5bde838b4efd8a83cc0e9e19
Author: MurilloJoel <joelolbejo187@gmail.com>
Date:   Mon Feb 17 10:41:28 2025 +0100

    Modelos y vistas planteados

commit 3fe85d15815d9cfb3446c8a18e38a3f7f799de0d
Author: MurilloJoel <joelolbejo187@gmail.com>
Date:   Mon Feb 17 09:15:53 2025 +0100

    Inicio modulo personalizado Gestion Restaurantes

commit e168fdc4d80b0ac170078ba017e74dcef07bfe9b
Author: MurilloJoel <joelolbejo187@gmail.com>
Date:   Fri Feb 14 14:14:06 2025 +0100

    Fichero de modelos y vistas correctas

commit 448dbfba00c92afba7e54a9139eb9b818734241f
Author: MurilloJoel <joelolbejo187@gmail.com>
Date:   Mon Feb 10 10:14:50 2025 +0100

    Creacion de las vistas de libreria

commit a12b0ce7d1548afde82933ac12441bc811aebe28
Author: MurilloJoel <joelolbejo187@gmail.com>
Date:   Mon Feb 10 10:00:04 2025 +0100

    Con el modelo de la Categoria correcto

commit 39191cf04803a594c15c570dbd45c4e2d52aec28
Author: MurilloJoel <joelolbejo187@gmail.com>
Date:   Mon Feb 10 09:55:17 2025 +0100

    Modificado correctamente los modelos con libreria

commit c6e1ee81d1d00f9499b7ea14ad956fd6ac5409fd
Author: MurilloJoel <joelolbejo187@gmail.com>
Date:   Mon Feb 10 09:49:09 2025 +0100

    Eliminamos el models.py

commit 1a71f23d05374111fbba506fd5c9176a4ab88570
Author: MurilloJoel <joelolbejo187@gmail.com>
Date:   Mon Feb 10 09:47:30 2025 +0100

    Cambios en el __init__ del modelo para incluir Libro y categoria

commit a9770b742c28eb56a1c1d2163b1176fd08850a71
Author: MurilloJoel <joelolbejo187@gmail.com>
Date:   Mon Feb 10 09:46:54 2025 +0100

    Incluimos el modelo Libro

commit 3cfb1bcd3df7a1ba33aa84fb99270e68db234f97
Author: MurilloJoel <joelolbejo187@gmail.com>
Date:   Mon Feb 10 09:44:30 2025 +0100

    Incluimos el modelo Categoria

commit 798302e4a410aa10bc4807054a15c5ddadec6670
Author: MurilloJoel <joelolbejo187@gmail.com>
Date:   Fri Feb 7 13:45:01 2025 +0100

    Volvemos a libreria original

commit 5867ccb5db78fc6bcfd2e4a6fe0dc13014af7ba1
Author: MurilloJoel <joelolbejo187@gmail.com>
Date:   Fri Feb 7 13:08:51 2025 +0100

    Commit correctamente modificado

commit 5f239477f591c332e588f630e514d65383c52696
Author: MurilloJoel <joelolbejo187@gmail.com>
Date:   Mon Feb 3 10:06:05 2025 +0100

    Commit de todo el entorno ya creado correctamente

commit a6dfd2b2ccee276ab89547cff9957de5a83fd264
Author: MurilloJoel <joelolbejo187@gmail.com>
Date:   Mon Feb 3 09:31:10 2025 +0100

    Primer commit
