commit 69e7ebff188d08f007ff7abaf360b19b23bef3af
Author: MurilloJoel <[correo eliminado]>
Date:   Sat Mar 1 00:51:20 2025 +0100

    Permisos finalmente creados correctamente

commit 166c71599413816beae5c9472ecc00302f2bd590
Author: MurilloJoel <[correo eliminado]>
Date:   Fri Feb 28 21:42:52 2025 +0100

    Permisos de acceso al modulo confirmados

commit 963334571e167f19fd9574e3a6b7799a57d21a37
Author: MurilloJoel <[correo eliminado]>
Date:   Fri Feb 28 21:35:22 2025 +0100

    Permisos de seguridad medio bien

commit a5a3bb1da6a7e5514a33d5eea787c8c449d3839f
Author: MurilloJoel <[correo eliminado]>
Date:   Fri Feb 28 21:28:42 2025 +0100

    Fotos de los ingredientes ya creadas

commit 40f8ea5a561515e1422f3f54bced25b1f0923d23
Author: joel <[correo eliminado]>
Date:   Fri Feb 28 12:42:30 2025 +0100

    Vista kanban de los platos creada

commit 4e9ff684ad527900317ba8d3ac04b7845ba3c276
Author: MurilloJoel <[correo eliminado]>
Date:   Thu Feb 27 13:31:06 2025 +0100

    Acceso correcto

commit b1f83a7d98fc61940170d0c118c7cb7dca05ba49
Author: MurilloJoel <[correo eliminado]>
Date:   Wed Feb 26 13:26:02 2025 +0100

    Vistas medio bien

commit 4af501b7cc8c49cef25c82c9d23b1cf9230f00c5
Author: MurilloJoel <[correo eliminado]>
Date:   Tue Feb 25 12:28:10 2025 +0100

    Permisos correctamente realizados

commit db3ac08f1398e36dce8eec7285329437fe2bf0d9
Author: MurilloJoel <[correo eliminado]>
Date:   Mon Feb 24 11:01:01 2025 +0100

    Comentarios ya introducidos en vistas y modelos

commit 8a12ab11add5e87efb659c69612d646f254ac960
Author: MurilloJoel <[correo eliminado]>
Date:   Mon Feb 24 10:46:25 2025 +0100

    Imagenes ya introducidas de los platos y sus correspondientes datos de prueba

commit 833dcdb2967d589f4114a8244e228e92955e1c0b
Author: MurilloJoel <[correo eliminado]>
Date:   Fri Feb 21 14:12:40 2025 +0100

    Vistas y modelos ya funcionando, e intento de creacion de icono

commit 1b66e70a9e3e8408f8e042bfdf91a76ccb0503b8
Author: MurilloJoel <[correo eliminado]>
Date:   Wed Feb 19 13:37:36 2025 +0100

    Vistas planteadas

commit 23f197c625231f1d5bde838b4efd8a83cc0e9e19
Author: MurilloJoel <[correo eliminado]>
Date:   Mon Feb 17 10:41:28 2025 +0100

    Modelos y vistas planteados

commit 3fe85d15815d9cfb3446c8a18e38a3f7f799de0d
Author: MurilloJoel <[correo eliminado]>
Date:   Mon Feb 17 09:15:53 2025 +0100

    Inicio modulo personalizado Gestion Restaurantes

commit e168fdc4d80b0ac170078ba017e74dcef07bfe9b
Author: MurilloJoel <[correo eliminado]>
Date:   Fri Feb 14 14:14:06 2025 +0100

    Fichero de modelos y vistas correctas

commit 448dbfba00c92afba7e54a9139eb9b818734241f
Author: MurilloJoel <[correo eliminado]>
Date:   Mon Feb 10 10:14:50 2025 +0100

    Creacion de las vistas de libreria

commit a12b0ce7d1548afde82933ac12441bc811aebe28
Author: MurilloJoel <[correo eliminado]>
Date:   Mon Feb 10 10:00:04 2025 +0100

    Con el modelo de la Categoria correcto

commit 39191cf04803a594c15c570dbd45c4e2d52aec28
Author: MurilloJoel <[correo eliminado]>
Date:   Mon Feb 10 09:55:17 2025 +0100

    Modificado correctamente los modelos con libreria

commit c6e1ee81d1d00f9499b7ea14ad956fd6ac5409fd
Author: MurilloJoel <[correo eliminado]>
Date:   Mon Feb 10 09:49:09 2025 +0100

    Eliminamos el models.py

commit 1a71f23d05374111fbba506fd5c9176a4ab88570
Author: MurilloJoel <[correo eliminado]>
Date:   Mon Feb 10 09:47:30 2025 +0100

    Cambios en el __init__ del modelo para incluir Libro y categoria

commit a9770b742c28eb56a1c1d2163b1176fd08850a71
Author: MurilloJoel <[correo eliminado]>
Date:   Mon Feb 10 09:46:54 2025 +0100

    Incluimos el modelo Libro

commit 3cfb1bcd3df7a1ba33aa84fb99270e68db234f97
Author: MurilloJoel <[correo eliminado]>
Date:   Mon Feb 10 09:44:30 2025 +0100

    Incluimos el modelo Categoria

commit 798302e4a410aa10bc4807054a15c5ddadec6670
Author: MurilloJoel <[correo eliminado]>
Date:   Fri Feb 7 13:45:01 2025 +0100

    Volvemos a libreria original

commit 5867ccb5db78fc6bcfd2e4a6fe0dc13014af7ba1
Author: MurilloJoel <[correo eliminado]>
Date:   Fri Feb 7 13:08:51 2025 +0100

    Commit correctamente modificado

commit 5f239477f591c332e588f630e514d65383c52696
Author: MurilloJoel <[correo eliminado]>
Date:   Mon Feb 3 10:06:05 2025 +0100

    Commit de todo el entorno ya creado correctamente

commit a6dfd2b2ccee276ab89547cff9957de5a83fd264
Author: MurilloJoel <[correo eliminado]>
Date:   Mon Feb 3 09:31:10 2025 +0100

    Primer commit
