commit 8783b4b53c1e9376a7ae80a2f02bd000c23c3296
Author: javiervil-97 <jvg_github@gmail.com>
Date:   Wed Feb 12 19:35:51 2025 +0100

    Cambios de ejemplos, no prestar atencion.

commit 6039ece9b70aa5e25c073042b9ba9618416d2509
Author: javiervil-97 <jvg_github@gmail.com>
Date:   Wed Feb 12 19:35:05 2025 +0100

    Creación de vistas tree y form de los modulos

commit 4d9d84a4e96b3efd724122a3cdff49070d47344a
Author: javiervil-97 <jvg_github@gmail.com>
Date:   Wed Feb 12 19:34:12 2025 +0100

    Cambios irrelevantes

commit af192f0eca9b8f4d5db7a9faa8671f282127c551
Author: javiervil-97 <jvg_github@gmail.com>
Date:   Wed Feb 12 19:33:27 2025 +0100

    creacion y modificacion de las clases del proyecto

commit 881e6890e6f28cd8912142e2c2b05486d6e20ba8
Author: javiervil-97 <jvg_github@gmail.com>
Date:   Wed Feb 5 19:32:04 2025 +0100

    renombrar el view.xml

commit 0c809df855eac6ba73fab848eaaa702069532ffe
Author: javiervil-97 <jvg_github@gmail.com>
Date:   Wed Feb 5 19:06:55 2025 +0100

    Cambios en el view de clase

commit bbfeadfd3c20cdfb5b23d98fee0e3466bda078c2
Author: javiervil-97 <jvg_github@gmail.com>
Date:   Mon Feb 3 21:07:00 2025 +0100

    Cambios en odoo.conf

commit b8457ed16d9a4ec3fb9bcf52f00d27ac299db934
Author: javiervil-97 <jvg_github@gmail.com>
Date:   Mon Feb 3 21:01:32 2025 +0100

    Scaffold y definición de Categoría y Libro

commit 554ada71ea73445c339efc9077fa0f89947d72b1
Author: javiervil-97 <jvg_github@gmail.com>
Date:   Mon Feb 3 20:58:47 2025 +0100

    Pongo permisos de ejecución en set_permissions
