commit 05cf769b24d9b0d2a42c053be3de52eb4024a2de
Author: lauravdc <[correo eliminado]>
Date:   Fri Feb 21 14:09:43 2025 +0100

    cambios en views

commit ebf0f9a71ace7396197b0e3beebe3a00a50b1752
Author: lauravdc <[correo eliminado]>
Date:   Fri Feb 21 13:54:52 2025 +0100

    cambio en odoo para actualizar automaticamente app

commit cf439704d897991c2bd0d6d2d35c554f7bc63350
Author: lauravdc <[correo eliminado]>
Date:   Fri Feb 21 13:47:43 2025 +0100

    Creación de vistas

commit 447890aedc1bacc55885202ee245c0e4980dd51d
Author: lauravdc <[correo eliminado]>
Date:   Fri Feb 21 13:01:26 2025 +0100

    Cambio nombre de módulo

commit 75b068fbdc6250e3df5c3414edf9d7c7e90e2bf7
Author: lauravdc <[correo eliminado]>
Date:   Fri Feb 14 14:13:48 2025 +0100

    Empiezo las creaciones de las vistas con el menu

commit 879604ec129ca52122897a8668c3344568fff2fe
Author: lauravdc <[correo eliminado]>
Date:   Wed Feb 12 13:37:23 2025 +0100

    Eliminación módulo antiguo y creación del nuevo

commit ddd573e74b0e2252b88affe55c5e621a9fe20351
Author: lauravdc <[correo eliminado]>
Date:   Mon Feb 10 09:57:44 2025 +0100

    Cambio Nombre

commit 8f52c3abfb5d26a22ad0a4b63889b61fdb2107cd
Author: lauravdc <[correo eliminado]>
Date:   Mon Feb 10 09:50:11 2025 +0100

    Borramos el model.py porque ya no lo vamos a usar

commit d3bd5987f9e2af9f466d07da5b9f80a784d76d8c
Author: lauravdc <[correo eliminado]>
Date:   Mon Feb 10 09:48:10 2025 +0100

    Incluimos el Init del modelo y la categoría

commit d626b49b7763b1c0db304ae9263c624dd2e5c8d1
Author: lauravdc <[correo eliminado]>
Date:   Mon Feb 10 09:47:54 2025 +0100

    Incluimos el modelo Libro

commit 09aba3765c10a251494c5f70b7dc1558fa66712b
Author: lauravdc <[correo eliminado]>
Date:   Mon Feb 10 09:47:16 2025 +0100

    Incluimos el modelo categoria

commit fe6ee97a0cba0c10993737e9e9ccfc5cd8260019
Author: lauravdc <[correo eliminado]>
Date:   Mon Feb 10 09:45:18 2025 +0100

    Cambios en todo

commit eec4293fd7351526903e6bec9a08f13b78914a42
Author: lauravdc <[correo eliminado]>
Date:   Mon Feb 3 10:07:59 2025 +0100

     Primer módulo de prueba

commit 84adba174fa8347f46e8218fda035b51e7ef5412
Author: lauravdc <[correo eliminado]>
Date:   Mon Feb 3 09:52:21 2025 +0100

    Inicio de Odoo
