commit 4fb4d8be68409227a037327bfcc2571be10c5244
Author: LARA972010 <tu-correo@example.com>
Date:   Mon Feb 17 20:39:40 2025 +0100

    creación script datos API

commit fb01a56075bf552279fd61b21dfeeac27b485ea8
Author: LARA972010 <tu-correo@example.com>
Date:   Wed Feb 12 20:24:25 2025 +0100

    Prueba datos API

commit b9bda4c79235264c2c230b34898f6e5fa92ea476
Author: LARA972010 <tu-correo@example.com>
Date:   Wed Feb 5 18:10:01 2025 +0100

    Preparación módulo

commit 4cd51c61ef3194512e1dc6d95a757683f0c10bb3
Author: LARA972010 <tu-correo@example.com>
Date:   Mon Feb 3 21:00:12 2025 +0100

    Creación de modelos

commit 66ba14d2fd1602ba3839c3325f71425441c63bb7
Author: LARA972010 <lara972010@gmail.com>
Date:   Mon Feb 3 20:53:04 2025 +0100

    Datos de demo

commit e646b8ea10aefed58de66328a440cdcb70efb7b0
Author: LARA972010 <lara972010@gmail.com>
Date:   Mon Feb 3 20:32:31 2025 +0100

    Permisos

commit a58f29f6f431fa994cf7c27ceb8ec66b8dc667f0
Author: LARA972010 <lara972010@gmail.com>
Date:   Mon Feb 3 20:21:35 2025 +0100

    Iliminación de documentos innecesarios.

commit 88722faa810af2b794273e4d14b2fefcad275855
Author: LARA972010 <lara972010@hotmail.es>
Date:   Wed Jan 29 18:44:13 2025 +0100

    Preparación entorno
