commit c1eeae39bc58e724fc05e5f84b8fb2a07419bec0
Author: John Doe <[correo eliminado]>
Date:   Thu Feb 20 17:16:43 2025 +0100

    Cambio el menu "moto y empleado" por nombres duplicados

commit b4cded6242263bfd10618bbc06ef8e90dd1aed13
Author: John Doe <[correo eliminado]>
Date:   Thu Feb 20 17:11:48 2025 +0100

    añado mas datos de demo "empleados y motos"

commit c70fd915380c8e20d7441e50dd96ab63e98f6dbc
Author: John Doe <[correo eliminado]>
Date:   Thu Feb 20 16:35:28 2025 +0100

    Meto datos de demo ademas de meter la clase moto en el menu

commit 93ffe35353eba0ddf760e012c45acca70bb2758b
Author: John Doe <[correo eliminado]>
Date:   Thu Feb 20 16:00:55 2025 +0100

    Proyecto entero

commit 81db63fe7760296260fba6014084fb052e2d7865
Author: John Doe <[correo eliminado]>
Date:   Tue Feb 18 19:44:22 2025 +0100

    Le doy permisos a cliente

commit df07fa5e8c17d33bad53e2b6be08d712f481cf24
Author: John Doe <[correo eliminado]>
Date:   Tue Feb 18 19:44:04 2025 +0100

    Agrego la nueva clase cliente

commit dab81829a45f6a9270f59bf3bb15f551a82bf0ee
Author: John Doe <[correo eliminado]>
Date:   Mon Feb 17 21:11:11 2025 +0100

    Cambios de clases y carga automatica de mi app

commit 9b3e7825828617336b787f21d8728e18970d243b
Author: John Doe <[correo eliminado]>
Date:   Mon Feb 10 21:10:25 2025 +0100

    Cambio una vista para que este alineada con mi clase y poder hacer uso de ella

commit 6e9a3a4f8bcad809d1ed488dc23755aacd08eb43
Author: John Doe <[correo eliminado]>
Date:   Mon Feb 3 20:58:41 2025 +0100

    Nuevas clases creadas para el concesionario
