commit 16a0e6385e2bfc9bd970121f77572972250a827c
Author: marcos <2005.marcoso@gmail.com>
Date:   Sat Feb 22 00:07:41 2025 +0100

    Permisos de la aplicacion

commit b2485da490fe6a32e84638c814122defbe541cb4
Author: marcos <2005.marcoso@gmail.com>
Date:   Fri Feb 21 19:34:54 2025 +0100

    Añadiendo fotos para los datos de demo

commit 1f8990a59d188924d4f742be58ae935077d45bd9
Author: marcos <2005.marcoso@gmail.com>
Date:   Fri Feb 21 19:34:43 2025 +0100

    Creando datos de demo

commit aa1edcb607b26ae31e0224183c78855cad6fe1bd
Author: marcos <2005.marcoso@gmail.com>
Date:   Fri Feb 21 19:34:36 2025 +0100

    cambiando el tipo de grafuco

commit 4057b76961305ff8b210836c1a5b0029d9175de5
Author: marcos <2005.marcoso@gmail.com>
Date:   Fri Feb 21 19:34:21 2025 +0100

    Añadiendo campos calculados al profesor

commit 6269bd8af0192547342385e02a9f5f0b0397a213
Author: marcos <2005.marcoso@gmail.com>
Date:   Fri Feb 21 19:34:11 2025 +0100

    Añadiendo campos calculados al grupo

commit 777be223bf4d80fcf3c06d1a04e6e2304a6e6663
Author: marcos <2005.marcoso@gmail.com>
Date:   Fri Feb 21 19:33:59 2025 +0100

    Modificacion del campo ¡asignatura

commit 8cf6059bb2a90ae7d33282241c9271182cb49580
Author: marcos <2005.marcoso@gmail.com>
Date:   Fri Feb 21 10:16:32 2025 +0100

    Añadri nombres

commit 037bfebc6cb38a14fe6ae28ec4de6b65358cddb5
Author: marcos <2005.marcoso@gmail.com>
Date:   Fri Feb 21 10:16:25 2025 +0100

    inicio datos de demo alumno

commit b798c5e7498f2c3b9134f6453b498b687e9b3ef0
Author: marcos <2005.marcoso@gmail.com>
Date:   Fri Feb 21 10:02:44 2025 +0100

    Eliminar libreria

commit 13ca686c0929f6cb04e7f39ae4b839028e579000
Author: marcos <2005.marcoso@gmail.com>
Date:   Fri Feb 21 10:02:03 2025 +0100

    vistas avanzadas profesor

commit 4b89805d79595977179583759517260fee9480c1
Author: marcos <2005.marcoso@gmail.com>
Date:   Fri Feb 21 10:01:53 2025 +0100

    Arreglar diseño gfrupos

commit fcdeb6a4bde22617d388e46c88268ff4f9f9577a
Author: marcos <2005.marcoso@gmail.com>
Date:   Fri Feb 21 10:01:44 2025 +0100

    Corregir nombre de la asignatura

commit 270b4884baaa4bb4dfce5d5ad058853b49341e3b
Author: marcos <2005.marcoso@gmail.com>
Date:   Fri Feb 21 09:21:10 2025 +0100

    Vistas basicas de los profesores

commit c9c6aee027594d58d4df7bf74e1d76faa71709fb
Author: marcos <2005.marcoso@gmail.com>
Date:   Fri Feb 21 09:21:00 2025 +0100

    Arreglando la vista de las asignaturas

commit 07f5cc89d593d0430b6c8116b158e42d9b3ae6f2
Author: marcos <2005.marcoso@gmail.com>
Date:   Thu Feb 20 11:11:17 2025 +0100

    Vista grupo

commit 7ac89d7ad1ab6167b375592522a447dcda7a11fd
Author: marcos <2005.marcoso@gmail.com>
Date:   Thu Feb 20 10:45:31 2025 +0100

    vistas basicas de asignaturas

commit 388de93cd016d51965701711f93ed2f49b589251
Author: marcos <2005.marcoso@gmail.com>
Date:   Thu Feb 20 10:38:05 2025 +0100

    Vista tree asignaturas

commit 0f8b116f50147318f0c48421f931803d210d0df7
Author: marcos <2005.marcoso@gmail.com>
Date:   Thu Feb 20 10:34:57 2025 +0100

    Vistas de los grupos finalizadas

commit 04a865ee3ff0b69e344299d27810c5662e7b88fe
Author: marcos <2005.marcoso@gmail.com>
Date:   Wed Feb 19 19:38:51 2025 +0100

    Graficos de grupos

commit 032b998819c05d69ef10d25d26a45f0b6e6669e5
Author: marcos <2005.marcoso@gmail.com>
Date:   Wed Feb 19 18:47:36 2025 +0100

    Cometarios separacion vistas

commit 4574a8ea89e6a9188ee6f8d04b937112de7ba443
Author: marcos <2005.marcoso@gmail.com>
Date:   Wed Feb 19 12:32:11 2025 +0100

    Añadir vista form fy kanban

commit 774c0df59fab36185fdfb18a13204305dd26415c
Author: marcos <2005.marcoso@gmail.com>
Date:   Tue Feb 18 14:13:38 2025 +0100

    Vista kanban dentro del form par amostrar los alimnos de los grupos

commit 2db70224344f32564d987d49fcce82bc629a0b78
Author: marcos <2005.marcoso@gmail.com>
Date:   Tue Feb 18 13:55:17 2025 +0100

    Añadir grupos bvista tree

commit 35f248032e030e20c1bf5d63b49ec9462c7c39fe
Author: marcos <2005.marcoso@gmail.com>
Date:   Tue Feb 18 13:43:37 2025 +0100

    Grafico alumnos

commit ae1a6d7c26a2aad376ede40085df95244d013c8b
Author: marcos <2005.marcoso@gmail.com>
Date:   Tue Feb 18 13:32:34 2025 +0100

    Implementar chater

commit 773f58be044277486445a9d80d6555506f55c5e5
Author: marcos <2005.marcoso@gmail.com>
Date:   Tue Feb 18 13:07:56 2025 +0100

    Relaccion alumnos con grupos

commit 3b09b1632df9d813f156c766b832afc2dcabd8d0
Author: marcos <2005.marcoso@gmail.com>
Date:   Tue Feb 18 12:51:32 2025 +0100

    Modificacion nombre formulario alumnos

commit a457d7ab4b2d3fd22b8d10c8adc0ea8644e9a64d
Author: marcos <2005.marcoso@gmail.com>
Date:   Fri Feb 14 14:10:36 2025 +0100

    Kanban odoo

commit d4e1e4cf086907c543260323794157ea4d8553ab
Author: marcos <2005.marcoso@gmail.com>
Date:   Fri Feb 14 14:10:26 2025 +0100

    relacciones

commit 325d005bf61636b585166ac6b23f32453a8ecd23
Author: marcos <2005.marcoso@gmail.com>
Date:   Thu Feb 13 10:24:00 2025 +0100

    Modificaciones del tamaño de la foto

commit cad2701786076f750a32d107cf1bcd8b10677b48
Author: marcos <2005.marcoso@gmail.com>
Date:   Thu Feb 13 10:23:43 2025 +0100

    Inicio de kanvan

commit cc97f2887f985eebf996e2828d0c0997f81d0380
Author: marcos <2005.marcoso@gmail.com>
Date:   Thu Feb 13 10:23:22 2025 +0100

    creacion primeros menus alumno

commit 093e33cdeb5d0da6d63afb3228a308dced94be75
Author: marcos <2005.marcoso@gmail.com>
Date:   Tue Feb 11 13:17:37 2025 +0100

    Colocar módulo como aplicacion instituto

commit 3e5438668d655acaad74ee465498499ed9bbbddc
Author: marcos <2005.marcoso@gmail.com>
Date:   Tue Feb 11 13:17:31 2025 +0100

    Colocar módulo como aplicacion librería

commit 01efd35495ccbe1e76d2fe2779daa79bb55dd95a
Author: marcos <2005.marcoso@gmail.com>
Date:   Tue Feb 11 13:17:13 2025 +0100

    Creación menu categoria en libreria

commit 24e767e8ecd0da05c1d899856358e8b160ca1262
Author: marcos <2005.marcoso@gmail.com>
Date:   Tue Feb 11 13:17:02 2025 +0100

    Eliminacion de templates

commit 519b71b24c9adf774408d4807650d97856d14653
Author: marcos <2005.marcoso@gmail.com>
Date:   Tue Feb 11 12:36:03 2025 +0100

    Vista alumno Formulario y Tree

commit e4959cc25279ef68e53688fe71a625f3d0beff98
Author: marcos <2005.marcoso@gmail.com>
Date:   Tue Feb 11 12:35:38 2025 +0100

    vistas libreria

commit b1cf686e511bb134d95c64a1311d65ec187c88c4
Author: marcos <2005.marcoso@gmail.com>
Date:   Tue Feb 4 14:05:06 2025 +0100

    Correccrion en los nombres de los modelos y en los import

commit 6d96059abf311db11a1a1ec3806b36af6f91b2a1
Author: marcos <2005.marcoso@gmail.com>
Date:   Tue Feb 4 13:58:14 2025 +0100

    Creación dle modelo profesor

commit d8d0260c61d6faeddd2d23cec31c6b650a35df08
Author: marcos <2005.marcoso@gmail.com>
Date:   Tue Feb 4 13:55:36 2025 +0100

    Creación del modelo grupo

commit 7b5570ea84727e4c1befd07a7c7a8a7ddf907b98
Author: marcos <2005.marcoso@gmail.com>
Date:   Tue Feb 4 13:54:04 2025 +0100

    Creación del modelo de asignaturas

commit d34ed3bac5c47a88b687b6d9322bead5ed57cb30
Author: marcos <2005.marcoso@gmail.com>
Date:   Tue Feb 4 13:53:17 2025 +0100

    Actualización dle modelo alumno para añadir la foto

commit 3d7f148befba75c2413520432fcb18eec6965785
Author: marcos <2005.marcoso@gmail.com>
Date:   Tue Feb 4 13:49:12 2025 +0100

    Modificacion de la calse modulo por grupo

commit bba0e547f006d807041ed408cc0e11255018f4d3
Author: marcos <2005.marcoso@gmail.com>
Date:   Tue Feb 4 13:48:56 2025 +0100

    primer modelado de la clase alumno

commit 8a8d0a2919bf145e567ce608d5e3a10048f5c834
Author: marcos <2005.marcoso@gmail.com>
Date:   Tue Feb 4 13:23:12 2025 +0100

    Actualizacion en lo modelos la calse modulos

commit 827a74142d31d02a6951feb1ef404f3df693279f
Author: marcos <2005.marcoso@gmail.com>
Date:   Tue Feb 4 12:52:38 2025 +0100

    Creación de los archivos de las clases modelo

commit 64617f8ebb9a60343f6752812b6cc7660a35f2d1
Author: marcos <2005.marcoso@gmail.com>
Date:   Tue Feb 4 12:49:49 2025 +0100

    Eliminacion de carpeta controllers

commit 30a878e2c98fb69c80c8d0e156a3033bdfd6da85
Author: marcos <2005.marcoso@gmail.com>
Date:   Fri Jan 31 10:13:32 2025 +0100

    Base para la creacion de isntituto

commit 37d0121d0c5fd2250900379f563f5ee24c173811
Author: marcos <2005.marcoso@gmail.com>
Date:   Fri Jan 31 10:11:14 2025 +0100

    Creacion de clases de librerias

commit 75bd6edf5e7a5c6a5c262418f97c0d2534e7e412
Merge: eb22ea8 78de40b
Author: marcoso2005 <2005.marcoso@gmail.com>
Date:   Thu Jan 30 10:24:40 2025 +0100

    Merge branch 'javnitram:main' into develop

commit eb22ea822e912ad553a816d141a8b4b58164b1af
Author: Tu Nombre <2005.marcoso@gmail.com>
Date:   Tue Jan 28 12:32:47 2025 +0100

    Update file
