commit 20427b76e93f20323cbc6fc720f83348479c0c32
Author: MarioDev25 <[correo eliminado]>
Date:   Thu Feb 27 17:22:43 2025 +0100

    Cambios 27 Febrero

commit ef5d83aaaeebfd656b1a6d7eb84849aa32921f12
Author: MarioDev25 <[correo eliminado]>
Date:   Wed Feb 26 19:51:49 2025 +0100

    Cambios 26Feb 2

commit 30b907957524762f5ac4f59a6db8c8182199ecf6
Author: MarioDev25 <[correo eliminado]>
Date:   Wed Feb 26 17:50:15 2025 +0100

    Cambios 26Febrero

commit 4a90912b4be2f11532d36eddcbbc4470d684675e
Author: MarioDev25 <[correo eliminado]>
Date:   Mon Feb 17 21:10:40 2025 +0100

    Cambios 17Feb

commit 1796f65dad8ea192bd18cf6ce118adb1a7201368
Author: MarioDev25 <[correo eliminado]>
Date:   Wed Feb 12 19:58:44 2025 +0100

    Cambios12Feb

commit 142a21f25d6fa840fb6c18d2769e7d92461346d1
Author: MarioDev25 <[correo eliminado]>
Date:   Mon Feb 10 20:57:29 2025 +0100

    Prueba
