commit 7feece41513a8aa32df2040a02cb924b1adc9f60
Author: MiguelFdzz <mifeva1151@gmail.com>
Date:   Wed Feb 19 19:39:03 2025 +0100

    + Icono
    + HotFixes de modelos

commit 5eea2e292a03211206d243456b1bb2975c0960ef
Author: MiguelFdzz <blabla@mail.com>
Date:   Tue Feb 18 17:25:37 2025 +0100

    + Hotfixes en vistas y modelos y varios cambios en los modelos

commit 329ce719cbcca43b1d1abd5a31557f9b3980b1ad
Author: MiguelFdzz <blabla@mail.com>
Date:   Tue Feb 18 17:24:35 2025 +0100

    + Menus para los modelos

commit d8e6a181a24850e5a3a17485d0b4d1f04daeb05f
Author: MiguelFdzz <blabla@mail.com>
Date:   Mon Feb 17 21:06:43 2025 +0100

    + Vistas form y tree y cambio en el manifest para uso de views

commit 2e9500c5d3d7aa4ea70f56f9a847c2481b766bb8
Author: MiguelFdzz <blabla@mail.com>
Date:   Mon Feb 17 21:05:25 2025 +0100

    + Permisos básicos para los modelos para usuarios y managers

commit 8858f9e02b54ea0e7fb52830105f4b7ba3804a16
Author: MiguelFdzz <blabla@mail.com>
Date:   Mon Feb 17 20:35:19 2025 +0100

    Cambio de nombre de variables en Proveedor

commit 6d2eba2111aad395f01ecf8fb381e27cf2bc8632
Author: MiguelFdzz <blabla@mail.com>
Date:   Mon Feb 17 20:00:26 2025 +0100

    Cambio en los nombres de las variables de Categoria y Equipos

commit 4fe3079038c410a9d985d2fb1fbadcb590d0cd95
Author: MiguelFdzz <blabla@mail.com>
Date:   Mon Feb 17 19:28:25 2025 +0100

    Hotfix - Prestamo

commit e96ef6b663a7781f1d6ef6787a667142dbfa9c8c
Author: MiguelFdzz <blabla@gmail.com>
Date:   Mon Feb 17 19:16:15 2025 +0100

    - Antiguos modelos
    + Nuevos modelos mas caracteristicos del módulo
    - Categoria
    - Equipos
    - Prestamo
    - Proveedor
    - Transaccion

commit 14e33db4a1b4fe30cff0e7cc1b97134e55729137
Author: MiguelFdzz <blabla@mail.com>
Date:   Wed Feb 12 19:28:27 2025 +0100

    + Campos temporales de los modelos

commit b49e955da0e8b09a35abd5697c23e8ac98f18bee
Author: MiguelFdzz <blabla@mail.com>
Date:   Wed Feb 12 18:13:15 2025 +0100

    + demo test

commit 1499c926a1d49fed5a2641393028442c345bb1be
Author: MiguelFdzz <blabla@mail.com>
Date:   Wed Feb 12 18:02:49 2025 +0100

    + init de las clases principales

commit 3ba1205b3605cdf9002d53c9fe32ecd53b7820cd
Author: MiguelFdzz <blabla@mail.com>
Date:   Wed Feb 12 18:00:33 2025 +0100

    + Clases principales, - models.py

commit 1337f691d75323b15a9d1b70d90eb24c9625801c
Author: MiguelFdezz <blabla@blabla.com>
Date:   Wed Feb 12 17:50:09 2025 +0100

    Git ignore de sge_libreria

commit 6f67b0fc21297a29bc37f575f58c8707711c1c2c
Author: MiguelFdzz <blabla@mail.com>
Date:   Wed Feb 5 17:39:34 2025 +0100

    commit de todo

commit 2cb7eea8b535074f9bd6a869d4029af836ab1067
Author: MiguelFdzz <mifeva1151@gmail.com>
Date:   Mon Feb 3 20:54:52 2025 +0100

    + Execution permissions to set_permissions.sh
