commit 4922475e2a8f32f0bad5fca683959e6b883861ba
Author: marcos1534 <[correo eliminado]>
Date:   Tue Feb 25 21:12:15 2025 +0100

    Relación many2many complejas entre factura y proveedor; y datos de demo para cada clase del modulo.

commit da624a0089db092f9a29eb99c838943160c20738
Author: marcos1534 <[correo eliminado]>
Date:   Tue Feb 25 19:28:56 2025 +0100

    Mejora de vista vehiculo en el xml y cambio para hacer la variable name requerida en la clase vehiculo

commit d94db34e85f38b7b32c1f362fb833b40471fc554
Author: marcos1534 <[correo eliminado]>
Date:   Tue Feb 25 18:10:38 2025 +0100

    Creación de grupos personalizados y sus permisos

commit 82d9d25cf7b992c72196f92c9d70637f0d487a06
Author: marcos1534 <[correo eliminado]>
Date:   Mon Feb 24 21:13:02 2025 +0100

    Mejora de las vistas proveedor y repuestos; además de añadir un many2One en Repuestos

commit 184609db47e0fbf854aa52dc1ff62a05db9b0fef
Author: marcos1534 <[correo eliminado]>
Date:   Thu Feb 20 21:12:55 2025 +0100

    Mejora vista mecanico y limpia de comentarios de factura; modificación de la descripcion del manifest

commit 235a67d656d1f1eb4a04543492390eb9ea08ca1f
Author: marcos1534 <[correo eliminado]>
Date:   Wed Feb 19 20:21:17 2025 +0100

    Mejorado de xml de cita, cliente y factura

commit 75e0055fd3782a703d433fcbc870b6f477126590
Author: marcos1534 <[correo eliminado]>
Date:   Wed Feb 19 19:32:54 2025 +0100

    Permisos para admins y users

commit 8b1ecd9e108cac18f6aefadc70decbee747fb7c8
Author: marcos1534 <[correo eliminado]>
Date:   Wed Feb 19 19:11:30 2025 +0100

    Todas las relaciones funcionales y junto con pruebas

commit 4143fe4a8ef23e8280df481c74cbdff302369cfc
Author: marcos1534 <[correo eliminado]>
Date:   Mon Feb 17 21:10:52 2025 +0100

    Relaciones entre clases con One2Many y Many2One

commit 4ff4b97a5f66949ad7d4940634ca0b882c44a9e5
Author: marcos1534 <[correo eliminado]>
Date:   Wed Feb 12 20:30:35 2025 +0100

    Vistas para todas las clases del taller, comando compose, seguridad libreria

commit ea0b193860e079e3c30fede4dbe18fe4c0edac38
Author: marcos1534 <[correo eliminado]>
Date:   Mon Feb 10 21:11:25 2025 +0100

    Primeros formularios tree, form, kanban y calendar junto con menus

commit 4ec9bd397a122f8f16dc2a240514cde1f58d7472
Author: marcos1534 <[correo eliminado]>
Date:   Wed Feb 5 20:20:31 2025 +0100

    Nuevas clases y principios de tree y form

commit 57db4b4472bdbcbd272c3982e03180dae6a6b2ab
Author: marcos1534 <[correo eliminado]>
Date:   Wed Feb 5 18:48:51 2025 +0100

    Añadida clase Mecanico y limpieza de ficheros

commit 7602fecf060e91c9ffc44fa5feffeb1a35fd8f83
Author: marcos1534 <[correo eliminado]>
Date:   Wed Feb 5 17:41:19 2025 +0100

    Añadir descripcion a Vehiculo

commit b213295c49d6355aa5daff68bcbfe2a0464b5fb4
Author: marcos1534 <[correo eliminado]>
Date:   Mon Feb 3 21:01:25 2025 +0100

    Primeras clases del módulo taller (Vehiculo, Cliente)
