commit 204047d8afb3c535894cc6977adc63500b23398c
Author: MarioMM05 <martinmoyamario1@gmail.com>
Date:   Mon Feb 17 10:20:19 2025 +0100

    creacion modulo reuniones y empezando los modelos

commit 48b34548940924209ece7cae5430d67e07072bb4
Author: MarioMM5 <149872646+MarioMM5@users.noreply.github.com>
Date:   Mon Feb 17 09:02:18 2025 +0100

    Delete odoo/addons/reuniones directory

commit bf756be228621238aca13bfa3655efea0a52d18d
Author: MarioMM05 <martinmoyamario1@gmail.com>
Date:   Wed Feb 12 13:33:36 2025 +0100

    Creacion de modulo Reuniones

commit 42aebf2c796d2cecf2867e52604851b14e22f540
Author: MarioMM05 <martinmoyamario1@gmail.com>
Date:   Wed Feb 12 13:28:48 2025 +0100

    Borradita de libreria

commit 0d938588ef895544a5a0b5a66f1d1fc1c361d9ca
Author: MarioMM5 <martinmoyamario1@gmail.com>
Date:   Mon Feb 10 09:50:04 2025 +0100

    Eliminamos el fichero modelos

commit b3905e71507b70d672464d9dab163fec35a2bb00
Author: MarioMM5 <martinmoyamario1@gmail.com>
Date:   Mon Feb 10 09:47:44 2025 +0100

    Cambios en el init del modelo para incluir libro y categoria

commit 2e5b7c568caa1166ad485a5a440f319cfb43ecfd
Author: MarioMM5 <martinmoyamario1@gmail.com>
Date:   Mon Feb 10 09:47:04 2025 +0100

    Incluimos el modelo libro

commit 914bda5e168168c1446f062881c9ebd4e04d46dc
Author: MarioMM5 <martinmoyamario1@gmail.com>
Date:   Mon Feb 10 09:44:45 2025 +0100

    Subimos el modelo Categoria

commit 729c6fc655d7f030b1ba978ae2216d533ddd0f2c
Merge: e48c000 1a4e603
Author: MarioMM5 <martinmoyamario1@gmail.com>
Date:   Mon Feb 3 10:09:15 2025 +0100

    Merge branch 'developer' of https://github.com/MarioMM5/SGE-ODOO-DEVA-20 into developer

commit e48c000feb6311ce92741ca470898bd1226de2c3
Merge: a8146d2 78de40b
Author: MarioMM5 <martinmoyamario1@gmail.com>
Date:   Mon Feb 3 09:56:58 2025 +0100

    Merge branch 'developer' of https://github.com/MarioMM5/SGE-ODOO-DEVA-20 into developer
    Mi primer modulo de prueba

commit 1a4e60312c3217736e7bc5e8c8e84cb948046fae
Merge: a8146d2 78de40b
Author: MarioMM5 <martinmoyamario1@gmail.com>
Date:   Mon Feb 3 09:56:58 2025 +0100

    Merge branch 'developer' of https://github.com/MarioMM5/SGE-ODOO-DEVA-20 into developer
