commit ab5d3110e59c25d87f4fe7afcc8771c0c5136054
Author: manuel-martin14 <[correo eliminado]>
Date:   Fri Feb 28 11:30:27 2025 +0100

    Comentarios en código

commit 2a7b1ee0453e002674b9e9da7cfd243df8e08b28
Author: manuel-martin14 <[correo eliminado]>
Date:   Wed Feb 26 13:19:52 2025 +0100

    Carpeta controllers eliminada

commit 6c780ad2ac4910728a1e85cd5cbdbd04fe978ff3
Author: manuel-martin14 <[correo eliminado]>
Date:   Mon Feb 24 09:35:38 2025 +0100

    Pequeña correción en los datos de prueba

commit 0e3da3f10bdcd598dc4a2b9143e5d13eaa37b5c8
Author: manuel-martin14 <[correo eliminado]>
Date:   Mon Feb 24 09:17:39 2025 +0100

    Commit con errores solucionados

commit 7bd605e22995ffa404ef6898e7117ae2347ef738
Author: manuel-martin14 <[correo eliminado]>
Date:   Mon Feb 24 09:07:15 2025 +0100

    Commit con permisos y vistas con relación

commit 2f17adf77b3475338039ae6c5ce4c2c54e3f3d6a
Author: manuel-martin14 <[correo eliminado]>
Date:   Sat Feb 22 15:40:40 2025 +0100

    Errores corregidos, ya hay datos de prueba y seguridad

commit 628bd58fe3dc7b59c97dc3e31c59f786ba7ae8c4
Author: manuel-martin14 <[correo eliminado]>
Date:   Sat Feb 22 11:05:41 2025 +0100

    Corrección parcial de errores, faltan los datos de prueba

commit bb80803b0e2f643fb839d200001ab0615aba52ba
Author: manuel-martin14 <[correo eliminado]>
Date:   Fri Feb 21 14:10:02 2025 +0100

    Seguir con los datos demo y permisos

commit 7ee1b9c5ddb09af638ffb5d408b75d60edff64cf
Author: manuel-martin14 <[correo eliminado]>
Date:   Tue Feb 18 10:18:02 2025 +0100

    Gran avance

commit cbf18244d4d067c1c5ad966b087b02e0af3e83b3
Author: manuel-martin14 <[correo eliminado]>
Date:   Mon Feb 17 10:56:00 2025 +0100

    Lunes 17 de febrero gran avance

commit 525e1f87e90af049dc4b9c985420815bb68d47fa
Author: manuel-martin14 <[correo eliminado]>
Date:   Wed Feb 12 19:21:28 2025 +0100

    Eliminar el fichero models.py

commit aaf288f438a6eaa0703c65854afb2aa8dbba55bb
Author: manuel-martin14 <[correo eliminado]>
Date:   Wed Feb 12 19:19:40 2025 +0100

    Primeros pasos en mi módulo

commit e6d856727d2065ba5d5cb0b04f4450038e698eae
Author: manuel-martin14 <[correo eliminado]>
Date:   Wed Feb 12 18:16:33 2025 +0100

    Primeros pasos en mi modulo

commit 111ec1ba082f96e53afbb4918c09873171f369a5
Author: manuel-martin14 <[correo eliminado]>
Date:   Mon Feb 10 10:05:47 2025 +0100

    Errores solucionados

commit 70f06a6e3df5c7d2701eae7470696150d437ee80
Author: manuel-martin14 <[correo eliminado]>
Date:   Mon Feb 10 09:57:37 2025 +0100

    Errores solucionados

commit 7ff42b0855bdfb23d3e35c0f44cf66fff8ae8e6a
Author: manuel-martin14 <[correo eliminado]>
Date:   Mon Feb 10 09:49:29 2025 +0100

    Fichero models.py eliminado

commit b942b50e75f34414ca61b0ae1748c9ce0835cb35
Author: manuel-martin14 <[correo eliminado]>
Date:   Mon Feb 10 09:44:46 2025 +0100

    Commit del init de la carpeta models

commit bc0a7bdbad0e9e75741e8647e14c91030c4b15da
Author: manuel-martin14 <[correo eliminado]>
Date:   Mon Feb 10 09:44:21 2025 +0100

    Commit de la clase libro

commit b5a4e376a572f71e071f9dc2635c697e1c95a305
Author: manuel-martin14 <[correo eliminado]>
Date:   Mon Feb 10 09:43:40 2025 +0100

    Commit de la clase categoria

commit 16d35a21834867a83db25936ebd525690102402f
Author: manuel-martin14 <[correo eliminado]>
Date:   Mon Feb 10 08:50:00 2025 +0100

    Commit del set permissions

commit 817f0a113f8b79803a67b82bc1bf8ae863e12eb6
Author: manuel-martin14 <[correo eliminado]>
Date:   Mon Feb 3 10:06:28 2025 +0100

    Entorno de prueba

commit 0cffc26d40e704884c981315979ee1d7dfa6870e
Author: manuel-martin14 <[correo eliminado]>
Date:   Mon Feb 3 09:44:37 2025 +0100

    Inicio de odoo
