commit 51d99d227d2fa5ebf89612f2f103c9454e54c435
Author: MiguelAng-rm <MiguelAng-rm123456@gmail.com>
Date:   Fri Feb 21 10:44:04 2025 +0100

    chatter subido

commit f605071e914c18e4d4a943c06ae39d00327ebdf1
Author: MiguelAng-rm <MiguelAng-rm123456@gmail.com>
Date:   Fri Feb 21 09:22:42 2025 +0100

    Many2Many (porfin)

commit ddc4130512aebe1d0e4d9b54e13442fce4e34c45
Author: MiguelAng-rm <MiguelAng-rm123456@gmail.com>
Date:   Fri Feb 14 14:16:17 2025 +0100

    Inclusion en vistas datos relacionales e inclusión de datos Many2One

commit a634e2dd75695fd79f3ec94eb0ca95cc6d52a70f
Author: MiguelAng-rm <MiguelAng-rm123456@gmail.com>
Date:   Tue Feb 11 14:13:58 2025 +0100

    Datos de demo junto a las vistas

commit d437371545fc9b1ee1c3db496da6d09077a53ec7
Author: MiguelAng-rm <MiguelAng-rm123456@gmail.com>
Date:   Fri Feb 7 14:13:25 2025 +0100

    Realizacion vistas

commit e27670c387ba2fd66794b05331a13598fe4b69ec
Author: MiguelAng-rm <MiguelAng-rm123456@gmail.com>
Date:   Fri Jan 31 10:13:24 2025 +0100

    Implementacion Categoria, inicio Conductores

commit ca13861dd6529c95bbed19fb60449fb3b35ddd40
Merge: d7f2f7d 78de40b
Author: MiguelAng-rm <148541670+MiguelAng-rm@users.noreply.github.com>
Date:   Fri Jan 31 08:37:46 2025 +0100

    Merge branch 'javnitram:main' into develop

commit d7f2f7d89c5db0ff0c25e6b0f8e1408f10fe8a43
Author: MiguelAng-rm <MiguelAng-rm123456@gmail.com>
Date:   Tue Jan 28 12:37:48 2025 +0100

    Update file
