commit e02feacf0ec2f052ad0ca19bd9013248abd1c919
Author: Neereix <[correo eliminado]>
Date:   Mon Feb 24 10:49:57 2025 +0100

    Modificacion nombres y añadir modelo menu con view

commit 976d529810ff3d491eaa02afe7ca8d8fc02631eb
Author: Neereix <[correo eliminado]>
Date:   Fri Feb 21 13:47:17 2025 +0100

    Cambio nombre Modulo

commit 7508ad60cc172f240642b2b1f484f8a4a16ff11b
Author: Neereix <[correo eliminado]>
Date:   Fri Feb 21 13:08:22 2025 +0100

    Cambio en views y añadir nuevas vistas de modelos

commit 46fa12069f9700c9f91b27cf6592048ce82f3b3a
Author: Neereix <[correo eliminado]>
Date:   Fri Feb 21 12:51:05 2025 +0100

    Cambios en el nombre del modulo y en el __init__py

commit b861544b60564494cef012f762016b43110831db
Author: Neereix <[correo eliminado]>
Date:   Tue Feb 18 12:58:03 2025 +0100

    Terminado el contenido de los 4 modelos

commit 89c758357b4efec6b6aec64d75ea42e2853e7d3a
Author: Neereix <[correo eliminado]>
Date:   Mon Feb 17 09:20:16 2025 +0100

    Implementacion de 3/4 modelos- Modulo NF_Reciclaje

commit ce1aedda896b57dd58f0e21cfd380d6754622fa7
Author: Neereix <[correo eliminado]>
Date:   Mon Feb 17 09:02:33 2025 +0100

    Cambio de nombre a mi modulo NF_Reciclaje

commit 889785ba3bdb81fb62b0b5c69684b6609658ebb6
Author: Neereix <[correo eliminado]>
Date:   Mon Feb 17 08:58:57 2025 +0100

    Cambios para empezar con mi modulo sobre reciclaje

commit fd038b7b63a239bf8473eaaa3d11f0a0d658f415
Author: Neereix <[correo eliminado]>
Date:   Mon Feb 10 09:50:08 2025 +0100

    Borramos el model.py por que ya se va a usar

commit 488b2c4bc23f1faf682d8e9a283ad659711f3926
Author: Neereix <[correo eliminado]>
Date:   Mon Feb 10 09:47:44 2025 +0100

    Cambios en el __init__

commit 6e97b633158d5bbae234154dabc0239ac5d7becc
Author: Neereix <[correo eliminado]>
Date:   Mon Feb 10 09:46:44 2025 +0100

    Incluimos el modelo Libro

commit 8da13bf0ead9f8b819d9c79e34ed4afda51fda76
Author: Neereix <[correo eliminado]>
Date:   Mon Feb 10 09:44:34 2025 +0100

    Incluimos el modelo Categoria

commit a20b4bb1b68a72b387089f28abddc704d36ec397
Author: Neereix <[correo eliminado]>
Date:   Mon Feb 3 10:08:10 2025 +0100

    Primer Modulo Prueba

commit 8792a1e013f4c62c7ec02a2eba561f47833c0c4c
Author: Neereix <[correo eliminado]>
Date:   Mon Feb 3 09:53:01 2025 +0100

    Inicio de odoo
