commit 84c080c3bb7c37316c51d523f0cc7519b325facc
Author: pablocs14 <[correo eliminado]>
Date:   Wed Mar 5 11:35:30 2025 +0100

    commit one2many categoria

commit 9826d31854d77089da6b8e9cfcd26a2026e27f21
Author: pablocs14 <[correo eliminado]>
Date:   Tue Mar 4 13:57:46 2025 +0100

    commit Final arreglar warning

commit a1895a420ede38195d832487bc72b640f35b6680
Author: pablocs14 <[correo eliminado]>
Date:   Tue Mar 4 13:40:48 2025 +0100

    commit Final

commit a56bac9e3734730c6d55b93e7e4085b7b5c42bcc
Author: pablocs14 <[correo eliminado]>
Date:   Tue Mar 4 13:22:20 2025 +0100

    commit wizard corregido

commit c71b89b1ff7455794756c34832e29294a509741d
Author: pablocs14 <[correo eliminado]>
Date:   Mon Mar 3 19:07:58 2025 +0100

    commit constraints

commit 66b21262196bc6c0246ec96f154efd437a6e39a7
Author: pablocs14 <[correo eliminado]>
Date:   Mon Mar 3 18:30:26 2025 +0100

    commit wizard creado

commit 1bb4e009036e515566588fc78e02543fb6900126
Author: pablocs <[correo eliminado]>
Date:   Fri Feb 21 10:14:57 2025 +0100

    commit vistas,demo,wizard

commit 7cb8a15789fcff9e80d55ed0514dac0670975c25
Author: pablocs <[correo eliminado]>
Date:   Fri Feb 21 08:56:05 2025 +0100

    commit vista anidada one2many

commit 88e7350f10a98066927bd016bfdf343df69baf99
Author: pablocs <[correo eliminado]>
Date:   Tue Feb 18 14:14:03 2025 +0100

    commit sge_libreria borrado

commit 92909fd106dc8461b2a409f6bc5ba55346a18fe7
Author: pablocs <[correo eliminado]>
Date:   Tue Feb 18 13:56:46 2025 +0100

    commit aaa

commit ff21e35afc82559f1d451454485d28562b74c995
Author: pablocs <[correo eliminado]>
Date:   Fri Feb 14 14:15:44 2025 +0100

    commit imagenes

commit 823d4668e3ca41be1dfe667e92e6b864cdd6c502
Author: pablocs <[correo eliminado]>
Date:   Tue Feb 11 14:01:43 2025 +0100

    commit foto y datos demo

commit 7b077410e4e1409ffa8ac9f6ba09c427f9fb5317
Author: pablocs <[correo eliminado]>
Date:   Fri Feb 7 14:05:03 2025 +0100

    commit todo correcto

commit e360210e941e14ff5fd1b3d3a24a353febfbbce9
Author: pablocs <[correo eliminado]>
Date:   Thu Feb 6 11:10:47 2025 +0100

    commit clase Empleado

commit 2b5cc066653eb36f9a5a18cc7702e4e7b7d644bd
Author: pablocs <[correo eliminado]>
Date:   Thu Feb 6 10:06:00 2025 +0100

    commit todo correcto

commit b0a89e72a8addbf4ed17b878d173c2bf7f5b3d47
Author: pablocs <[correo eliminado]>
Date:   Tue Feb 4 14:14:32 2025 +0100

    commit modulo instalado todo bien

commit 344e715fa6a27a4ee256cfd4884475a488d28c03
Author: pablocs <[correo eliminado]>
Date:   Tue Feb 4 13:25:23 2025 +0100

    commit clases creadas

commit e10e89d532281a3051a6c04825e15c933624e40c
Author: pablocs <[correo eliminado]>
Date:   Fri Jan 31 10:13:12 2025 +0100

    commit libreria hecha

commit 9a81822aacaf66b56ee6b47440ef9133231aa777
Merge: f6eb5b7 78de40b
Author: pablocs14 <[correo eliminado]>
Date:   Thu Jan 30 10:24:20 2025 +0100

    Merge branch 'javnitram:main' into develop

commit f6eb5b7bb7393cd6069d5c47f1a7c0b93974c5d2
Author: pablocs <[correo eliminado]>
Date:   Tue Jan 28 13:23:03 2025 +0100

    commit scaffold

commit 255b4e665331bcc725be510979a1c94ab4d3f3f2
Author: pablocs <[correo eliminado]>
Date:   Tue Jan 28 13:20:59 2025 +0100

    commit 2

commit 2c29e2d3eba1478734b715cdfca1a51e5df4b4c7
Author: pablocs <[correo eliminado]>
Date:   Tue Jan 28 13:05:18 2025 +0100

    primer commit
