commit ea7c21bc918dd3edddd7f89f6f9430bda9483598
Author: patriciajb02 <patriciajimenezbocos@gmail.com>
Date:   Fri Feb 21 14:14:31 2025 +0100

    RULETA CLASE

commit bb3c62c454ca103fc1b501481c4ef54b8786c591
Author: patriciajb02 <patriciajimenezbocos@gmail.com>
Date:   Fri Feb 21 12:48:18 2025 +0100

    Manifest con las siglas bien

commit 94f4bdaba21880b4a6c13162b03ef23dd097e904
Author: patriciajb02 <patriciajimenezbocos@gmail.com>
Date:   Fri Feb 21 12:44:10 2025 +0100

    Manifest

commit 2693a3e6633383a2699374f65bdf8f00330c973f
Author: patriciajb02 <patriciajimenezbocos@gmail.com>
Date:   Mon Feb 10 10:00:23 2025 +0100

    CAMBIOS

commit b22b79cfc9ac7ca6d0c6b43c6503f1585f6ba649
Author: patriciajb02 <patriciajimenezbocos@gmail.com>
Date:   Mon Feb 10 09:49:34 2025 +0100

    BORRAMOS EL MODELS.PY PORQUE YA NO LO VAMOS A USAR

commit 4228dbddf68ac8e70827d69608bd0005ff715076
Author: patriciajb02 <patriciajimenezbocos@gmail.com>
Date:   Mon Feb 10 09:47:39 2025 +0100

    CAMBIOS EN EL INIT DEL MODELO PARA INCLUIR LIBRO Y CATEGORÍA

commit 0a9e1ec43a6fe51a931f8a679c1dc15f2f605f7e
Author: patriciajb02 <patriciajimenezbocos@gmail.com>
Date:   Mon Feb 10 09:47:07 2025 +0100

    INCLUIMOS EL MODELO LIBRO

commit 08191e0bf4aca25a2804113ca7469c3e37803045
Author: patriciajb02 <patriciajimenezbocos@gmail.com>
Date:   Mon Feb 10 09:44:49 2025 +0100

    INCLUIMOS MODELO CATEGORÍA

commit d8ee625dd82777699be4c98fd0551d39c91069c4
Author: patriciajb02 <patriciajimenezbocos@gmail.com>
Date:   Mon Feb 3 10:08:17 2025 +0100

    PRUEBECILLA O ALGO ASI

commit 4ea8739b03cd0ab6491abf5bd70a39cf990e44f4
Author: patriciajb02 <patriciajimenezbocos@gmail.com>
Date:   Mon Feb 3 09:52:20 2025 +0100

    INICIO DE ODOO
