commit 106fc11a6fcac812f5dabb0f1df67611fa43b150
Author: patriciajb02 <[correo eliminado]>
Date:   Mon Mar 3 22:34:32 2025 +0100

    Arreglos de unos comentarios que quedaban feos

commit b88b36bf7e3a53c4914963f45edd3ba1a5000f79
Author: patriciajb02 <[correo eliminado]>
Date:   Mon Mar 3 22:28:08 2025 +0100

    FINALIZADO me arrepiento de la ruleta

commit 748f0e82846c1819174562d13baae1c2076ec88e
Author: patriciajb02 <[correo eliminado]>
Date:   Sun Mar 2 23:50:33 2025 +0100

    ARREGLADOS ALGUNOS ERRORES Y AÑADIDA LA RULETA VISUALMENTE. AÚN FALTA POR CORREGIR QUE AÑADA LAS OPCIONES A LA RULETA

commit 60d504d91e35a72bfb5b053df5a5e32f09aeddbd
Author: patriciajb02 <[correo eliminado]>
Date:   Sat Mar 1 22:02:51 2025 +0100

    PARA QUE LA FOTO FUNCIONE, QUE NO FUNCIONABA

commit 40cf9069f66397b183c2c986e9ff26bed789cc51
Author: patriciajb02 <[correo eliminado]>
Date:   Sat Mar 1 21:45:47 2025 +0100

    Se me olvido subir esto tambien mientras arreglo otro error inesperado

commit 572839495b683a1f38b087c51029afcf3fa876bf
Author: patriciajb02 <[correo eliminado]>
Date:   Sat Mar 1 20:45:55 2025 +0100

    Se me olvido subir esto

commit a503bd0a8b3b7b083b6e963433298b3df2fea150
Author: patriciajb02 <[correo eliminado]>
Date:   Sat Mar 1 20:44:49 2025 +0100

    ARREGLOS DE ERRORES PARA QUE PUDIERA INSTALARSE y DEMO DATA

commit 6b80608093cb6f8a529ee0bf1f9c7ba2d026adbb
Author: patriciajb02 <[correo eliminado]>
Date:   Thu Feb 27 13:27:00 2025 +0100

    AÑADIDAS LAS VISTAS QUE ME DEJÉ EN CASA, APAÑOS PARA QUE SEA INSTALABLE (falta arreglar una cosa, apañar en el puente)

commit 6a192325431fe45191c798f745cce63862f104f5
Author: patriciajb02 <[correo eliminado]>
Date:   Tue Feb 25 11:06:13 2025 +0100

    SUGERENCIAS Y SEGURIDAD, PENDIENTE DE ARREGLO DE ERRORES

commit 11c2a6da14e673e624b8e2d8c03fe46156cb0206
Author: patriciajb02 <[correo eliminado]>
Date:   Mon Feb 24 10:18:53 2025 +0100

    ACABADO RULETA, HECHO OPCIÓN Y ETIQUETAS, FALTA POR RETOCAR COSAS

commit ea7c21bc918dd3edddd7f89f6f9430bda9483598
Author: patriciajb02 <[correo eliminado]>
Date:   Fri Feb 21 14:14:31 2025 +0100

    RULETA CLASE

commit bb3c62c454ca103fc1b501481c4ef54b8786c591
Author: patriciajb02 <[correo eliminado]>
Date:   Fri Feb 21 12:48:18 2025 +0100

    Manifest con las siglas bien

commit 94f4bdaba21880b4a6c13162b03ef23dd097e904
Author: patriciajb02 <[correo eliminado]>
Date:   Fri Feb 21 12:44:10 2025 +0100

    Manifest

commit 2693a3e6633383a2699374f65bdf8f00330c973f
Author: patriciajb02 <[correo eliminado]>
Date:   Mon Feb 10 10:00:23 2025 +0100

    CAMBIOS

commit b22b79cfc9ac7ca6d0c6b43c6503f1585f6ba649
Author: patriciajb02 <[correo eliminado]>
Date:   Mon Feb 10 09:49:34 2025 +0100

    BORRAMOS EL MODELS.PY PORQUE YA NO LO VAMOS A USAR

commit 4228dbddf68ac8e70827d69608bd0005ff715076
Author: patriciajb02 <[correo eliminado]>
Date:   Mon Feb 10 09:47:39 2025 +0100

    CAMBIOS EN EL INIT DEL MODELO PARA INCLUIR LIBRO Y CATEGORÍA

commit 0a9e1ec43a6fe51a931f8a679c1dc15f2f605f7e
Author: patriciajb02 <[correo eliminado]>
Date:   Mon Feb 10 09:47:07 2025 +0100

    INCLUIMOS EL MODELO LIBRO

commit 08191e0bf4aca25a2804113ca7469c3e37803045
Author: patriciajb02 <[correo eliminado]>
Date:   Mon Feb 10 09:44:49 2025 +0100

    INCLUIMOS MODELO CATEGORÍA

commit d8ee625dd82777699be4c98fd0551d39c91069c4
Author: patriciajb02 <[correo eliminado]>
Date:   Mon Feb 3 10:08:17 2025 +0100

    PRUEBECILLA O ALGO ASI

commit 4ea8739b03cd0ab6491abf5bd70a39cf990e44f4
Author: patriciajb02 <[correo eliminado]>
Date:   Mon Feb 3 09:52:20 2025 +0100

    INICIO DE ODOO
