commit 2728cc463fed59a404533f32e9fe27bf16730f5f
Author: Rasea <[correo eliminado]>
Date:   Mon Mar 3 21:04:19 2025 +0100

    i18n done

commit 4a9fbc61bac3a830d50f28498a1f874b96c6c662
Author: Rasea <[correo eliminado]>
Date:   Mon Mar 3 20:40:23 2025 +0100

    Kanban with image view

commit d9e584761f44bd4412b438c632bc61ee94a5df22
Author: Rasea <[correo eliminado]>
Date:   Mon Mar 3 19:56:02 2025 +0100

    report (factura) completed (basic)

commit bc5989e057c3c14e7457e461163f71c443a45594
Author: Rasea <[correo eliminado]>
Date:   Mon Mar 3 19:07:09 2025 +0100

    One full hour to create the search between a date range

commit 06c0ad1d08b28702f8ad0ea302f801e37ffb7ac3
Author: Rasea <[correo eliminado]>
Date:   Mon Mar 3 17:45:19 2025 +0100

    Added telephone number to invoice form view
    added chatter to every model

commit 2c4383c02737791d98666293fe585c3c84f87957
Author: Rasea <[correo eliminado]>
Date:   Mon Mar 3 16:30:45 2025 +0100

    added 4th class
    added demo data for 4th class
    added view and form for 4th class
    added binary demo data
    added new demo data
    refactored names for views
    added menu buttons and actions for new class

commit 2c84cd873d2aad09e341554de0e25639e2f35d3e
Author: Rasea <[correo eliminado]>
Date:   Mon Mar 3 04:00:52 2025 +0100

    kanban for client, added demo data, added relevant actions

commit 30f458d667b486fccc85b086bd2fc205529378ec
Author: Rasea <[correo eliminado]>
Date:   Sun Mar 2 01:41:29 2025 +0100

    added third class, half implemented. need to add items to invoice

commit 41866fb57123051ee183792d2051501bbc6c8db5
Author: Raúl Marrupe <[correo eliminado]>
Date:   Thu Feb 27 11:10:55 2025 +0100

    m2m working actually for real this time

commit 98e79df7721f5ec23508946e9cf3b72b17685c39
Author: Raúl Marrupe <[correo eliminado]>
Date:   Thu Feb 27 11:01:04 2025 +0100

    fixed warnings, recursive many2many working with deletions

commit 7c8c8e900e653c2548332976b39ef6bf9931ce42
Author: Raúl Marrupe <[correo eliminado]>
Date:   Tue Feb 25 14:16:06 2025 +0100

    Error during create with a list of 2 users

commit 0995524de71effa64b2aae56e4ac4a76ffdb288e
Author: Raúl Marrupe <[correo eliminado]>
Date:   Fri Feb 21 12:29:58 2025 +0100

    Currently working for updates, not working for creates.

commit b4126c6974f2f1cbed24046a8b005d1edd130ade
Author: Raúl Marrupe <[correo eliminado]>
Date:   Thu Feb 20 14:13:40 2025 +0100

    TEST COMMIT FOR OVERRIDING CREATE, NOT WORKING AS I WANT IT

commit ef3e9da26a62baf6a0066598ba338981e64bece1
Author: Raúl Marrupe <[correo eliminado]>
Date:   Tue Feb 18 14:14:36 2025 +0100

    psycopg2.errors.UndefinedTable: relation users_rel does not exist
    LINE 1: ...r_name" FROM "rmm_tailor_management_cliente" JOIN "users_rel...

commit 7536f4cd47a5f806e8c02c8a9f5a842d79dc1c9a
Author: Raúl Marrupe <[correo eliminado]>
Date:   Fri Feb 14 14:14:11 2025 +0100

    NESTED TREE

commit e2b80d9e3eb5427404485b81c6eba5022cd58cfd
Author: Raúl Marrupe <[correo eliminado]>
Date:   Thu Feb 13 11:03:45 2025 +0100

    added ir.model.access.csv with proper access

commit 1898a845134c0529f403cf3830e3bddeaaf4d9b7
Author: Raúl Marrupe <[correo eliminado]>
Date:   Tue Feb 11 14:11:47 2025 +0100

    another day another dollar

commit 6f93118449afee32ff6a4cbeb8482ff46eaf18b1
Author: Raúl Marrupe <[correo eliminado]>
Date:   Fri Feb 7 14:16:38 2025 +0100

    commit all

commit ffff9a62ab89589a3d5c1df935a941e29fd9fe64
Author: Raúl Marrupe <[correo eliminado]>
Date:   Tue Feb 4 14:08:11 2025 +0100

    rmm_tailor_management init

commit 28b240eee1fddefdb9ec387de71518abf7c9a0d7
Author: Raúl Marrupe <[correo eliminado]>
Date:   Mon Feb 3 11:52:20 2025 +0100

    Initial Commit
