commit 8c4e8c332293cb36ff72fd6ccf3152548bc50a3e
Author: Raul <[correo eliminado]>
Date:   Tue Mar 4 14:28:17 2025 +0100

    Nuevas vistas y datos demo Many2many

commit 90d1eea4a1d1b4ee51219c6152c8359fbe98ad23
Author: RaulNavarroCorrales <[correo eliminado]>
Date:   Tue Mar 4 10:13:50 2025 +0100

    Vista calendario

commit e91a829665e34569afbd93f43566aab76a74c781
Author: Raul <[correo eliminado]>
Date:   Mon Mar 3 12:05:48 2025 +0100

    Cambio a acciones sin fotos requeridas

commit 04e03dd9e9a0b327364ffa4a09d6f8d5c24ffc6f
Author: Raul <[correo eliminado]>
Date:   Mon Mar 3 11:57:18 2025 +0100

    Borrado de codigo innecesario

commit aff9e0f2972c5c21ddfab4f38b0e5f83cf84c57f
Author: Raul <[correo eliminado]>
Date:   Mon Mar 3 11:43:46 2025 +0100

    Ultimos retoques del m贸dulo

commit 8b8044fe4b98e7e7726d5ab46f9bc902e5d09cbc
Author: Raul <[correo eliminado]>
Date:   Fri Feb 28 18:44:12 2025 +0100

    Actualizaci贸n del codigo con comentarios y soluci贸n de un bug de importaciones

commit 7e3d785bb1b3777f240f15627771a6d8a52372af
Author: RaulNavarroCorrales <[correo eliminado]>
Date:   Wed Feb 26 13:22:26 2025 +0100

    Campo calculado de empleados en una actividad

commit 2d50a776acf6b42d428802841d4f1aba0d5b5a1a
Author: RaulNavarroCorrales <[correo eliminado]>
Date:   Wed Feb 26 12:12:36 2025 +0100

    Vista kanban

commit fabcf9d7615b4b4b5468fdeb6fc373fa07a18d6b
Author: RaulNavarroCorrales <[correo eliminado]>
Date:   Wed Feb 26 10:14:46 2025 +0100

    Vista kanban en el modelo de acciones

commit 1e10523f043d70e91902767e4ce0b5b9e70f783d
Author: RaulNavarroCorrales <[correo eliminado]>
Date:   Tue Feb 25 10:26:34 2025 +0100

    Nuevo modelo, feedback de acciones

commit 3e91bb1af2e1a46ccb26b6e63ddcdf404243fe98
Author: RaulNavarroCorrales <[correo eliminado]>
Date:   Mon Feb 24 10:21:48 2025 +0100

    Modelo accion agregado, icono personalizado del modulo

commit 1cc12d4537e7dfd993f2a69ed99234956c4fcaa1
Author: RaulNavarroCorrales <[correo eliminado]>
Date:   Fri Feb 21 14:12:15 2025 +0100

    M贸dulo sin errores

commit d3f9952a9112aae7463483757e16fb44b76b7b58
Author: RaulNavarroCorrales <[correo eliminado]>
Date:   Tue Feb 18 13:23:31 2025 +0100

    Bienestar actualizacion1

commit ef0bfe31e2997fba0f44dd1db0c1962bf822e699
Author: RaulNavarroCorrales <[correo eliminado]>
Date:   Mon Feb 3 09:55:16 2025 +0100

    Inicio de odoo

commit 11fe2e28ee936add32478c9c40337aff593ff572
Author: RaulNavarroCorrales <[correo eliminado]>
Date:   Mon Feb 3 09:38:53 2025 +0100

    Inicio de odoo
