commit 657372df88a29ccdba9ae5b4f216574b7082a95f
Author: alumnotd <[correo eliminado]>
Date:   Thu Feb 27 13:29:28 2025 +0100

    Añadimos algunos arrgelos para los tests

commit 7eee1130858339831c1e6c885699a54ac086260b
Author: alumnotd <[correo eliminado]>
Date:   Wed Feb 26 13:21:39 2025 +0100

    Implementacion de datos de prueba (Comprobar que se carguen los datos y el orden)

commit d93006a73d8fb124781b898aadf87c4433107e07
Author: alumnotd <[correo eliminado]>
Date:   Wed Feb 26 12:53:55 2025 +0100

    Agregacion de security , descomentacion de demo.xml y algunos arreglos de xml y python

commit a077479d74b1a41fdf2e8592c5d16f450a67c71d
Author: alumnotd <[correo eliminado]>
Date:   Wed Feb 26 10:55:08 2025 +0100

    Icono de modulo + fix de nombres en los tests

commit 13111b06ae09215a10a46b2228971dbde1c2bcc9
Author: alumnotd <[correo eliminado]>
Date:   Mon Feb 24 10:23:28 2025 +0100

    Terminar y arreglar modulo de equipos + añadir mantenimiento y marcas

commit 4b2c9c783eedd7a81d0e67ae9435ab9757f296d4
Author: alumnotd <[correo eliminado]>
Date:   Fri Feb 21 14:14:53 2025 +0100

    Nuevo modulo implementado (revisar errores)

commit e03999280e3e5ec501fa597eee6d485ffde3cbef
Author: alumnotd <[correo eliminado]>
Date:   Fri Feb 21 13:37:54 2025 +0100

    Ultimas correcciones de los nombres

commit 7303279432e4691727865a786d1d31bc524a1a98
Author: alumnotd <[correo eliminado]>
Date:   Fri Feb 21 13:09:19 2025 +0100

    Mas correcciones de nombres

commit 5a4740ec86087901fa2e143b581ee83236603613
Author: alumnotd <[correo eliminado]>
Date:   Fri Feb 21 12:48:12 2025 +0100

    Correccion de nombres de directorios y archivos 2.0

commit a135798f70f59957fa3c171fe038f2a760dbf53f
Author: alumnotd <[correo eliminado]>
Date:   Fri Feb 21 12:42:37 2025 +0100

    Terminologia de nombres corregidas + fallos

commit 8a15827b20a15d775ad5791817c78b0126f3f7ca
Author: alumnotd <[correo eliminado]>
Date:   Mon Feb 17 10:29:34 2025 +0100

    Primer modulo

commit fc10c4fb09ab17eb97098c4172eb0640b1d3e34d
Author: alumnotd <[correo eliminado]>
Date:   Mon Feb 17 09:24:14 2025 +0100

    Incicializacion del proyecto propio en odoo
