commit bca06757e6f1ae50388a56c5ce8fc210738e8ff8
Author: Samuel <[correo eliminado]>
Date:   Wed Feb 26 22:00:27 2025 +0100

    Campos calculados en entrenamiento y sede

commit e6883dca363d4af028163183a39f57aa94d1602d
Author: leumas13 <[correo eliminado]>
Date:   Wed Feb 26 12:26:51 2025 +0100

    kanban y calendar entrenamientos

commit d9a10e4aa30171e482ef3289d1f4a368b2e12887
Author: leumas13 <[correo eliminado]>
Date:   Tue Feb 25 14:10:07 2025 +0100

    falta arreglar tipo de entrenamiento  y kanban a  medias

commit c5140155bfb85d599ea4b4599ea6c9a2faed6be5
Author: leumas13 <[correo eliminado]>
Date:   Tue Feb 25 13:28:18 2025 +0100

    Configuracion inicial

commit a12ccee69cf3aeed01df235499b7b2fad714eda0
Author: leumas13 <[correo eliminado]>
Date:   Tue Feb 25 13:13:32 2025 +0100

    Revert "Revert "Crear volumen terceros para saltar el test de aplicacion extra""
    
    This reverts commit ebeb721286458e35a36a6ea48036a5e006f6469f.

commit 4850ddd465c72e1203b3ef3372c718582c20a3f0
Author: leumas13 <[correo eliminado]>
Date:   Tue Feb 25 13:11:48 2025 +0100

    Revert "recuperar yml"
    
    This reverts commit 363194043dec515cfd28af9b988c6c254dba7def.

commit ebeb721286458e35a36a6ea48036a5e006f6469f
Author: leumas13 <[correo eliminado]>
Date:   Tue Feb 25 13:09:17 2025 +0100

    Revert "Crear volumen terceros para saltar el test de aplicacion extra"
    
    This reverts commit ad14a8f36b9e88a3073dd48568bdbedc225fa38b.

commit d146409d71303bc29baa17db8315f31aed7410f4
Author: leumas13 <[correo eliminado]>
Date:   Tue Feb 25 12:39:46 2025 +0100

    vuelta al original

commit 2c89ca82224f2562703da2004641f37e9c1bb9e2
Author: leumas13 <[correo eliminado]>
Date:   Tue Feb 25 09:35:12 2025 +0100

    segundo intento saltar test

commit a1600f5ee43deb40d52ce1bb1a65397019a8e9e8
Author: = <[correo eliminado]>
Date:   Mon Feb 24 17:33:14 2025 +0100

    corregir warning kanban

commit 7db3b8fe63b735205671268351ab266db0094487
Author: leumas13 <[correo eliminado]>
Date:   Mon Feb 24 10:07:01 2025 +0100

    comprobacion carpeta terceros

commit ad14a8f36b9e88a3073dd48568bdbedc225fa38b
Author: = <[correo eliminado]>
Date:   Sun Feb 23 21:44:06 2025 +0100

    Crear volumen terceros para saltar el test de aplicacion extra

commit 363194043dec515cfd28af9b988c6c254dba7def
Author: Samuel <[correo eliminado]>
Date:   Sat Feb 22 23:23:56 2025 +0100

    recuperar yml

commit c17036c9806acfb951a227aa23874d4937898df6
Author: Samuel <[correo eliminado]>
Date:   Sat Feb 22 23:20:02 2025 +0100

    Datos de demo

commit f28e68ccd616e1ff08a7c20047c574f39c0a2ebb
Author: leumas13 <[correo eliminado]>
Date:   Fri Feb 21 09:55:58 2025 +0100

    error anidamiento arreglado

commit 2da1fd25a14fa1502dc7c73376b6af03189df64e
Author: leumas13 <[correo eliminado]>
Date:   Fri Feb 21 09:45:16 2025 +0100

    Primer Kanban basico

commit b95338a321482543a043a5848f38de0dac6656d2
Author: leumas13 <[correo eliminado]>
Date:   Thu Feb 20 11:11:24 2025 +0100

    Menus y anidamiento

commit 613cffa751616413f5f7a846ff0a07bb940dc3f9
Author: leumas13 <[correo eliminado]>
Date:   Wed Feb 19 13:48:01 2025 +0100

    eliminar comentarios de demo

commit 4a060f8c278791326db0bab44f9f6e9f3ef1a7fa
Author: leumas13 <[correo eliminado]>
Date:   Tue Feb 18 13:54:13 2025 +0100

    many2many, yml. Pendiente de crear herencia

commit e871e481ef74132f3c7ec305ef7343371a4160b3
Author: leumas13 <[correo eliminado]>
Date:   Fri Feb 14 14:15:25 2025 +0100

    relación de ciudad y sede

commit d5a217dc78871800577b92fdfe84f6d659ff8bd3
Author: leumas13 <[correo eliminado]>
Date:   Fri Feb 14 13:15:34 2025 +0100

    Instalacion toponimos y relacion de entrenamiento - sede

commit 58cb952e606426adad373102b826cc781697beb6
Author: leumas13 <[correo eliminado]>
Date:   Thu Feb 13 12:15:24 2025 +0100

    permisos(revisar, no estan completos

commit a48862537820ff612b10806a38d2292af62b5283
Author: leumas13 <[correo eliminado]>
Date:   Tue Feb 11 14:13:50 2025 +0100

    Menu y primer dato de demo con error line2

commit 7ef9af78d0ca8600ce11c4ddf25ac6379f5d2a33
Author: = <[correo eliminado]>
Date:   Fri Feb 7 17:47:03 2025 +0100

    creacion vistas tree y form a falta de one2many etc

commit defa50809257e001738eb5c1f31e032c6a086a81
Author: leumas13 <[correo eliminado]>
Date:   Fri Feb 7 14:14:08 2025 +0100

    creacion ficheros vistas

commit 65bb67823e3bf8b78245c292bf39e6420a891035
Author: leumas13 <[correo eliminado]>
Date:   Fri Feb 7 14:09:26 2025 +0100

    creacion clases jamboree

commit 99f42d65db372f80f18646ac4208c36328dc831f
Author: leumas13 <[correo eliminado]>
Date:   Fri Feb 7 13:21:54 2025 +0100

    Creacion de vistas en sge_libreria

commit 966496ceb78ed3d1453d230b1808e2eb401a0d22
Author: leumas13 <[correo eliminado]>
Date:   Fri Jan 31 10:11:31 2025 +0100

    creacion de libreria e inicio de stmg_jamboree

commit cc74711e8e0461ddae94c775e78ca05d1dd10943
Merge: c44854a 945c34b
Author: leumas13 <[correo eliminado]>
Date:   Fri Jan 31 08:39:25 2025 +0100

    Merge branch 'develop' of https://github.com/Leumas13/SGE-odoo-dev-14 into develop

commit c44854aad12fc9689b1b34eaf4e20db43dccbd94
Author: leumas13 <[correo eliminado]>
Date:   Fri Jan 31 08:39:22 2025 +0100

    ds

commit 945c34ba6e1692ca6b434de684034d2ec285c755
Merge: 7494a5d 78de40b
Author: Leumas13 <[correo eliminado]>
Date:   Fri Jan 31 08:38:37 2025 +0100

    Merge branch 'javnitram:main' into develop

commit 7494a5d3cbafea6137b7482d7d7aa4da92b0f02b
Author: leumas13 <[correo eliminado]>
Date:   Tue Jan 28 12:32:51 2025 +0100

    update permission
