commit 5941f0ff8475e98d86fdcc3ce123f25817a7bb08
Author: VictorMateo <[correo eliminado]>
Date:   Wed Feb 26 12:32:22 2025 +0100

    Final Version Data Demo

commit 764a443a83b9071f5871158326208aef4aa474b5
Author: VictorMateo <[correo eliminado]>
Date:   Fri Feb 21 10:20:55 2025 +0100

    New Demo Data

commit f3199463b9d8b80cc61157a9540a6346c36ba245
Author: VictorMateo <[correo eliminado]>
Date:   Fri Feb 21 09:43:14 2025 +0100

    Update Demo Data

commit e43286fb8f722c861bdb3bbc671b605003a93e6b
Author: VictorMateo <[correo eliminado]>
Date:   Tue Feb 18 14:07:06 2025 +0100

    Delete sge_libreria

commit df19d3f7c281c7319c0851d88bae1db051f3b113
Author: VictorMateo <[correo eliminado]>
Date:   Tue Feb 18 13:58:36 2025 +0100

    Final Views & Update Demo

commit 3fc52e8db10ea4209c4729e040b17f3cef01aab3
Author: VictorMateo <[correo eliminado]>
Date:   Tue Feb 11 14:13:53 2025 +0100

    Update Views

commit a8fc0a5833cc196728902fdf9d14ae9a87f1c6e6
Author: VictorMateo <[correo eliminado]>
Date:   Fri Jan 31 08:58:20 2025 +0100

    Delete controllers 31/01/2025

commit 27229e3d68cebb031e6b9d0165061e1b94d914cc
Merge: 7f6d56a 78de40b
Author: victormateo1 <[correo eliminado]>
Date:   Fri Jan 31 08:38:01 2025 +0100

    Merge branch 'javnitram:main' into develop

commit 7f6d56a41935985a7908559fe2019569e017b999
Author: VictorMateo <[correo eliminado]>
Date:   Tue Jan 28 13:22:10 2025 +0100

    Update container_name

commit 0ba0f7d1d7335789cc2bc25733c7959b17961a70
Author: VictorMateo <[correo eliminado]>
Date:   Tue Jan 28 12:46:27 2025 +0100

    Update LICENSE

commit 4f4e86ad7c6613e5e88fb02c9a96a55dfc380c26
Author: VictorMateo <[correo eliminado]>
Date:   Tue Jan 28 12:38:15 2025 +0100

    Update files
